19-Jan-2025 19:23:19.462 INFORMATION [main] org.apache.catalina.startup.VersionLoggerListener.log Server Version:        Apache Tomcat/10.1.30
19-Jan-2025 19:23:19.465 INFORMATION [main] org.apache.catalina.startup.VersionLoggerListener.log Server built:          Sep 13 2024 20:26:16 UTC
19-Jan-2025 19:23:19.465 INFORMATION [main] org.apache.catalina.startup.VersionLoggerListener.log Server version number: 10.1.30.0
19-Jan-2025 19:23:19.465 INFORMATION [main] org.apache.catalina.startup.VersionLoggerListener.log OS Name:               Mac OS X
19-Jan-2025 19:23:19.465 INFORMATION [main] org.apache.catalina.startup.VersionLoggerListener.log OS Version:            15.1.1
19-Jan-2025 19:23:19.465 INFORMATION [main] org.apache.catalina.startup.VersionLoggerListener.log Architektur:           aarch64
19-Jan-2025 19:23:19.465 INFORMATION [main] org.apache.catalina.startup.VersionLoggerListener.log Java Home:             /Library/Java/JavaVirtualMachines/zulu-21.jdk/Contents/Home
19-Jan-2025 19:23:19.465 INFORMATION [main] org.apache.catalina.startup.VersionLoggerListener.log JVM Version:           21.0.1+12-LTS
19-Jan-2025 19:23:19.465 INFORMATION [main] org.apache.catalina.startup.VersionLoggerListener.log JVM Hersteller:        Azul Systems, Inc.
19-Jan-2025 19:23:19.465 INFORMATION [main] org.apache.catalina.startup.VersionLoggerListener.log CATALINA_BASE:         /Users/yseibert/Documents/Studium/Informatik/Bachelor/Thesis/Server/server/apache-tomcat-10.1.30
19-Jan-2025 19:23:19.465 INFORMATION [main] org.apache.catalina.startup.VersionLoggerListener.log CATALINA_HOME:         /Users/yseibert/Documents/Studium/Informatik/Bachelor/Thesis/Server/server/apache-tomcat-10.1.30
19-Jan-2025 19:23:19.479 INFORMATION [main] org.apache.catalina.startup.VersionLoggerListener.log Command line argument: -Djava.util.logging.config.file=./server/apache-tomcat-10.1.30/conf/logging.properties
19-Jan-2025 19:23:19.479 INFORMATION [main] org.apache.catalina.startup.VersionLoggerListener.log Command line argument: -Djava.util.logging.manager=org.apache.juli.ClassLoaderLogManager
19-Jan-2025 19:23:19.479 INFORMATION [main] org.apache.catalina.startup.VersionLoggerListener.log Command line argument: -Djdk.tls.ephemeralDHKeySize=2048
19-Jan-2025 19:23:19.479 INFORMATION [main] org.apache.catalina.startup.VersionLoggerListener.log Command line argument: -Djava.protocol.handler.pkgs=org.apache.catalina.webresources
19-Jan-2025 19:23:19.479 INFORMATION [main] org.apache.catalina.startup.VersionLoggerListener.log Command line argument: -Dorg.apache.catalina.security.SecurityListener.UMASK=0027
19-Jan-2025 19:23:19.479 INFORMATION [main] org.apache.catalina.startup.VersionLoggerListener.log Command line argument: --add-opens=java.base/java.lang=ALL-UNNAMED
19-Jan-2025 19:23:19.479 INFORMATION [main] org.apache.catalina.startup.VersionLoggerListener.log Command line argument: --add-opens=java.base/java.io=ALL-UNNAMED
19-Jan-2025 19:23:19.479 INFORMATION [main] org.apache.catalina.startup.VersionLoggerListener.log Command line argument: --add-opens=java.base/java.util=ALL-UNNAMED
19-Jan-2025 19:23:19.479 INFORMATION [main] org.apache.catalina.startup.VersionLoggerListener.log Command line argument: --add-opens=java.base/java.util.concurrent=ALL-UNNAMED
19-Jan-2025 19:23:19.479 INFORMATION [main] org.apache.catalina.startup.VersionLoggerListener.log Command line argument: --add-opens=java.rmi/sun.rmi.transport=ALL-UNNAMED
19-Jan-2025 19:23:19.479 INFORMATION [main] org.apache.catalina.startup.VersionLoggerListener.log Command line argument: -Xmx512m
19-Jan-2025 19:23:19.479 INFORMATION [main] org.apache.catalina.startup.VersionLoggerListener.log Command line argument: -Dcatalina.base=./server/apache-tomcat-10.1.30
19-Jan-2025 19:23:19.479 INFORMATION [main] org.apache.catalina.startup.VersionLoggerListener.log Command line argument: -Dcatalina.home=./server/apache-tomcat-10.1.30
19-Jan-2025 19:23:19.479 INFORMATION [main] org.apache.catalina.startup.VersionLoggerListener.log Command line argument: -Djava.io.tmpdir=./server/apache-tomcat-10.1.30/temp
19-Jan-2025 19:23:19.485 INFORMATION [main] org.apache.catalina.core.AprLifecycleListener.lifecycleEvent The Apache Tomcat Native library which allows using OpenSSL was not found on the java.library.path: [/Users/yseibert/Library/Java/Extensions:/Library/Java/Extensions:/Network/Library/Java/Extensions:/System/Library/Java/Extensions:/usr/lib/java:.]
19-Jan-2025 19:23:19.640 INFORMATION [main] org.apache.coyote.AbstractProtocol.init Initialisiere ProtocolHandler["http-nio-8080"]
19-Jan-2025 19:23:19.661 INFORMATION [main] org.apache.catalina.startup.Catalina.load Server initialization in [327] milliseconds
19-Jan-2025 19:23:19.970 INFORMATION [main] org.camunda.commons.logging.BaseLogger.logInfo ENGINE-08046 Found Camunda Platform configuration in CATALINA_BASE/CATALINA_HOME conf directory [/Users/yseibert/Documents/Studium/Informatik/Bachelor/Thesis/Server/server/apache-tomcat-10.1.30/conf/bpm-platform.xml] at 'file:/Users/yseibert/Documents/Studium/Informatik/Bachelor/Thesis/Server/server/apache-tomcat-10.1.30/conf/bpm-platform.xml'
19-Jan-2025 19:23:20.044 INFORMATION [main] org.camunda.commons.logging.BaseLogger.logInfo ENGINE-12003 Plugin 'ProcessApplicationEventListenerPlugin' activated on process engine 'default'
19-Jan-2025 19:23:20.046 INFORMATION [main] org.camunda.commons.logging.BaseLogger.logInfo ENGINE-12003 Plugin 'SpinProcessEnginePlugin' activated on process engine 'default'
19-Jan-2025 19:23:20.048 INFORMATION [main] org.camunda.commons.logging.BaseLogger.logInfo SPIN-01010 Discovered Spin data format provider: org.camunda.spin.impl.json.jackson.format.JacksonJsonDataFormatProvider[name = application/json]
19-Jan-2025 19:23:20.125 INFORMATION [main] org.camunda.commons.logging.BaseLogger.logInfo SPIN-01010 Discovered Spin data format provider: org.camunda.spin.impl.xml.dom.format.DomXmlDataFormatProvider[name = application/xml]
19-Jan-2025 19:23:20.171 INFORMATION [main] org.camunda.commons.logging.BaseLogger.logInfo SPIN-01009 Discovered Spin data format: org.camunda.spin.impl.xml.dom.format.DomXmlDataFormat[name = application/xml]
19-Jan-2025 19:23:20.171 INFORMATION [main] org.camunda.commons.logging.BaseLogger.logInfo SPIN-01009 Discovered Spin data format: org.camunda.spin.impl.json.jackson.format.JacksonJsonDataFormat[name = application/json]
19-Jan-2025 19:23:20.171 INFORMATION [main] org.camunda.commons.logging.BaseLogger.logInfo ENGINE-12003 Plugin 'ConnectProcessEnginePlugin' activated on process engine 'default'
19-Jan-2025 19:23:20.274 INFORMATION [main] org.camunda.commons.logging.BaseLogger.logInfo CNCT-01004 Discovered provider for connector id 'http-connector' and class 'org.camunda.connect.httpclient.impl.HttpConnectorImpl': 'org.camunda.connect.httpclient.impl.HttpConnectorProviderImpl'
19-Jan-2025 19:23:20.275 INFORMATION [main] org.camunda.commons.logging.BaseLogger.logInfo CNCT-01004 Discovered provider for connector id 'soap-http-connector' and class 'org.camunda.connect.httpclient.soap.impl.SoapHttpConnectorImpl': 'org.camunda.connect.httpclient.soap.impl.SoapHttpConnectorProviderImpl'
19-Jan-2025 19:23:20.344 INFORMATION [main] org.camunda.commons.logging.BaseLogger.logInfo FEEL/SCALA-01001 Spin value mapper detected
19-Jan-2025 19:23:20.399 INFORMATION [main] org.camunda.feel.FeelEngine.<init> Engine created. [value-mapper: CompositeValueMapper(List(org.camunda.feel.impl.JavaValueMapper@58f39564, org.camunda.spin.plugin.impl.feel.integration.SpinValueMapper@7b948f3e)), function-provider: org.camunda.bpm.dmn.feel.impl.scala.function.CustomFunctionTransformer@17f3eefb, clock: SystemClock, configuration: {externalFunctionsEnabled: false}]
19-Jan-2025 19:23:21.363 INFORMATION [main] org.camunda.commons.logging.BaseLogger.logInfo ENGINE-00001 Process Engine default created.
19-Jan-2025 19:23:21.363 INFORMATION [main] org.camunda.commons.logging.BaseLogger.logInfo ENGINE-14014 Starting up the JobExecutor[org.camunda.bpm.engine.impl.jobexecutor.RuntimeContainerJobExecutor].
19-Jan-2025 19:23:21.364 INFORMATION [Thread-3] org.camunda.commons.logging.BaseLogger.logInfo ENGINE-14018 JobExecutor[org.camunda.bpm.engine.impl.jobexecutor.RuntimeContainerJobExecutor] starting to acquire jobs
19-Jan-2025 19:23:21.364 INFORMATION [main] org.camunda.commons.logging.BaseLogger.logInfo ENGINE-08048 Camunda Platform sucessfully started at 'Apache Tomcat/10.1.30'.
19-Jan-2025 19:23:21.373 INFORMATION [main] org.apache.catalina.core.StandardService.startInternal Starting service [Catalina]
19-Jan-2025 19:23:21.373 INFORMATION [main] org.apache.catalina.core.StandardEngine.startInternal Starting Servlet engine: [Apache Tomcat/10.1.30]
19-Jan-2025 19:23:21.377 INFORMATION [main] org.apache.catalina.startup.HostConfig.deployDirectory Deploye Web-Applikations-Verzeichnis [/Users/yseibert/Documents/Studium/Informatik/Bachelor/Thesis/Server/server/apache-tomcat-10.1.30/webapps/camunda-welcome]
19-Jan-2025 19:23:23.003 INFORMATION [main] org.apache.jasper.servlet.TldScanner.scanJars At least one JAR was scanned for TLDs yet contained no TLDs. Enable debug logging for this logger for a complete list of JARs that were scanned but no TLDs were found in them. Skipping unneeded JARs during scanning can improve startup time and JSP compilation time.
19-Jan-2025 19:23:23.017 INFORMATION [main] org.apache.catalina.startup.HostConfig.deployDirectory Deployment of web application directory [/Users/yseibert/Documents/Studium/Informatik/Bachelor/Thesis/Server/server/apache-tomcat-10.1.30/webapps/camunda-welcome] has finished in [1.640] ms
19-Jan-2025 19:23:23.017 INFORMATION [main] org.apache.catalina.startup.HostConfig.deployDirectory Deploye Web-Applikations-Verzeichnis [/Users/yseibert/Documents/Studium/Informatik/Bachelor/Thesis/Server/server/apache-tomcat-10.1.30/webapps/engine-rest]
19-Jan-2025 19:23:24.499 INFORMATION [main] org.apache.jasper.servlet.TldScanner.scanJars At least one JAR was scanned for TLDs yet contained no TLDs. Enable debug logging for this logger for a complete list of JARs that were scanned but no TLDs were found in them. Skipping unneeded JARs during scanning can improve startup time and JSP compilation time.
19-Jan-2025 19:23:24.592 INFORMATION [main] org.apache.catalina.startup.HostConfig.deployDirectory Deployment of web application directory [/Users/yseibert/Documents/Studium/Informatik/Bachelor/Thesis/Server/server/apache-tomcat-10.1.30/webapps/engine-rest] has finished in [1.575] ms
19-Jan-2025 19:23:24.593 INFORMATION [main] org.apache.catalina.startup.HostConfig.deployDirectory Deploye Web-Applikations-Verzeichnis [/Users/yseibert/Documents/Studium/Informatik/Bachelor/Thesis/Server/server/apache-tomcat-10.1.30/webapps/camunda]
19-Jan-2025 19:23:26.066 INFORMATION [main] org.apache.jasper.servlet.TldScanner.scanJars At least one JAR was scanned for TLDs yet contained no TLDs. Enable debug logging for this logger for a complete list of JARs that were scanned but no TLDs were found in them. Skipping unneeded JARs during scanning can improve startup time and JSP compilation time.
19-Jan-2025 19:23:26.277 INFORMATION [main] org.apache.catalina.startup.HostConfig.deployDirectory Deployment of web application directory [/Users/yseibert/Documents/Studium/Informatik/Bachelor/Thesis/Server/server/apache-tomcat-10.1.30/webapps/camunda] has finished in [1.683] ms
19-Jan-2025 19:23:26.277 INFORMATION [main] org.apache.catalina.startup.HostConfig.deployDirectory Deploye Web-Applikations-Verzeichnis [/Users/yseibert/Documents/Studium/Informatik/Bachelor/Thesis/Server/server/apache-tomcat-10.1.30/webapps/docs]
19-Jan-2025 19:23:27.556 INFORMATION [main] org.apache.jasper.servlet.TldScanner.scanJars At least one JAR was scanned for TLDs yet contained no TLDs. Enable debug logging for this logger for a complete list of JARs that were scanned but no TLDs were found in them. Skipping unneeded JARs during scanning can improve startup time and JSP compilation time.
19-Jan-2025 19:23:27.557 INFORMATION [main] org.apache.catalina.startup.HostConfig.deployDirectory Deployment of web application directory [/Users/yseibert/Documents/Studium/Informatik/Bachelor/Thesis/Server/server/apache-tomcat-10.1.30/webapps/docs] has finished in [1.280] ms
19-Jan-2025 19:23:27.557 INFORMATION [main] org.apache.catalina.startup.HostConfig.deployDirectory Deploye Web-Applikations-Verzeichnis [/Users/yseibert/Documents/Studium/Informatik/Bachelor/Thesis/Server/server/apache-tomcat-10.1.30/webapps/manager]
19-Jan-2025 19:23:28.817 INFORMATION [main] org.apache.jasper.servlet.TldScanner.scanJars At least one JAR was scanned for TLDs yet contained no TLDs. Enable debug logging for this logger for a complete list of JARs that were scanned but no TLDs were found in them. Skipping unneeded JARs during scanning can improve startup time and JSP compilation time.
19-Jan-2025 19:23:28.821 INFORMATION [main] org.apache.catalina.startup.HostConfig.deployDirectory Deployment of web application directory [/Users/yseibert/Documents/Studium/Informatik/Bachelor/Thesis/Server/server/apache-tomcat-10.1.30/webapps/manager] has finished in [1.264] ms
19-Jan-2025 19:23:28.821 INFORMATION [main] org.apache.catalina.startup.HostConfig.deployDirectory Deploye Web-Applikations-Verzeichnis [/Users/yseibert/Documents/Studium/Informatik/Bachelor/Thesis/Server/server/apache-tomcat-10.1.30/webapps/camunda-invoice]
19-Jan-2025 19:23:30.035 INFORMATION [main] org.apache.jasper.servlet.TldScanner.scanJars At least one JAR was scanned for TLDs yet contained no TLDs. Enable debug logging for this logger for a complete list of JARs that were scanned but no TLDs were found in them. Skipping unneeded JARs during scanning can improve startup time and JSP compilation time.
19-Jan-2025 19:23:30.036 INFORMATION [main] org.camunda.commons.logging.BaseLogger.logInfo ENGINE-07015 Detected @ProcessApplication class 'org.camunda.bpm.example.invoice.InvoiceProcessApplication'
19-Jan-2025 19:23:30.040 INFORMATION [main] org.camunda.commons.logging.BaseLogger.logInfo ENGINE-08024 Found processes.xml file at file:/Users/yseibert/Documents/Studium/Informatik/Bachelor/Thesis/Server/server/apache-tomcat-10.1.30/webapps/camunda-invoice/WEB-INF/classes/META-INF/processes.xml
19-Jan-2025 19:23:30.055 INFORMATION [main] org.camunda.commons.logging.BaseLogger.logInfo ENGINE-08023 Deployment summary for process archive 'InvoiceProcessApplication': 

        invoiceBusinessDecisions.dmn
        invoice.v2.bpmn

19-Jan-2025 19:23:30.189 INFORMATION [main] org.camunda.commons.logging.BaseLogger.logInfo ENGINE-07021 ProcessApplication 'InvoiceProcessApplication' registered for DB deployments [c1c3a021-b57c-11ef-b0f8-7ec43c09911f, c1a96157-b57c-11ef-b0f8-7ec43c09911f]. Will execute process definitions 

        invoice[version: 2, id: invoice:2:c1c574e4-b57c-11ef-b0f8-7ec43c09911f]
        ReviewInvoice[version: 1, id: ReviewInvoice:1:c1b3c19d-b57c-11ef-b0f8-7ec43c09911f]
        invoice[version: 1, id: invoice:1:c1b3255b-b57c-11ef-b0f8-7ec43c09911f]
Deployment does not provide any case definitions.
19-Jan-2025 19:23:30.191 INFORMATION [main] org.camunda.commons.logging.BaseLogger.logInfo SPIN-01010 Discovered Spin data format provider: org.camunda.spin.impl.json.jackson.format.JacksonJsonDataFormatProvider[name = application/json]
19-Jan-2025 19:23:30.192 INFORMATION [main] org.camunda.commons.logging.BaseLogger.logInfo SPIN-01010 Discovered Spin data format provider: org.camunda.spin.impl.xml.dom.format.DomXmlDataFormatProvider[name = application/xml]
19-Jan-2025 19:23:30.196 INFORMATION [main] org.camunda.commons.logging.BaseLogger.logInfo SPIN-01009 Discovered Spin data format: org.camunda.spin.impl.xml.dom.format.DomXmlDataFormat[name = application/xml]
19-Jan-2025 19:23:30.196 INFORMATION [main] org.camunda.commons.logging.BaseLogger.logInfo SPIN-01009 Discovered Spin data format: org.camunda.spin.impl.json.jackson.format.JacksonJsonDataFormat[name = application/json]
19-Jan-2025 19:23:30.231 INFORMATION [main] org.camunda.bpm.example.invoice.InvoiceApplicationHelper.startProcessInstances No new instances of Invoice Receipt version 1 started, there are 3 instances running
19-Jan-2025 19:23:30.248 INFORMATION [main] org.camunda.bpm.example.invoice.InvoiceApplicationHelper.startProcessInstances No new instances of Invoice Receipt version 2 started, there are 3 instances running
19-Jan-2025 19:23:30.248 INFORMATION [main] org.camunda.commons.logging.BaseLogger.logInfo ENGINE-08050 Process application InvoiceProcessApplication successfully deployed
19-Jan-2025 19:23:30.249 INFORMATION [main] org.apache.catalina.startup.HostConfig.deployDirectory Deployment of web application directory [/Users/yseibert/Documents/Studium/Informatik/Bachelor/Thesis/Server/server/apache-tomcat-10.1.30/webapps/camunda-invoice] has finished in [1.428] ms
19-Jan-2025 19:23:30.249 INFORMATION [main] org.apache.catalina.startup.HostConfig.deployDirectory Deploye Web-Applikations-Verzeichnis [/Users/yseibert/Documents/Studium/Informatik/Bachelor/Thesis/Server/server/apache-tomcat-10.1.30/webapps/examples]
19-Jan-2025 19:23:31.557 INFORMATION [main] org.apache.jasper.servlet.TldScanner.scanJars At least one JAR was scanned for TLDs yet contained no TLDs. Enable debug logging for this logger for a complete list of JARs that were scanned but no TLDs were found in them. Skipping unneeded JARs during scanning can improve startup time and JSP compilation time.
19-Jan-2025 19:23:31.565 INFORMATION [main] org.apache.catalina.startup.HostConfig.deployDirectory Deployment of web application directory [/Users/yseibert/Documents/Studium/Informatik/Bachelor/Thesis/Server/server/apache-tomcat-10.1.30/webapps/examples] has finished in [1.316] ms
19-Jan-2025 19:23:31.565 INFORMATION [main] org.apache.catalina.startup.HostConfig.deployDirectory Deploye Web-Applikations-Verzeichnis [/Users/yseibert/Documents/Studium/Informatik/Bachelor/Thesis/Server/server/apache-tomcat-10.1.30/webapps/ROOT]
19-Jan-2025 19:23:32.810 INFORMATION [main] org.apache.jasper.servlet.TldScanner.scanJars At least one JAR was scanned for TLDs yet contained no TLDs. Enable debug logging for this logger for a complete list of JARs that were scanned but no TLDs were found in them. Skipping unneeded JARs during scanning can improve startup time and JSP compilation time.
19-Jan-2025 19:23:32.812 INFORMATION [main] org.apache.catalina.startup.HostConfig.deployDirectory Deployment of web application directory [/Users/yseibert/Documents/Studium/Informatik/Bachelor/Thesis/Server/server/apache-tomcat-10.1.30/webapps/ROOT] has finished in [1.247] ms
19-Jan-2025 19:23:32.812 INFORMATION [main] org.apache.catalina.startup.HostConfig.deployDirectory Deploye Web-Applikations-Verzeichnis [/Users/yseibert/Documents/Studium/Informatik/Bachelor/Thesis/Server/server/apache-tomcat-10.1.30/webapps/host-manager]
19-Jan-2025 19:23:34.059 INFORMATION [main] org.apache.jasper.servlet.TldScanner.scanJars At least one JAR was scanned for TLDs yet contained no TLDs. Enable debug logging for this logger for a complete list of JARs that were scanned but no TLDs were found in them. Skipping unneeded JARs during scanning can improve startup time and JSP compilation time.
19-Jan-2025 19:23:34.061 INFORMATION [main] org.apache.catalina.startup.HostConfig.deployDirectory Deployment of web application directory [/Users/yseibert/Documents/Studium/Informatik/Bachelor/Thesis/Server/server/apache-tomcat-10.1.30/webapps/host-manager] has finished in [1.248] ms
19-Jan-2025 19:23:34.064 INFORMATION [main] org.apache.coyote.AbstractProtocol.start Starting ProtocolHandler ["http-nio-8080"]
19-Jan-2025 19:23:34.071 INFORMATION [main] org.apache.catalina.startup.Catalina.start Server startup in [14408] milliseconds
19-Jan-2025 19:23:41.602 INFO [http-nio-8080-exec-4] org.jboss.resteasy.core.ResteasyDeploymentImpl.processApplication RESTEASY002225: Deploying jakarta.ws.rs.core.Application: class org.camunda.bpm.engine.rest.impl.application.DefaultApplication
19-Jan-2025 19:23:41.609 INFO [http-nio-8080-exec-4] org.jboss.resteasy.core.ResteasyDeploymentImpl.processApplication RESTEASY002200: Adding class resource org.camunda.bpm.engine.rest.impl.NamedProcessEngineRestServiceImpl from Application class org.camunda.bpm.engine.rest.impl.application.DefaultApplication
19-Jan-2025 19:23:41.609 INFO [http-nio-8080-exec-4] org.jboss.resteasy.core.ResteasyDeploymentImpl.processApplication RESTEASY002205: Adding provider class org.camunda.bpm.engine.rest.exception.RestExceptionHandler from Application class org.camunda.bpm.engine.rest.impl.application.DefaultApplication
19-Jan-2025 19:23:41.609 INFO [http-nio-8080-exec-4] org.jboss.resteasy.core.ResteasyDeploymentImpl.processApplication RESTEASY002205: Adding provider class org.camunda.bpm.engine.rest.mapper.JacksonConfigurator from Application class org.camunda.bpm.engine.rest.impl.application.DefaultApplication
19-Jan-2025 19:23:41.609 INFO [http-nio-8080-exec-4] org.jboss.resteasy.core.ResteasyDeploymentImpl.processApplication RESTEASY002205: Adding provider class org.camunda.bpm.engine.rest.exception.ExceptionHandler from Application class org.camunda.bpm.engine.rest.impl.application.DefaultApplication
19-Jan-2025 19:23:41.609 INFO [http-nio-8080-exec-4] org.jboss.resteasy.core.ResteasyDeploymentImpl.processApplication RESTEASY002205: Adding provider class org.camunda.bpm.engine.rest.hal.JacksonHalJsonProvider from Application class org.camunda.bpm.engine.rest.impl.application.DefaultApplication
19-Jan-2025 19:23:41.610 INFO [http-nio-8080-exec-4] org.jboss.resteasy.core.ResteasyDeploymentImpl.processApplication RESTEASY002205: Adding provider class org.camunda.bpm.engine.rest.exception.JsonParseExceptionHandler from Application class org.camunda.bpm.engine.rest.impl.application.DefaultApplication
19-Jan-2025 19:23:41.610 INFO [http-nio-8080-exec-4] org.jboss.resteasy.core.ResteasyDeploymentImpl.processApplication RESTEASY002205: Adding provider class org.camunda.bpm.engine.rest.exception.JsonMappingExceptionHandler from Application class org.camunda.bpm.engine.rest.impl.application.DefaultApplication
19-Jan-2025 19:23:41.610 INFO [http-nio-8080-exec-4] org.jboss.resteasy.core.ResteasyDeploymentImpl.processApplication RESTEASY002205: Adding provider class com.fasterxml.jackson.jakarta.rs.json.JacksonJsonProvider from Application class org.camunda.bpm.engine.rest.impl.application.DefaultApplication
19-Jan-2025 19:23:41.610 INFO [http-nio-8080-exec-4] org.jboss.resteasy.core.ResteasyDeploymentImpl.processApplication RESTEASY002205: Adding provider class org.camunda.bpm.engine.rest.exception.ProcessEngineExceptionHandler from Application class org.camunda.bpm.engine.rest.impl.application.DefaultApplication
19-Jan-2025 19:23:41.610 INFO [http-nio-8080-exec-4] org.jboss.resteasy.core.ResteasyDeploymentImpl.processApplication RESTEASY002205: Adding provider class org.camunda.bpm.engine.rest.mapper.MultipartPayloadProvider from Application class org.camunda.bpm.engine.rest.impl.application.DefaultApplication
19-Jan-2025 19:23:41.610 INFO [http-nio-8080-exec-4] org.jboss.resteasy.core.ResteasyDeploymentImpl.processApplication RESTEASY002200: Adding class resource org.camunda.bpm.engine.rest.impl.DefaultProcessEngineRestServiceImpl from Application class org.camunda.bpm.engine.rest.impl.application.DefaultApplication
19-Jan-2025 19:33:34.209 INFO [http-nio-8080-exec-1] org.jboss.resteasy.core.ResteasyDeploymentImpl.processApplication RESTEASY002225: Deploying jakarta.ws.rs.core.Application: class org.camunda.bpm.webapp.impl.engine.EngineRestApplication
19-Jan-2025 19:33:34.225 INFO [http-nio-8080-exec-1] org.jboss.resteasy.core.ResteasyDeploymentImpl.processApplication RESTEASY002205: Adding provider class org.camunda.bpm.engine.rest.mapper.MultipartPayloadProvider from Application class org.camunda.bpm.webapp.impl.engine.EngineRestApplication
19-Jan-2025 19:33:34.225 INFO [http-nio-8080-exec-1] org.jboss.resteasy.core.ResteasyDeploymentImpl.processApplication RESTEASY002205: Adding provider class org.camunda.bpm.engine.rest.exception.ProcessEngineExceptionHandler from Application class org.camunda.bpm.webapp.impl.engine.EngineRestApplication
19-Jan-2025 19:33:34.225 INFO [http-nio-8080-exec-1] org.jboss.resteasy.core.ResteasyDeploymentImpl.processApplication RESTEASY002205: Adding provider class org.camunda.bpm.engine.rest.exception.JsonMappingExceptionHandler from Application class org.camunda.bpm.webapp.impl.engine.EngineRestApplication
19-Jan-2025 19:33:34.225 INFO [http-nio-8080-exec-1] org.jboss.resteasy.core.ResteasyDeploymentImpl.processApplication RESTEASY002205: Adding provider class org.camunda.bpm.engine.rest.exception.ExceptionHandler from Application class org.camunda.bpm.webapp.impl.engine.EngineRestApplication
19-Jan-2025 19:33:34.225 INFO [http-nio-8080-exec-1] org.jboss.resteasy.core.ResteasyDeploymentImpl.processApplication RESTEASY002205: Adding provider class org.camunda.bpm.engine.rest.mapper.JacksonConfigurator from Application class org.camunda.bpm.webapp.impl.engine.EngineRestApplication
19-Jan-2025 19:33:34.225 INFO [http-nio-8080-exec-1] org.jboss.resteasy.core.ResteasyDeploymentImpl.processApplication RESTEASY002205: Adding provider class org.camunda.bpm.engine.rest.exception.RestExceptionHandler from Application class org.camunda.bpm.webapp.impl.engine.EngineRestApplication
19-Jan-2025 19:33:34.225 INFO [http-nio-8080-exec-1] org.jboss.resteasy.core.ResteasyDeploymentImpl.processApplication RESTEASY002205: Adding provider class com.fasterxml.jackson.jakarta.rs.json.JacksonJsonProvider from Application class org.camunda.bpm.webapp.impl.engine.EngineRestApplication
19-Jan-2025 19:33:34.228 INFO [http-nio-8080-exec-1] org.jboss.resteasy.core.ResteasyDeploymentImpl.processApplication RESTEASY002200: Adding class resource org.camunda.bpm.engine.rest.impl.NamedProcessEngineRestServiceImpl from Application class org.camunda.bpm.webapp.impl.engine.EngineRestApplication
19-Jan-2025 19:33:34.228 INFO [http-nio-8080-exec-1] org.jboss.resteasy.core.ResteasyDeploymentImpl.processApplication RESTEASY002205: Adding provider class org.camunda.bpm.engine.rest.exception.JsonParseExceptionHandler from Application class org.camunda.bpm.webapp.impl.engine.EngineRestApplication
19-Jan-2025 19:33:34.228 INFO [http-nio-8080-exec-1] org.jboss.resteasy.core.ResteasyDeploymentImpl.processApplication RESTEASY002205: Adding provider class org.camunda.bpm.engine.rest.hal.JacksonHalJsonProvider from Application class org.camunda.bpm.webapp.impl.engine.EngineRestApplication
19-Jan-2025 21:00:52.109 INFO [http-nio-8080-exec-2] org.jboss.resteasy.core.ResteasyDeploymentImpl.processApplication RESTEASY002225: Deploying jakarta.ws.rs.core.Application: class org.camunda.bpm.admin.impl.web.AdminApplication
19-Jan-2025 21:00:52.116 INFO [http-nio-8080-exec-2] org.jboss.resteasy.core.ResteasyDeploymentImpl.processApplication RESTEASY002205: Adding provider class org.camunda.bpm.engine.rest.exception.ExceptionHandler from Application class org.camunda.bpm.admin.impl.web.AdminApplication
19-Jan-2025 21:00:52.116 INFO [http-nio-8080-exec-2] org.jboss.resteasy.core.ResteasyDeploymentImpl.processApplication RESTEASY002205: Adding provider class org.camunda.bpm.engine.rest.mapper.JacksonConfigurator from Application class org.camunda.bpm.admin.impl.web.AdminApplication
19-Jan-2025 21:00:52.116 INFO [http-nio-8080-exec-2] org.jboss.resteasy.core.ResteasyDeploymentImpl.processApplication RESTEASY002205: Adding provider class org.camunda.bpm.engine.rest.exception.RestExceptionHandler from Application class org.camunda.bpm.admin.impl.web.AdminApplication
19-Jan-2025 21:00:52.116 INFO [http-nio-8080-exec-2] org.jboss.resteasy.core.ResteasyDeploymentImpl.processApplication RESTEASY002205: Adding provider class com.fasterxml.jackson.jakarta.rs.json.JacksonJsonProvider from Application class org.camunda.bpm.admin.impl.web.AdminApplication
19-Jan-2025 21:00:52.116 INFO [http-nio-8080-exec-2] org.jboss.resteasy.core.ResteasyDeploymentImpl.processApplication RESTEASY002200: Adding class resource org.camunda.bpm.admin.impl.web.SetupResource from Application class org.camunda.bpm.admin.impl.web.AdminApplication
19-Jan-2025 21:00:52.116 INFO [http-nio-8080-exec-2] org.jboss.resteasy.core.ResteasyDeploymentImpl.processApplication RESTEASY002200: Adding class resource org.camunda.bpm.webapp.impl.security.auth.UserAuthenticationResource from Application class org.camunda.bpm.admin.impl.web.AdminApplication
19-Jan-2025 21:00:52.116 INFO [http-nio-8080-exec-2] org.jboss.resteasy.core.ResteasyDeploymentImpl.processApplication RESTEASY002200: Adding class resource org.camunda.bpm.admin.impl.plugin.resources.AdminPluginsRootResource from Application class org.camunda.bpm.admin.impl.web.AdminApplication
19-Jan-2025 21:27:32.927 INFO [http-nio-8080-exec-9] org.jboss.resteasy.core.ResteasyDeploymentImpl.processApplication RESTEASY002225: Deploying jakarta.ws.rs.core.Application: class org.camunda.bpm.cockpit.impl.web.CockpitApplication
19-Jan-2025 21:27:32.940 INFO [http-nio-8080-exec-9] org.jboss.resteasy.core.ResteasyDeploymentImpl.processApplication RESTEASY002205: Adding provider class org.camunda.bpm.engine.rest.exception.ExceptionHandler from Application class org.camunda.bpm.cockpit.impl.web.CockpitApplication
19-Jan-2025 21:27:32.941 INFO [http-nio-8080-exec-9] org.jboss.resteasy.core.ResteasyDeploymentImpl.processApplication RESTEASY002200: Adding class resource org.camunda.bpm.cockpit.impl.plugin.resources.BaseRootResource from Application class org.camunda.bpm.cockpit.impl.web.CockpitApplication
19-Jan-2025 21:27:32.941 INFO [http-nio-8080-exec-9] org.jboss.resteasy.core.ResteasyDeploymentImpl.processApplication RESTEASY002205: Adding provider class org.camunda.bpm.engine.rest.mapper.JacksonConfigurator from Application class org.camunda.bpm.cockpit.impl.web.CockpitApplication
19-Jan-2025 21:27:32.941 INFO [http-nio-8080-exec-9] org.jboss.resteasy.core.ResteasyDeploymentImpl.processApplication RESTEASY002205: Adding provider class org.camunda.bpm.engine.rest.exception.RestExceptionHandler from Application class org.camunda.bpm.cockpit.impl.web.CockpitApplication
19-Jan-2025 21:27:32.941 INFO [http-nio-8080-exec-9] org.jboss.resteasy.core.ResteasyDeploymentImpl.processApplication RESTEASY002205: Adding provider class com.fasterxml.jackson.jakarta.rs.json.JacksonJsonProvider from Application class org.camunda.bpm.cockpit.impl.web.CockpitApplication
19-Jan-2025 21:27:32.941 INFO [http-nio-8080-exec-9] org.jboss.resteasy.core.ResteasyDeploymentImpl.processApplication RESTEASY002200: Adding class resource org.camunda.bpm.cockpit.impl.plugin.resources.CockpitPluginsRootResource from Application class org.camunda.bpm.cockpit.impl.web.CockpitApplication
19-Jan-2025 21:33:20.732 INFO [http-nio-8080-exec-17] org.jboss.resteasy.core.ResteasyDeploymentImpl.processApplication RESTEASY002225: Deploying jakarta.ws.rs.core.Application: class org.camunda.bpm.tasklist.impl.web.TasklistApplication
19-Jan-2025 21:33:20.739 INFO [http-nio-8080-exec-17] org.jboss.resteasy.core.ResteasyDeploymentImpl.processApplication RESTEASY002205: Adding provider class org.camunda.bpm.engine.rest.exception.ExceptionHandler from Application class org.camunda.bpm.tasklist.impl.web.TasklistApplication
19-Jan-2025 21:33:20.739 INFO [http-nio-8080-exec-17] org.jboss.resteasy.core.ResteasyDeploymentImpl.processApplication RESTEASY002205: Adding provider class org.camunda.bpm.engine.rest.mapper.JacksonConfigurator from Application class org.camunda.bpm.tasklist.impl.web.TasklistApplication
19-Jan-2025 21:33:20.739 INFO [http-nio-8080-exec-17] org.jboss.resteasy.core.ResteasyDeploymentImpl.processApplication RESTEASY002205: Adding provider class org.camunda.bpm.engine.rest.exception.RestExceptionHandler from Application class org.camunda.bpm.tasklist.impl.web.TasklistApplication
19-Jan-2025 21:33:20.739 INFO [http-nio-8080-exec-17] org.jboss.resteasy.core.ResteasyDeploymentImpl.processApplication RESTEASY002205: Adding provider class com.fasterxml.jackson.jakarta.rs.json.JacksonJsonProvider from Application class org.camunda.bpm.tasklist.impl.web.TasklistApplication
19-Jan-2025 21:33:20.739 INFO [http-nio-8080-exec-17] org.jboss.resteasy.core.ResteasyDeploymentImpl.processApplication RESTEASY002200: Adding class resource org.camunda.bpm.tasklist.impl.plugin.resources.TasklistPluginsRootResource from Application class org.camunda.bpm.tasklist.impl.web.TasklistApplication
19-Jan-2025 22:04:47.916 INFORMATION [main] org.apache.catalina.core.StandardServer.await A valid shutdown command was received via the shutdown port. Stopping the Server instance.
19-Jan-2025 22:04:47.947 INFORMATION [main] org.camunda.commons.logging.BaseLogger.logInfo ENGINE-14015 Shutting down the JobExecutor[org.camunda.bpm.engine.impl.jobexecutor.RuntimeContainerJobExecutor]
19-Jan-2025 22:04:47.948 INFORMATION [Thread-3] org.camunda.commons.logging.BaseLogger.logInfo ENGINE-14020 JobExecutor[org.camunda.bpm.engine.impl.jobexecutor.RuntimeContainerJobExecutor] stopped job acquisition
19-Jan-2025 22:04:47.982 INFORMATION [main] org.camunda.commons.logging.BaseLogger.logInfo ENGINE-08051 Process application InvoiceProcessApplication undeployed
19-Jan-2025 22:04:47.985 INFORMATION [main] org.camunda.commons.logging.BaseLogger.logInfo ENGINE-00007 Process Engine default closed
19-Jan-2025 22:04:47.986 INFORMATION [main] org.camunda.commons.logging.BaseLogger.logInfo ENGINE-08049 Camunda Platform stopped at 'Apache Tomcat/10.1.30'
19-Jan-2025 22:04:47.986 INFORMATION [main] org.apache.coyote.AbstractProtocol.pause Pausing ProtocolHandler ["http-nio-8080"]
19-Jan-2025 22:04:48.993 INFORMATION [main] org.apache.catalina.core.StandardService.stopInternal Stopping service [Catalina]
19-Jan-2025 22:04:49.060 WARNUNG [main] org.camunda.commons.logging.BaseLogger.logWarn ENGINE-07017 Calling undeploy() on process application that is not deployed.
19-Jan-2025 22:04:49.094 INFORMATION [main] org.apache.coyote.AbstractProtocol.stop Stopping ProtocolHandler ["http-nio-8080"]
19-Jan-2025 22:04:49.700 WARNUNG [main] org.apache.tomcat.util.net.Acceptor.stopMillis The acceptor thread [http-nio-8080-Acceptor] did not stop cleanly
19-Jan-2025 22:04:49.712 INFORMATION [main] org.apache.coyote.AbstractProtocol.destroy Destroying ProtocolHandler ["http-nio-8080"]
