21-Jan-2025 23:20:58.113 INFORMATION [main] org.apache.catalina.startup.VersionLoggerListener.log Server Version:        Apache Tomcat/10.1.30
21-Jan-2025 23:20:58.115 INFORMATION [main] org.apache.catalina.startup.VersionLoggerListener.log Server built:          Sep 13 2024 20:26:16 UTC
21-Jan-2025 23:20:58.115 INFORMATION [main] org.apache.catalina.startup.VersionLoggerListener.log Server version number: 10.1.30.0
21-Jan-2025 23:20:58.116 INFORMATION [main] org.apache.catalina.startup.VersionLoggerListener.log OS Name:               Mac OS X
21-Jan-2025 23:20:58.116 INFORMATION [main] org.apache.catalina.startup.VersionLoggerListener.log OS Version:            15.1.1
21-Jan-2025 23:20:58.116 INFORMATION [main] org.apache.catalina.startup.VersionLoggerListener.log Architektur:           aarch64
21-Jan-2025 23:20:58.116 INFORMATION [main] org.apache.catalina.startup.VersionLoggerListener.log Java Home:             /Library/Java/JavaVirtualMachines/zulu-21.jdk/Contents/Home
21-Jan-2025 23:20:58.116 INFORMATION [main] org.apache.catalina.startup.VersionLoggerListener.log JVM Version:           21.0.1+12-LTS
21-Jan-2025 23:20:58.116 INFORMATION [main] org.apache.catalina.startup.VersionLoggerListener.log JVM Hersteller:        Azul Systems, Inc.
21-Jan-2025 23:20:58.116 INFORMATION [main] org.apache.catalina.startup.VersionLoggerListener.log CATALINA_BASE:         /Users/yseibert/Documents/Studium/Informatik/Bachelor/Thesis/Server/server/apache-tomcat-10.1.30
21-Jan-2025 23:20:58.116 INFORMATION [main] org.apache.catalina.startup.VersionLoggerListener.log CATALINA_HOME:         /Users/yseibert/Documents/Studium/Informatik/Bachelor/Thesis/Server/server/apache-tomcat-10.1.30
21-Jan-2025 23:20:58.132 INFORMATION [main] org.apache.catalina.startup.VersionLoggerListener.log Command line argument: -Djava.util.logging.config.file=./server/apache-tomcat-10.1.30/conf/logging.properties
21-Jan-2025 23:20:58.132 INFORMATION [main] org.apache.catalina.startup.VersionLoggerListener.log Command line argument: -Djava.util.logging.manager=org.apache.juli.ClassLoaderLogManager
21-Jan-2025 23:20:58.132 INFORMATION [main] org.apache.catalina.startup.VersionLoggerListener.log Command line argument: -Djdk.tls.ephemeralDHKeySize=2048
21-Jan-2025 23:20:58.132 INFORMATION [main] org.apache.catalina.startup.VersionLoggerListener.log Command line argument: -Djava.protocol.handler.pkgs=org.apache.catalina.webresources
21-Jan-2025 23:20:58.132 INFORMATION [main] org.apache.catalina.startup.VersionLoggerListener.log Command line argument: -Dorg.apache.catalina.security.SecurityListener.UMASK=0027
21-Jan-2025 23:20:58.132 INFORMATION [main] org.apache.catalina.startup.VersionLoggerListener.log Command line argument: --add-opens=java.base/java.lang=ALL-UNNAMED
21-Jan-2025 23:20:58.132 INFORMATION [main] org.apache.catalina.startup.VersionLoggerListener.log Command line argument: --add-opens=java.base/java.io=ALL-UNNAMED
21-Jan-2025 23:20:58.132 INFORMATION [main] org.apache.catalina.startup.VersionLoggerListener.log Command line argument: --add-opens=java.base/java.util=ALL-UNNAMED
21-Jan-2025 23:20:58.132 INFORMATION [main] org.apache.catalina.startup.VersionLoggerListener.log Command line argument: --add-opens=java.base/java.util.concurrent=ALL-UNNAMED
21-Jan-2025 23:20:58.132 INFORMATION [main] org.apache.catalina.startup.VersionLoggerListener.log Command line argument: --add-opens=java.rmi/sun.rmi.transport=ALL-UNNAMED
21-Jan-2025 23:20:58.132 INFORMATION [main] org.apache.catalina.startup.VersionLoggerListener.log Command line argument: -Xmx512m
21-Jan-2025 23:20:58.132 INFORMATION [main] org.apache.catalina.startup.VersionLoggerListener.log Command line argument: -Dcatalina.base=./server/apache-tomcat-10.1.30
21-Jan-2025 23:20:58.132 INFORMATION [main] org.apache.catalina.startup.VersionLoggerListener.log Command line argument: -Dcatalina.home=./server/apache-tomcat-10.1.30
21-Jan-2025 23:20:58.132 INFORMATION [main] org.apache.catalina.startup.VersionLoggerListener.log Command line argument: -Djava.io.tmpdir=./server/apache-tomcat-10.1.30/temp
21-Jan-2025 23:20:58.138 INFORMATION [main] org.apache.catalina.core.AprLifecycleListener.lifecycleEvent The Apache Tomcat Native library which allows using OpenSSL was not found on the java.library.path: [/Users/yseibert/Library/Java/Extensions:/Library/Java/Extensions:/Network/Library/Java/Extensions:/System/Library/Java/Extensions:/usr/lib/java:.]
21-Jan-2025 23:20:58.289 INFORMATION [main] org.apache.coyote.AbstractProtocol.init Initialisiere ProtocolHandler["http-nio-8080"]
21-Jan-2025 23:20:58.308 INFORMATION [main] org.apache.catalina.startup.Catalina.load Server initialization in [322] milliseconds
21-Jan-2025 23:20:58.605 INFORMATION [main] org.camunda.commons.logging.BaseLogger.logInfo ENGINE-08046 Found Camunda Platform configuration in CATALINA_BASE/CATALINA_HOME conf directory [/Users/yseibert/Documents/Studium/Informatik/Bachelor/Thesis/Server/server/apache-tomcat-10.1.30/conf/bpm-platform.xml] at 'file:/Users/yseibert/Documents/Studium/Informatik/Bachelor/Thesis/Server/server/apache-tomcat-10.1.30/conf/bpm-platform.xml'
21-Jan-2025 23:20:58.680 INFORMATION [main] org.camunda.commons.logging.BaseLogger.logInfo ENGINE-12003 Plugin 'ProcessApplicationEventListenerPlugin' activated on process engine 'default'
21-Jan-2025 23:20:58.683 INFORMATION [main] org.camunda.commons.logging.BaseLogger.logInfo ENGINE-12003 Plugin 'SpinProcessEnginePlugin' activated on process engine 'default'
21-Jan-2025 23:20:58.684 INFORMATION [main] org.camunda.commons.logging.BaseLogger.logInfo SPIN-01010 Discovered Spin data format provider: org.camunda.spin.impl.json.jackson.format.JacksonJsonDataFormatProvider[name = application/json]
21-Jan-2025 23:20:58.766 INFORMATION [main] org.camunda.commons.logging.BaseLogger.logInfo SPIN-01010 Discovered Spin data format provider: org.camunda.spin.impl.xml.dom.format.DomXmlDataFormatProvider[name = application/xml]
21-Jan-2025 23:20:58.816 INFORMATION [main] org.camunda.commons.logging.BaseLogger.logInfo SPIN-01009 Discovered Spin data format: org.camunda.spin.impl.xml.dom.format.DomXmlDataFormat[name = application/xml]
21-Jan-2025 23:20:58.816 INFORMATION [main] org.camunda.commons.logging.BaseLogger.logInfo SPIN-01009 Discovered Spin data format: org.camunda.spin.impl.json.jackson.format.JacksonJsonDataFormat[name = application/json]
21-Jan-2025 23:20:58.816 INFORMATION [main] org.camunda.commons.logging.BaseLogger.logInfo ENGINE-12003 Plugin 'ConnectProcessEnginePlugin' activated on process engine 'default'
21-Jan-2025 23:20:58.924 INFORMATION [main] org.camunda.commons.logging.BaseLogger.logInfo CNCT-01004 Discovered provider for connector id 'http-connector' and class 'org.camunda.connect.httpclient.impl.HttpConnectorImpl': 'org.camunda.connect.httpclient.impl.HttpConnectorProviderImpl'
21-Jan-2025 23:20:58.925 INFORMATION [main] org.camunda.commons.logging.BaseLogger.logInfo CNCT-01004 Discovered provider for connector id 'soap-http-connector' and class 'org.camunda.connect.httpclient.soap.impl.SoapHttpConnectorImpl': 'org.camunda.connect.httpclient.soap.impl.SoapHttpConnectorProviderImpl'
21-Jan-2025 23:20:58.992 INFORMATION [main] org.camunda.commons.logging.BaseLogger.logInfo FEEL/SCALA-01001 Spin value mapper detected
21-Jan-2025 23:20:59.044 INFORMATION [main] org.camunda.feel.FeelEngine.<init> Engine created. [value-mapper: CompositeValueMapper(List(org.camunda.feel.impl.JavaValueMapper@372ca2d6, org.camunda.spin.plugin.impl.feel.integration.SpinValueMapper@3204e238)), function-provider: org.camunda.bpm.dmn.feel.impl.scala.function.CustomFunctionTransformer@79a04e5f, clock: SystemClock, configuration: {externalFunctionsEnabled: false}]
21-Jan-2025 23:21:00.036 INFORMATION [main] org.camunda.commons.logging.BaseLogger.logInfo ENGINE-00001 Process Engine default created.
21-Jan-2025 23:21:00.037 INFORMATION [main] org.camunda.commons.logging.BaseLogger.logInfo ENGINE-14014 Starting up the JobExecutor[org.camunda.bpm.engine.impl.jobexecutor.RuntimeContainerJobExecutor].
21-Jan-2025 23:21:00.037 INFORMATION [Thread-3] org.camunda.commons.logging.BaseLogger.logInfo ENGINE-14018 JobExecutor[org.camunda.bpm.engine.impl.jobexecutor.RuntimeContainerJobExecutor] starting to acquire jobs
21-Jan-2025 23:21:00.038 INFORMATION [main] org.camunda.commons.logging.BaseLogger.logInfo ENGINE-08048 Camunda Platform sucessfully started at 'Apache Tomcat/10.1.30'.
21-Jan-2025 23:21:00.052 INFORMATION [main] org.apache.catalina.core.StandardService.startInternal Starting service [Catalina]
21-Jan-2025 23:21:00.052 INFORMATION [main] org.apache.catalina.core.StandardEngine.startInternal Starting Servlet engine: [Apache Tomcat/10.1.30]
21-Jan-2025 23:21:00.061 INFORMATION [main] org.apache.catalina.startup.HostConfig.deployDirectory Deploye Web-Applikations-Verzeichnis [/Users/yseibert/Documents/Studium/Informatik/Bachelor/Thesis/Server/server/apache-tomcat-10.1.30/webapps/camunda-welcome]
21-Jan-2025 23:21:01.857 INFORMATION [main] org.apache.jasper.servlet.TldScanner.scanJars At least one JAR was scanned for TLDs yet contained no TLDs. Enable debug logging for this logger for a complete list of JARs that were scanned but no TLDs were found in them. Skipping unneeded JARs during scanning can improve startup time and JSP compilation time.
21-Jan-2025 23:21:01.871 INFORMATION [main] org.apache.catalina.startup.HostConfig.deployDirectory Deployment of web application directory [/Users/yseibert/Documents/Studium/Informatik/Bachelor/Thesis/Server/server/apache-tomcat-10.1.30/webapps/camunda-welcome] has finished in [1.810] ms
21-Jan-2025 23:21:01.872 INFORMATION [main] org.apache.catalina.startup.HostConfig.deployDirectory Deploye Web-Applikations-Verzeichnis [/Users/yseibert/Documents/Studium/Informatik/Bachelor/Thesis/Server/server/apache-tomcat-10.1.30/webapps/engine-rest]
21-Jan-2025 23:21:03.555 INFORMATION [main] org.apache.jasper.servlet.TldScanner.scanJars At least one JAR was scanned for TLDs yet contained no TLDs. Enable debug logging for this logger for a complete list of JARs that were scanned but no TLDs were found in them. Skipping unneeded JARs during scanning can improve startup time and JSP compilation time.
21-Jan-2025 23:21:03.737 INFORMATION [main] org.apache.catalina.startup.HostConfig.deployDirectory Deployment of web application directory [/Users/yseibert/Documents/Studium/Informatik/Bachelor/Thesis/Server/server/apache-tomcat-10.1.30/webapps/engine-rest] has finished in [1.866] ms
21-Jan-2025 23:21:03.738 INFORMATION [main] org.apache.catalina.startup.HostConfig.deployDirectory Deploye Web-Applikations-Verzeichnis [/Users/yseibert/Documents/Studium/Informatik/Bachelor/Thesis/Server/server/apache-tomcat-10.1.30/webapps/camunda]
21-Jan-2025 23:21:05.868 INFORMATION [main] org.apache.jasper.servlet.TldScanner.scanJars At least one JAR was scanned for TLDs yet contained no TLDs. Enable debug logging for this logger for a complete list of JARs that were scanned but no TLDs were found in them. Skipping unneeded JARs during scanning can improve startup time and JSP compilation time.
21-Jan-2025 23:21:06.203 INFORMATION [main] org.apache.catalina.startup.HostConfig.deployDirectory Deployment of web application directory [/Users/yseibert/Documents/Studium/Informatik/Bachelor/Thesis/Server/server/apache-tomcat-10.1.30/webapps/camunda] has finished in [2.465] ms
21-Jan-2025 23:21:06.214 INFORMATION [main] org.apache.catalina.startup.HostConfig.deployDirectory Deploye Web-Applikations-Verzeichnis [/Users/yseibert/Documents/Studium/Informatik/Bachelor/Thesis/Server/server/apache-tomcat-10.1.30/webapps/docs]
21-Jan-2025 23:21:07.834 INFORMATION [main] org.apache.jasper.servlet.TldScanner.scanJars At least one JAR was scanned for TLDs yet contained no TLDs. Enable debug logging for this logger for a complete list of JARs that were scanned but no TLDs were found in them. Skipping unneeded JARs during scanning can improve startup time and JSP compilation time.
21-Jan-2025 23:21:07.839 INFORMATION [main] org.apache.catalina.startup.HostConfig.deployDirectory Deployment of web application directory [/Users/yseibert/Documents/Studium/Informatik/Bachelor/Thesis/Server/server/apache-tomcat-10.1.30/webapps/docs] has finished in [1.625] ms
21-Jan-2025 23:21:07.839 INFORMATION [main] org.apache.catalina.startup.HostConfig.deployDirectory Deploye Web-Applikations-Verzeichnis [/Users/yseibert/Documents/Studium/Informatik/Bachelor/Thesis/Server/server/apache-tomcat-10.1.30/webapps/manager]
21-Jan-2025 23:21:09.341 INFORMATION [main] org.apache.jasper.servlet.TldScanner.scanJars At least one JAR was scanned for TLDs yet contained no TLDs. Enable debug logging for this logger for a complete list of JARs that were scanned but no TLDs were found in them. Skipping unneeded JARs during scanning can improve startup time and JSP compilation time.
21-Jan-2025 23:21:09.347 INFORMATION [main] org.apache.catalina.startup.HostConfig.deployDirectory Deployment of web application directory [/Users/yseibert/Documents/Studium/Informatik/Bachelor/Thesis/Server/server/apache-tomcat-10.1.30/webapps/manager] has finished in [1.507] ms
21-Jan-2025 23:21:09.347 INFORMATION [main] org.apache.catalina.startup.HostConfig.deployDirectory Deploye Web-Applikations-Verzeichnis [/Users/yseibert/Documents/Studium/Informatik/Bachelor/Thesis/Server/server/apache-tomcat-10.1.30/webapps/camunda-invoice]
21-Jan-2025 23:21:10.786 INFORMATION [main] org.apache.jasper.servlet.TldScanner.scanJars At least one JAR was scanned for TLDs yet contained no TLDs. Enable debug logging for this logger for a complete list of JARs that were scanned but no TLDs were found in them. Skipping unneeded JARs during scanning can improve startup time and JSP compilation time.
21-Jan-2025 23:21:10.787 INFORMATION [main] org.camunda.commons.logging.BaseLogger.logInfo ENGINE-07015 Detected @ProcessApplication class 'org.camunda.bpm.example.invoice.InvoiceProcessApplication'
21-Jan-2025 23:21:10.793 INFORMATION [main] org.camunda.commons.logging.BaseLogger.logInfo ENGINE-08024 Found processes.xml file at file:/Users/yseibert/Documents/Studium/Informatik/Bachelor/Thesis/Server/server/apache-tomcat-10.1.30/webapps/camunda-invoice/WEB-INF/classes/META-INF/processes.xml
21-Jan-2025 23:21:10.820 INFORMATION [main] org.camunda.commons.logging.BaseLogger.logInfo ENGINE-08023 Deployment summary for process archive 'InvoiceProcessApplication': 

        invoiceBusinessDecisions.dmn
        invoice.v2.bpmn

21-Jan-2025 23:21:11.050 INFORMATION [main] org.camunda.commons.logging.BaseLogger.logInfo ENGINE-07021 ProcessApplication 'InvoiceProcessApplication' registered for DB deployments [c1c3a021-b57c-11ef-b0f8-7ec43c09911f, c1a96157-b57c-11ef-b0f8-7ec43c09911f]. Will execute process definitions 

        invoice[version: 2, id: invoice:2:c1c574e4-b57c-11ef-b0f8-7ec43c09911f]
        ReviewInvoice[version: 1, id: ReviewInvoice:1:c1b3c19d-b57c-11ef-b0f8-7ec43c09911f]
        invoice[version: 1, id: invoice:1:c1b3255b-b57c-11ef-b0f8-7ec43c09911f]
Deployment does not provide any case definitions.
21-Jan-2025 23:21:11.053 INFORMATION [main] org.camunda.commons.logging.BaseLogger.logInfo SPIN-01010 Discovered Spin data format provider: org.camunda.spin.impl.json.jackson.format.JacksonJsonDataFormatProvider[name = application/json]
21-Jan-2025 23:21:11.055 INFORMATION [main] org.camunda.commons.logging.BaseLogger.logInfo SPIN-01010 Discovered Spin data format provider: org.camunda.spin.impl.xml.dom.format.DomXmlDataFormatProvider[name = application/xml]
21-Jan-2025 23:21:11.063 INFORMATION [main] org.camunda.commons.logging.BaseLogger.logInfo SPIN-01009 Discovered Spin data format: org.camunda.spin.impl.xml.dom.format.DomXmlDataFormat[name = application/xml]
21-Jan-2025 23:21:11.063 INFORMATION [main] org.camunda.commons.logging.BaseLogger.logInfo SPIN-01009 Discovered Spin data format: org.camunda.spin.impl.json.jackson.format.JacksonJsonDataFormat[name = application/json]
21-Jan-2025 23:21:11.099 INFORMATION [main] org.camunda.bpm.example.invoice.InvoiceApplicationHelper.startProcessInstances No new instances of Invoice Receipt version 1 started, there are 3 instances running
21-Jan-2025 23:21:11.135 INFORMATION [main] org.camunda.bpm.example.invoice.InvoiceApplicationHelper.startProcessInstances No new instances of Invoice Receipt version 2 started, there are 2 instances running
21-Jan-2025 23:21:11.136 INFORMATION [main] org.camunda.commons.logging.BaseLogger.logInfo ENGINE-08050 Process application InvoiceProcessApplication successfully deployed
21-Jan-2025 23:21:11.137 INFORMATION [main] org.apache.catalina.startup.HostConfig.deployDirectory Deployment of web application directory [/Users/yseibert/Documents/Studium/Informatik/Bachelor/Thesis/Server/server/apache-tomcat-10.1.30/webapps/camunda-invoice] has finished in [1.790] ms
21-Jan-2025 23:21:11.137 INFORMATION [main] org.apache.catalina.startup.HostConfig.deployDirectory Deploye Web-Applikations-Verzeichnis [/Users/yseibert/Documents/Studium/Informatik/Bachelor/Thesis/Server/server/apache-tomcat-10.1.30/webapps/examples]
21-Jan-2025 23:21:12.632 INFORMATION [main] org.apache.jasper.servlet.TldScanner.scanJars At least one JAR was scanned for TLDs yet contained no TLDs. Enable debug logging for this logger for a complete list of JARs that were scanned but no TLDs were found in them. Skipping unneeded JARs during scanning can improve startup time and JSP compilation time.
21-Jan-2025 23:21:12.640 INFORMATION [main] org.apache.catalina.startup.HostConfig.deployDirectory Deployment of web application directory [/Users/yseibert/Documents/Studium/Informatik/Bachelor/Thesis/Server/server/apache-tomcat-10.1.30/webapps/examples] has finished in [1.503] ms
21-Jan-2025 23:21:12.640 INFORMATION [main] org.apache.catalina.startup.HostConfig.deployDirectory Deploye Web-Applikations-Verzeichnis [/Users/yseibert/Documents/Studium/Informatik/Bachelor/Thesis/Server/server/apache-tomcat-10.1.30/webapps/ROOT]
21-Jan-2025 23:21:13.974 INFORMATION [main] org.apache.jasper.servlet.TldScanner.scanJars At least one JAR was scanned for TLDs yet contained no TLDs. Enable debug logging for this logger for a complete list of JARs that were scanned but no TLDs were found in them. Skipping unneeded JARs during scanning can improve startup time and JSP compilation time.
21-Jan-2025 23:21:13.975 INFORMATION [main] org.apache.catalina.startup.HostConfig.deployDirectory Deployment of web application directory [/Users/yseibert/Documents/Studium/Informatik/Bachelor/Thesis/Server/server/apache-tomcat-10.1.30/webapps/ROOT] has finished in [1.335] ms
21-Jan-2025 23:21:13.975 INFORMATION [main] org.apache.catalina.startup.HostConfig.deployDirectory Deploye Web-Applikations-Verzeichnis [/Users/yseibert/Documents/Studium/Informatik/Bachelor/Thesis/Server/server/apache-tomcat-10.1.30/webapps/host-manager]
21-Jan-2025 23:21:15.341 INFORMATION [main] org.apache.jasper.servlet.TldScanner.scanJars At least one JAR was scanned for TLDs yet contained no TLDs. Enable debug logging for this logger for a complete list of JARs that were scanned but no TLDs were found in them. Skipping unneeded JARs during scanning can improve startup time and JSP compilation time.
21-Jan-2025 23:21:15.342 INFORMATION [main] org.apache.catalina.startup.HostConfig.deployDirectory Deployment of web application directory [/Users/yseibert/Documents/Studium/Informatik/Bachelor/Thesis/Server/server/apache-tomcat-10.1.30/webapps/host-manager] has finished in [1.367] ms
21-Jan-2025 23:21:15.346 INFORMATION [main] org.apache.coyote.AbstractProtocol.start Starting ProtocolHandler ["http-nio-8080"]
21-Jan-2025 23:21:15.353 INFORMATION [main] org.apache.catalina.startup.Catalina.start Server startup in [17044] milliseconds
21-Jan-2025 23:21:50.987 INFO [http-nio-8080-exec-8] org.jboss.resteasy.core.ResteasyDeploymentImpl.processApplication RESTEASY002225: Deploying jakarta.ws.rs.core.Application: class org.camunda.bpm.engine.rest.impl.application.DefaultApplication
21-Jan-2025 23:21:51.004 INFO [http-nio-8080-exec-8] org.jboss.resteasy.core.ResteasyDeploymentImpl.processApplication RESTEASY002200: Adding class resource org.camunda.bpm.engine.rest.impl.NamedProcessEngineRestServiceImpl from Application class org.camunda.bpm.engine.rest.impl.application.DefaultApplication
21-Jan-2025 23:21:51.004 INFO [http-nio-8080-exec-8] org.jboss.resteasy.core.ResteasyDeploymentImpl.processApplication RESTEASY002205: Adding provider class org.camunda.bpm.engine.rest.exception.JsonMappingExceptionHandler from Application class org.camunda.bpm.engine.rest.impl.application.DefaultApplication
21-Jan-2025 23:21:51.004 INFO [http-nio-8080-exec-8] org.jboss.resteasy.core.ResteasyDeploymentImpl.processApplication RESTEASY002205: Adding provider class org.camunda.bpm.engine.rest.exception.ExceptionHandler from Application class org.camunda.bpm.engine.rest.impl.application.DefaultApplication
21-Jan-2025 23:21:51.004 INFO [http-nio-8080-exec-8] org.jboss.resteasy.core.ResteasyDeploymentImpl.processApplication RESTEASY002205: Adding provider class org.camunda.bpm.engine.rest.mapper.MultipartPayloadProvider from Application class org.camunda.bpm.engine.rest.impl.application.DefaultApplication
21-Jan-2025 23:21:51.004 INFO [http-nio-8080-exec-8] org.jboss.resteasy.core.ResteasyDeploymentImpl.processApplication RESTEASY002205: Adding provider class org.camunda.bpm.engine.rest.mapper.JacksonConfigurator from Application class org.camunda.bpm.engine.rest.impl.application.DefaultApplication
21-Jan-2025 23:21:51.004 INFO [http-nio-8080-exec-8] org.jboss.resteasy.core.ResteasyDeploymentImpl.processApplication RESTEASY002200: Adding class resource org.camunda.bpm.engine.rest.impl.DefaultProcessEngineRestServiceImpl from Application class org.camunda.bpm.engine.rest.impl.application.DefaultApplication
21-Jan-2025 23:21:51.004 INFO [http-nio-8080-exec-8] org.jboss.resteasy.core.ResteasyDeploymentImpl.processApplication RESTEASY002205: Adding provider class org.camunda.bpm.engine.rest.exception.RestExceptionHandler from Application class org.camunda.bpm.engine.rest.impl.application.DefaultApplication
21-Jan-2025 23:21:51.004 INFO [http-nio-8080-exec-8] org.jboss.resteasy.core.ResteasyDeploymentImpl.processApplication RESTEASY002205: Adding provider class org.camunda.bpm.engine.rest.exception.ProcessEngineExceptionHandler from Application class org.camunda.bpm.engine.rest.impl.application.DefaultApplication
21-Jan-2025 23:21:51.005 INFO [http-nio-8080-exec-8] org.jboss.resteasy.core.ResteasyDeploymentImpl.processApplication RESTEASY002205: Adding provider class com.fasterxml.jackson.jakarta.rs.json.JacksonJsonProvider from Application class org.camunda.bpm.engine.rest.impl.application.DefaultApplication
21-Jan-2025 23:21:51.005 INFO [http-nio-8080-exec-8] org.jboss.resteasy.core.ResteasyDeploymentImpl.processApplication RESTEASY002205: Adding provider class org.camunda.bpm.engine.rest.exception.JsonParseExceptionHandler from Application class org.camunda.bpm.engine.rest.impl.application.DefaultApplication
21-Jan-2025 23:21:51.005 INFO [http-nio-8080-exec-8] org.jboss.resteasy.core.ResteasyDeploymentImpl.processApplication RESTEASY002205: Adding provider class org.camunda.bpm.engine.rest.hal.JacksonHalJsonProvider from Application class org.camunda.bpm.engine.rest.impl.application.DefaultApplication
