12-Dec-2024 23:51:39.470 INFORMATION [main] org.apache.catalina.startup.VersionLoggerListener.log Server Version:        Apache Tomcat/10.1.30
12-Dec-2024 23:51:39.472 INFORMATION [main] org.apache.catalina.startup.VersionLoggerListener.log Server built:          Sep 13 2024 20:26:16 UTC
12-Dec-2024 23:51:39.472 INFORMATION [main] org.apache.catalina.startup.VersionLoggerListener.log Server version number: 10.1.30.0
12-Dec-2024 23:51:39.472 INFORMATION [main] org.apache.catalina.startup.VersionLoggerListener.log OS Name:               Mac OS X
12-Dec-2024 23:51:39.473 INFORMATION [main] org.apache.catalina.startup.VersionLoggerListener.log OS Version:            15.1.1
12-Dec-2024 23:51:39.473 INFORMATION [main] org.apache.catalina.startup.VersionLoggerListener.log Architektur:           aarch64
12-Dec-2024 23:51:39.473 INFORMATION [main] org.apache.catalina.startup.VersionLoggerListener.log Java Home:             /Library/Java/JavaVirtualMachines/zulu-21.jdk/Contents/Home
12-Dec-2024 23:51:39.473 INFORMATION [main] org.apache.catalina.startup.VersionLoggerListener.log JVM Version:           21.0.1+12-LTS
12-Dec-2024 23:51:39.473 INFORMATION [main] org.apache.catalina.startup.VersionLoggerListener.log JVM Hersteller:        Azul Systems, Inc.
12-Dec-2024 23:51:39.473 INFORMATION [main] org.apache.catalina.startup.VersionLoggerListener.log CATALINA_BASE:         /Users/yseibert/Documents/Studium/Informatik/Bachelor/Thesis/Server/server/apache-tomcat-10.1.30
12-Dec-2024 23:51:39.473 INFORMATION [main] org.apache.catalina.startup.VersionLoggerListener.log CATALINA_HOME:         /Users/yseibert/Documents/Studium/Informatik/Bachelor/Thesis/Server/server/apache-tomcat-10.1.30
12-Dec-2024 23:51:39.486 INFORMATION [main] org.apache.catalina.startup.VersionLoggerListener.log Command line argument: -Djava.util.logging.config.file=./server/apache-tomcat-10.1.30/conf/logging.properties
12-Dec-2024 23:51:39.486 INFORMATION [main] org.apache.catalina.startup.VersionLoggerListener.log Command line argument: -Djava.util.logging.manager=org.apache.juli.ClassLoaderLogManager
12-Dec-2024 23:51:39.486 INFORMATION [main] org.apache.catalina.startup.VersionLoggerListener.log Command line argument: -Djdk.tls.ephemeralDHKeySize=2048
12-Dec-2024 23:51:39.486 INFORMATION [main] org.apache.catalina.startup.VersionLoggerListener.log Command line argument: -Djava.protocol.handler.pkgs=org.apache.catalina.webresources
12-Dec-2024 23:51:39.486 INFORMATION [main] org.apache.catalina.startup.VersionLoggerListener.log Command line argument: -Dorg.apache.catalina.security.SecurityListener.UMASK=0027
12-Dec-2024 23:51:39.486 INFORMATION [main] org.apache.catalina.startup.VersionLoggerListener.log Command line argument: --add-opens=java.base/java.lang=ALL-UNNAMED
12-Dec-2024 23:51:39.486 INFORMATION [main] org.apache.catalina.startup.VersionLoggerListener.log Command line argument: --add-opens=java.base/java.io=ALL-UNNAMED
12-Dec-2024 23:51:39.486 INFORMATION [main] org.apache.catalina.startup.VersionLoggerListener.log Command line argument: --add-opens=java.base/java.util=ALL-UNNAMED
12-Dec-2024 23:51:39.486 INFORMATION [main] org.apache.catalina.startup.VersionLoggerListener.log Command line argument: --add-opens=java.base/java.util.concurrent=ALL-UNNAMED
12-Dec-2024 23:51:39.486 INFORMATION [main] org.apache.catalina.startup.VersionLoggerListener.log Command line argument: --add-opens=java.rmi/sun.rmi.transport=ALL-UNNAMED
12-Dec-2024 23:51:39.486 INFORMATION [main] org.apache.catalina.startup.VersionLoggerListener.log Command line argument: -Xmx512m
12-Dec-2024 23:51:39.486 INFORMATION [main] org.apache.catalina.startup.VersionLoggerListener.log Command line argument: -Dcatalina.base=./server/apache-tomcat-10.1.30
12-Dec-2024 23:51:39.486 INFORMATION [main] org.apache.catalina.startup.VersionLoggerListener.log Command line argument: -Dcatalina.home=./server/apache-tomcat-10.1.30
12-Dec-2024 23:51:39.486 INFORMATION [main] org.apache.catalina.startup.VersionLoggerListener.log Command line argument: -Djava.io.tmpdir=./server/apache-tomcat-10.1.30/temp
12-Dec-2024 23:51:39.492 INFORMATION [main] org.apache.catalina.core.AprLifecycleListener.lifecycleEvent The Apache Tomcat Native library which allows using OpenSSL was not found on the java.library.path: [/Users/yseibert/Library/Java/Extensions:/Library/Java/Extensions:/Network/Library/Java/Extensions:/System/Library/Java/Extensions:/usr/lib/java:.]
12-Dec-2024 23:51:39.646 INFORMATION [main] org.apache.coyote.AbstractProtocol.init Initialisiere ProtocolHandler["http-nio-8080"]
12-Dec-2024 23:51:39.666 INFORMATION [main] org.apache.catalina.startup.Catalina.load Server initialization in [319] milliseconds
12-Dec-2024 23:51:39.912 INFORMATION [main] org.camunda.commons.logging.BaseLogger.logInfo ENGINE-08046 Found Camunda Platform configuration in CATALINA_BASE/CATALINA_HOME conf directory [/Users/yseibert/Documents/Studium/Informatik/Bachelor/Thesis/Server/server/apache-tomcat-10.1.30/conf/bpm-platform.xml] at 'file:/Users/yseibert/Documents/Studium/Informatik/Bachelor/Thesis/Server/server/apache-tomcat-10.1.30/conf/bpm-platform.xml'
12-Dec-2024 23:51:39.983 INFORMATION [main] org.camunda.commons.logging.BaseLogger.logInfo ENGINE-12003 Plugin 'ProcessApplicationEventListenerPlugin' activated on process engine 'default'
12-Dec-2024 23:51:39.985 INFORMATION [main] org.camunda.commons.logging.BaseLogger.logInfo ENGINE-12003 Plugin 'SpinProcessEnginePlugin' activated on process engine 'default'
12-Dec-2024 23:51:39.987 INFORMATION [main] org.camunda.commons.logging.BaseLogger.logInfo SPIN-01010 Discovered Spin data format provider: org.camunda.spin.impl.json.jackson.format.JacksonJsonDataFormatProvider[name = application/json]
12-Dec-2024 23:51:40.066 INFORMATION [main] org.camunda.commons.logging.BaseLogger.logInfo SPIN-01010 Discovered Spin data format provider: org.camunda.spin.impl.xml.dom.format.DomXmlDataFormatProvider[name = application/xml]
12-Dec-2024 23:51:40.114 INFORMATION [main] org.camunda.commons.logging.BaseLogger.logInfo SPIN-01009 Discovered Spin data format: org.camunda.spin.impl.xml.dom.format.DomXmlDataFormat[name = application/xml]
12-Dec-2024 23:51:40.114 INFORMATION [main] org.camunda.commons.logging.BaseLogger.logInfo SPIN-01009 Discovered Spin data format: org.camunda.spin.impl.json.jackson.format.JacksonJsonDataFormat[name = application/json]
12-Dec-2024 23:51:40.114 INFORMATION [main] org.camunda.commons.logging.BaseLogger.logInfo ENGINE-12003 Plugin 'ConnectProcessEnginePlugin' activated on process engine 'default'
12-Dec-2024 23:51:40.223 INFORMATION [main] org.camunda.commons.logging.BaseLogger.logInfo CNCT-01004 Discovered provider for connector id 'http-connector' and class 'org.camunda.connect.httpclient.impl.HttpConnectorImpl': 'org.camunda.connect.httpclient.impl.HttpConnectorProviderImpl'
12-Dec-2024 23:51:40.224 INFORMATION [main] org.camunda.commons.logging.BaseLogger.logInfo CNCT-01004 Discovered provider for connector id 'soap-http-connector' and class 'org.camunda.connect.httpclient.soap.impl.SoapHttpConnectorImpl': 'org.camunda.connect.httpclient.soap.impl.SoapHttpConnectorProviderImpl'
12-Dec-2024 23:51:40.296 INFORMATION [main] org.camunda.commons.logging.BaseLogger.logInfo FEEL/SCALA-01001 Spin value mapper detected
12-Dec-2024 23:51:40.349 INFORMATION [main] org.camunda.feel.FeelEngine.<init> Engine created. [value-mapper: CompositeValueMapper(List(org.camunda.feel.impl.JavaValueMapper@77a074b4, org.camunda.spin.plugin.impl.feel.integration.SpinValueMapper@333c8791)), function-provider: org.camunda.bpm.dmn.feel.impl.scala.function.CustomFunctionTransformer@2dc3271b, clock: SystemClock, configuration: {externalFunctionsEnabled: false}]
12-Dec-2024 23:51:41.432 INFORMATION [main] org.camunda.commons.logging.BaseLogger.logInfo ENGINE-00001 Process Engine default created.
12-Dec-2024 23:51:41.432 INFORMATION [main] org.camunda.commons.logging.BaseLogger.logInfo ENGINE-14014 Starting up the JobExecutor[org.camunda.bpm.engine.impl.jobexecutor.RuntimeContainerJobExecutor].
12-Dec-2024 23:51:41.433 INFORMATION [Thread-3] org.camunda.commons.logging.BaseLogger.logInfo ENGINE-14018 JobExecutor[org.camunda.bpm.engine.impl.jobexecutor.RuntimeContainerJobExecutor] starting to acquire jobs
12-Dec-2024 23:51:41.433 INFORMATION [main] org.camunda.commons.logging.BaseLogger.logInfo ENGINE-08048 Camunda Platform sucessfully started at 'Apache Tomcat/10.1.30'.
12-Dec-2024 23:51:41.441 INFORMATION [main] org.apache.catalina.core.StandardService.startInternal Starting service [Catalina]
12-Dec-2024 23:51:41.442 INFORMATION [main] org.apache.catalina.core.StandardEngine.startInternal Starting Servlet engine: [Apache Tomcat/10.1.30]
12-Dec-2024 23:51:41.445 INFORMATION [main] org.apache.catalina.startup.HostConfig.deployDirectory Deploye Web-Applikations-Verzeichnis [/Users/yseibert/Documents/Studium/Informatik/Bachelor/Thesis/Server/server/apache-tomcat-10.1.30/webapps/camunda-welcome]
12-Dec-2024 23:51:43.133 INFORMATION [main] org.apache.jasper.servlet.TldScanner.scanJars At least one JAR was scanned for TLDs yet contained no TLDs. Enable debug logging for this logger for a complete list of JARs that were scanned but no TLDs were found in them. Skipping unneeded JARs during scanning can improve startup time and JSP compilation time.
12-Dec-2024 23:51:43.146 INFORMATION [main] org.apache.catalina.startup.HostConfig.deployDirectory Deployment of web application directory [/Users/yseibert/Documents/Studium/Informatik/Bachelor/Thesis/Server/server/apache-tomcat-10.1.30/webapps/camunda-welcome] has finished in [1.700] ms
12-Dec-2024 23:51:43.146 INFORMATION [main] org.apache.catalina.startup.HostConfig.deployDirectory Deploye Web-Applikations-Verzeichnis [/Users/yseibert/Documents/Studium/Informatik/Bachelor/Thesis/Server/server/apache-tomcat-10.1.30/webapps/engine-rest]
12-Dec-2024 23:51:44.679 INFORMATION [main] org.apache.jasper.servlet.TldScanner.scanJars At least one JAR was scanned for TLDs yet contained no TLDs. Enable debug logging for this logger for a complete list of JARs that were scanned but no TLDs were found in them. Skipping unneeded JARs during scanning can improve startup time and JSP compilation time.
12-Dec-2024 23:51:44.857 INFORMATION [main] org.apache.catalina.startup.HostConfig.deployDirectory Deployment of web application directory [/Users/yseibert/Documents/Studium/Informatik/Bachelor/Thesis/Server/server/apache-tomcat-10.1.30/webapps/engine-rest] has finished in [1.711] ms
12-Dec-2024 23:51:44.857 INFORMATION [main] org.apache.catalina.startup.HostConfig.deployDirectory Deploye Web-Applikations-Verzeichnis [/Users/yseibert/Documents/Studium/Informatik/Bachelor/Thesis/Server/server/apache-tomcat-10.1.30/webapps/camunda]
12-Dec-2024 23:51:46.345 INFORMATION [main] org.apache.jasper.servlet.TldScanner.scanJars At least one JAR was scanned for TLDs yet contained no TLDs. Enable debug logging for this logger for a complete list of JARs that were scanned but no TLDs were found in them. Skipping unneeded JARs during scanning can improve startup time and JSP compilation time.
12-Dec-2024 23:51:46.550 INFORMATION [main] org.apache.catalina.startup.HostConfig.deployDirectory Deployment of web application directory [/Users/yseibert/Documents/Studium/Informatik/Bachelor/Thesis/Server/server/apache-tomcat-10.1.30/webapps/camunda] has finished in [1.693] ms
12-Dec-2024 23:51:46.551 INFORMATION [main] org.apache.catalina.startup.HostConfig.deployDirectory Deploye Web-Applikations-Verzeichnis [/Users/yseibert/Documents/Studium/Informatik/Bachelor/Thesis/Server/server/apache-tomcat-10.1.30/webapps/docs]
12-Dec-2024 23:51:47.883 INFORMATION [main] org.apache.jasper.servlet.TldScanner.scanJars At least one JAR was scanned for TLDs yet contained no TLDs. Enable debug logging for this logger for a complete list of JARs that were scanned but no TLDs were found in them. Skipping unneeded JARs during scanning can improve startup time and JSP compilation time.
12-Dec-2024 23:51:47.884 INFORMATION [main] org.apache.catalina.startup.HostConfig.deployDirectory Deployment of web application directory [/Users/yseibert/Documents/Studium/Informatik/Bachelor/Thesis/Server/server/apache-tomcat-10.1.30/webapps/docs] has finished in [1.333] ms
12-Dec-2024 23:51:47.884 INFORMATION [main] org.apache.catalina.startup.HostConfig.deployDirectory Deploye Web-Applikations-Verzeichnis [/Users/yseibert/Documents/Studium/Informatik/Bachelor/Thesis/Server/server/apache-tomcat-10.1.30/webapps/manager]
12-Dec-2024 23:51:49.208 INFORMATION [main] org.apache.jasper.servlet.TldScanner.scanJars At least one JAR was scanned for TLDs yet contained no TLDs. Enable debug logging for this logger for a complete list of JARs that were scanned but no TLDs were found in them. Skipping unneeded JARs during scanning can improve startup time and JSP compilation time.
12-Dec-2024 23:51:49.211 INFORMATION [main] org.apache.catalina.startup.HostConfig.deployDirectory Deployment of web application directory [/Users/yseibert/Documents/Studium/Informatik/Bachelor/Thesis/Server/server/apache-tomcat-10.1.30/webapps/manager] has finished in [1.327] ms
12-Dec-2024 23:51:49.212 INFORMATION [main] org.apache.catalina.startup.HostConfig.deployDirectory Deploye Web-Applikations-Verzeichnis [/Users/yseibert/Documents/Studium/Informatik/Bachelor/Thesis/Server/server/apache-tomcat-10.1.30/webapps/camunda-invoice]
12-Dec-2024 23:51:50.450 INFORMATION [main] org.apache.jasper.servlet.TldScanner.scanJars At least one JAR was scanned for TLDs yet contained no TLDs. Enable debug logging for this logger for a complete list of JARs that were scanned but no TLDs were found in them. Skipping unneeded JARs during scanning can improve startup time and JSP compilation time.
12-Dec-2024 23:51:50.450 INFORMATION [main] org.camunda.commons.logging.BaseLogger.logInfo ENGINE-07015 Detected @ProcessApplication class 'org.camunda.bpm.example.invoice.InvoiceProcessApplication'
12-Dec-2024 23:51:50.454 INFORMATION [main] org.camunda.commons.logging.BaseLogger.logInfo ENGINE-08024 Found processes.xml file at file:/Users/yseibert/Documents/Studium/Informatik/Bachelor/Thesis/Server/server/apache-tomcat-10.1.30/webapps/camunda-invoice/WEB-INF/classes/META-INF/processes.xml
12-Dec-2024 23:51:50.473 INFORMATION [main] org.camunda.commons.logging.BaseLogger.logInfo ENGINE-08023 Deployment summary for process archive 'InvoiceProcessApplication': 

        invoiceBusinessDecisions.dmn
        invoice.v2.bpmn

12-Dec-2024 23:51:50.611 INFORMATION [main] org.camunda.commons.logging.BaseLogger.logInfo ENGINE-07021 ProcessApplication 'InvoiceProcessApplication' registered for DB deployments [c1c3a021-b57c-11ef-b0f8-7ec43c09911f, c1a96157-b57c-11ef-b0f8-7ec43c09911f]. Will execute process definitions 

        invoice[version: 2, id: invoice:2:c1c574e4-b57c-11ef-b0f8-7ec43c09911f]
        ReviewInvoice[version: 1, id: ReviewInvoice:1:c1b3c19d-b57c-11ef-b0f8-7ec43c09911f]
        invoice[version: 1, id: invoice:1:c1b3255b-b57c-11ef-b0f8-7ec43c09911f]
Deployment does not provide any case definitions.
12-Dec-2024 23:51:50.613 INFORMATION [main] org.camunda.commons.logging.BaseLogger.logInfo SPIN-01010 Discovered Spin data format provider: org.camunda.spin.impl.json.jackson.format.JacksonJsonDataFormatProvider[name = application/json]
12-Dec-2024 23:51:50.614 INFORMATION [main] org.camunda.commons.logging.BaseLogger.logInfo SPIN-01010 Discovered Spin data format provider: org.camunda.spin.impl.xml.dom.format.DomXmlDataFormatProvider[name = application/xml]
12-Dec-2024 23:51:50.618 INFORMATION [main] org.camunda.commons.logging.BaseLogger.logInfo SPIN-01009 Discovered Spin data format: org.camunda.spin.impl.xml.dom.format.DomXmlDataFormat[name = application/xml]
12-Dec-2024 23:51:50.618 INFORMATION [main] org.camunda.commons.logging.BaseLogger.logInfo SPIN-01009 Discovered Spin data format: org.camunda.spin.impl.json.jackson.format.JacksonJsonDataFormat[name = application/json]
12-Dec-2024 23:51:50.653 INFORMATION [main] org.camunda.bpm.example.invoice.InvoiceApplicationHelper.startProcessInstances No new instances of Invoice Receipt version 1 started, there are 3 instances running
12-Dec-2024 23:51:50.670 INFORMATION [main] org.camunda.bpm.example.invoice.InvoiceApplicationHelper.startProcessInstances No new instances of Invoice Receipt version 2 started, there are 4 instances running
12-Dec-2024 23:51:50.670 INFORMATION [main] org.camunda.commons.logging.BaseLogger.logInfo ENGINE-08050 Process application InvoiceProcessApplication successfully deployed
12-Dec-2024 23:51:50.671 INFORMATION [main] org.apache.catalina.startup.HostConfig.deployDirectory Deployment of web application directory [/Users/yseibert/Documents/Studium/Informatik/Bachelor/Thesis/Server/server/apache-tomcat-10.1.30/webapps/camunda-invoice] has finished in [1.459] ms
12-Dec-2024 23:51:50.672 INFORMATION [main] org.apache.catalina.startup.HostConfig.deployDirectory Deploye Web-Applikations-Verzeichnis [/Users/yseibert/Documents/Studium/Informatik/Bachelor/Thesis/Server/server/apache-tomcat-10.1.30/webapps/examples]
12-Dec-2024 23:51:52.079 INFORMATION [main] org.apache.jasper.servlet.TldScanner.scanJars At least one JAR was scanned for TLDs yet contained no TLDs. Enable debug logging for this logger for a complete list of JARs that were scanned but no TLDs were found in them. Skipping unneeded JARs during scanning can improve startup time and JSP compilation time.
12-Dec-2024 23:51:52.087 INFORMATION [main] org.apache.catalina.startup.HostConfig.deployDirectory Deployment of web application directory [/Users/yseibert/Documents/Studium/Informatik/Bachelor/Thesis/Server/server/apache-tomcat-10.1.30/webapps/examples] has finished in [1.415] ms
12-Dec-2024 23:51:52.087 INFORMATION [main] org.apache.catalina.startup.HostConfig.deployDirectory Deploye Web-Applikations-Verzeichnis [/Users/yseibert/Documents/Studium/Informatik/Bachelor/Thesis/Server/server/apache-tomcat-10.1.30/webapps/ROOT]
12-Dec-2024 23:51:53.456 INFORMATION [main] org.apache.jasper.servlet.TldScanner.scanJars At least one JAR was scanned for TLDs yet contained no TLDs. Enable debug logging for this logger for a complete list of JARs that were scanned but no TLDs were found in them. Skipping unneeded JARs during scanning can improve startup time and JSP compilation time.
12-Dec-2024 23:51:53.457 INFORMATION [main] org.apache.catalina.startup.HostConfig.deployDirectory Deployment of web application directory [/Users/yseibert/Documents/Studium/Informatik/Bachelor/Thesis/Server/server/apache-tomcat-10.1.30/webapps/ROOT] has finished in [1.370] ms
12-Dec-2024 23:51:53.457 INFORMATION [main] org.apache.catalina.startup.HostConfig.deployDirectory Deploye Web-Applikations-Verzeichnis [/Users/yseibert/Documents/Studium/Informatik/Bachelor/Thesis/Server/server/apache-tomcat-10.1.30/webapps/host-manager]
12-Dec-2024 23:51:54.737 INFORMATION [main] org.apache.jasper.servlet.TldScanner.scanJars At least one JAR was scanned for TLDs yet contained no TLDs. Enable debug logging for this logger for a complete list of JARs that were scanned but no TLDs were found in them. Skipping unneeded JARs during scanning can improve startup time and JSP compilation time.
12-Dec-2024 23:51:54.738 INFORMATION [main] org.apache.catalina.startup.HostConfig.deployDirectory Deployment of web application directory [/Users/yseibert/Documents/Studium/Informatik/Bachelor/Thesis/Server/server/apache-tomcat-10.1.30/webapps/host-manager] has finished in [1.281] ms
12-Dec-2024 23:51:54.741 INFORMATION [main] org.apache.coyote.AbstractProtocol.start Starting ProtocolHandler ["http-nio-8080"]
12-Dec-2024 23:51:54.749 INFORMATION [main] org.apache.catalina.startup.Catalina.start Server startup in [15083] milliseconds
12-Dec-2024 23:51:55.113 INFO [http-nio-8080-exec-1] org.jboss.resteasy.core.ResteasyDeploymentImpl.processApplication RESTEASY002225: Deploying jakarta.ws.rs.core.Application: class org.camunda.bpm.tasklist.impl.web.TasklistApplication
12-Dec-2024 23:51:55.117 INFO [http-nio-8080-exec-1] org.jboss.resteasy.core.ResteasyDeploymentImpl.processApplication RESTEASY002205: Adding provider class org.camunda.bpm.engine.rest.mapper.JacksonConfigurator from Application class org.camunda.bpm.tasklist.impl.web.TasklistApplication
12-Dec-2024 23:51:55.117 INFO [http-nio-8080-exec-1] org.jboss.resteasy.core.ResteasyDeploymentImpl.processApplication RESTEASY002205: Adding provider class org.camunda.bpm.engine.rest.exception.RestExceptionHandler from Application class org.camunda.bpm.tasklist.impl.web.TasklistApplication
12-Dec-2024 23:51:55.118 INFO [http-nio-8080-exec-1] org.jboss.resteasy.core.ResteasyDeploymentImpl.processApplication RESTEASY002200: Adding class resource org.camunda.bpm.tasklist.impl.plugin.resources.TasklistPluginsRootResource from Application class org.camunda.bpm.tasklist.impl.web.TasklistApplication
12-Dec-2024 23:51:55.118 INFO [http-nio-8080-exec-1] org.jboss.resteasy.core.ResteasyDeploymentImpl.processApplication RESTEASY002205: Adding provider class org.camunda.bpm.engine.rest.exception.ExceptionHandler from Application class org.camunda.bpm.tasklist.impl.web.TasklistApplication
12-Dec-2024 23:51:55.118 INFO [http-nio-8080-exec-1] org.jboss.resteasy.core.ResteasyDeploymentImpl.processApplication RESTEASY002205: Adding provider class com.fasterxml.jackson.jakarta.rs.json.JacksonJsonProvider from Application class org.camunda.bpm.tasklist.impl.web.TasklistApplication
12-Dec-2024 23:51:55.300 INFO [http-nio-8080-exec-4] org.jboss.resteasy.core.ResteasyDeploymentImpl.processApplication RESTEASY002225: Deploying jakarta.ws.rs.core.Application: class org.camunda.bpm.webapp.impl.engine.EngineRestApplication
12-Dec-2024 23:51:55.303 INFO [http-nio-8080-exec-4] org.jboss.resteasy.core.ResteasyDeploymentImpl.processApplication RESTEASY002200: Adding class resource org.camunda.bpm.engine.rest.impl.NamedProcessEngineRestServiceImpl from Application class org.camunda.bpm.webapp.impl.engine.EngineRestApplication
12-Dec-2024 23:51:55.303 INFO [http-nio-8080-exec-4] org.jboss.resteasy.core.ResteasyDeploymentImpl.processApplication RESTEASY002205: Adding provider class org.camunda.bpm.engine.rest.exception.JsonMappingExceptionHandler from Application class org.camunda.bpm.webapp.impl.engine.EngineRestApplication
12-Dec-2024 23:51:55.304 INFO [http-nio-8080-exec-4] org.jboss.resteasy.core.ResteasyDeploymentImpl.processApplication RESTEASY002205: Adding provider class org.camunda.bpm.engine.rest.hal.JacksonHalJsonProvider from Application class org.camunda.bpm.webapp.impl.engine.EngineRestApplication
12-Dec-2024 23:51:55.304 INFO [http-nio-8080-exec-4] org.jboss.resteasy.core.ResteasyDeploymentImpl.processApplication RESTEASY002205: Adding provider class org.camunda.bpm.engine.rest.mapper.JacksonConfigurator from Application class org.camunda.bpm.webapp.impl.engine.EngineRestApplication
12-Dec-2024 23:51:55.304 INFO [http-nio-8080-exec-4] org.jboss.resteasy.core.ResteasyDeploymentImpl.processApplication RESTEASY002205: Adding provider class org.camunda.bpm.engine.rest.exception.RestExceptionHandler from Application class org.camunda.bpm.webapp.impl.engine.EngineRestApplication
12-Dec-2024 23:51:55.304 INFO [http-nio-8080-exec-4] org.jboss.resteasy.core.ResteasyDeploymentImpl.processApplication RESTEASY002205: Adding provider class org.camunda.bpm.engine.rest.exception.ProcessEngineExceptionHandler from Application class org.camunda.bpm.webapp.impl.engine.EngineRestApplication
12-Dec-2024 23:51:55.304 INFO [http-nio-8080-exec-4] org.jboss.resteasy.core.ResteasyDeploymentImpl.processApplication RESTEASY002205: Adding provider class org.camunda.bpm.engine.rest.mapper.MultipartPayloadProvider from Application class org.camunda.bpm.webapp.impl.engine.EngineRestApplication
12-Dec-2024 23:51:55.304 INFO [http-nio-8080-exec-4] org.jboss.resteasy.core.ResteasyDeploymentImpl.processApplication RESTEASY002205: Adding provider class org.camunda.bpm.engine.rest.exception.JsonParseExceptionHandler from Application class org.camunda.bpm.webapp.impl.engine.EngineRestApplication
12-Dec-2024 23:51:55.304 INFO [http-nio-8080-exec-4] org.jboss.resteasy.core.ResteasyDeploymentImpl.processApplication RESTEASY002205: Adding provider class org.camunda.bpm.engine.rest.exception.ExceptionHandler from Application class org.camunda.bpm.webapp.impl.engine.EngineRestApplication
12-Dec-2024 23:51:55.304 INFO [http-nio-8080-exec-4] org.jboss.resteasy.core.ResteasyDeploymentImpl.processApplication RESTEASY002205: Adding provider class com.fasterxml.jackson.jakarta.rs.json.JacksonJsonProvider from Application class org.camunda.bpm.webapp.impl.engine.EngineRestApplication
12-Dec-2024 23:51:55.313 INFO [http-nio-8080-exec-3] org.jboss.resteasy.core.ResteasyDeploymentImpl.processApplication RESTEASY002225: Deploying jakarta.ws.rs.core.Application: class org.camunda.bpm.admin.impl.web.AdminApplication
12-Dec-2024 23:51:55.319 INFO [http-nio-8080-exec-3] org.jboss.resteasy.core.ResteasyDeploymentImpl.processApplication RESTEASY002200: Adding class resource org.camunda.bpm.admin.impl.plugin.resources.AdminPluginsRootResource from Application class org.camunda.bpm.admin.impl.web.AdminApplication
12-Dec-2024 23:51:55.319 INFO [http-nio-8080-exec-3] org.jboss.resteasy.core.ResteasyDeploymentImpl.processApplication RESTEASY002205: Adding provider class org.camunda.bpm.engine.rest.mapper.JacksonConfigurator from Application class org.camunda.bpm.admin.impl.web.AdminApplication
12-Dec-2024 23:51:55.319 INFO [http-nio-8080-exec-3] org.jboss.resteasy.core.ResteasyDeploymentImpl.processApplication RESTEASY002205: Adding provider class org.camunda.bpm.engine.rest.exception.RestExceptionHandler from Application class org.camunda.bpm.admin.impl.web.AdminApplication
12-Dec-2024 23:51:55.319 INFO [http-nio-8080-exec-3] org.jboss.resteasy.core.ResteasyDeploymentImpl.processApplication RESTEASY002205: Adding provider class org.camunda.bpm.engine.rest.exception.ExceptionHandler from Application class org.camunda.bpm.admin.impl.web.AdminApplication
12-Dec-2024 23:51:55.320 INFO [http-nio-8080-exec-3] org.jboss.resteasy.core.ResteasyDeploymentImpl.processApplication RESTEASY002200: Adding class resource org.camunda.bpm.admin.impl.web.SetupResource from Application class org.camunda.bpm.admin.impl.web.AdminApplication
12-Dec-2024 23:51:55.320 INFO [http-nio-8080-exec-3] org.jboss.resteasy.core.ResteasyDeploymentImpl.processApplication RESTEASY002205: Adding provider class com.fasterxml.jackson.jakarta.rs.json.JacksonJsonProvider from Application class org.camunda.bpm.admin.impl.web.AdminApplication
12-Dec-2024 23:51:55.320 INFO [http-nio-8080-exec-3] org.jboss.resteasy.core.ResteasyDeploymentImpl.processApplication RESTEASY002200: Adding class resource org.camunda.bpm.webapp.impl.security.auth.UserAuthenticationResource from Application class org.camunda.bpm.admin.impl.web.AdminApplication
12-Dec-2024 23:54:53.145 INFORMATION [main] org.apache.catalina.core.StandardServer.await A valid shutdown command was received via the shutdown port. Stopping the Server instance.
12-Dec-2024 23:54:53.149 INFORMATION [main] org.camunda.commons.logging.BaseLogger.logInfo ENGINE-14015 Shutting down the JobExecutor[org.camunda.bpm.engine.impl.jobexecutor.RuntimeContainerJobExecutor]
12-Dec-2024 23:54:53.150 INFORMATION [Thread-3] org.camunda.commons.logging.BaseLogger.logInfo ENGINE-14020 JobExecutor[org.camunda.bpm.engine.impl.jobexecutor.RuntimeContainerJobExecutor] stopped job acquisition
12-Dec-2024 23:54:53.158 INFORMATION [main] org.camunda.commons.logging.BaseLogger.logInfo ENGINE-08051 Process application InvoiceProcessApplication undeployed
12-Dec-2024 23:54:53.161 INFORMATION [main] org.camunda.commons.logging.BaseLogger.logInfo ENGINE-00007 Process Engine default closed
12-Dec-2024 23:54:53.161 INFORMATION [main] org.camunda.commons.logging.BaseLogger.logInfo ENGINE-08049 Camunda Platform stopped at 'Apache Tomcat/10.1.30'
12-Dec-2024 23:54:53.162 INFORMATION [main] org.apache.coyote.AbstractProtocol.pause Pausing ProtocolHandler ["http-nio-8080"]
12-Dec-2024 23:54:54.166 INFORMATION [main] org.apache.catalina.core.StandardService.stopInternal Stopping service [Catalina]
12-Dec-2024 23:54:54.201 WARNUNG [main] org.camunda.commons.logging.BaseLogger.logWarn ENGINE-07017 Calling undeploy() on process application that is not deployed.
12-Dec-2024 23:54:54.215 INFORMATION [main] org.apache.coyote.AbstractProtocol.stop Stopping ProtocolHandler ["http-nio-8080"]
12-Dec-2024 23:54:54.832 WARNUNG [main] org.apache.tomcat.util.net.Acceptor.stopMillis The acceptor thread [http-nio-8080-Acceptor] did not stop cleanly
12-Dec-2024 23:54:54.837 INFORMATION [main] org.apache.coyote.AbstractProtocol.destroy Destroying ProtocolHandler ["http-nio-8080"]
12-Dec-2024 23:59:37.711 INFORMATION [main] org.apache.catalina.startup.VersionLoggerListener.log Server Version:        Apache Tomcat/10.1.30
12-Dec-2024 23:59:37.713 INFORMATION [main] org.apache.catalina.startup.VersionLoggerListener.log Server built:          Sep 13 2024 20:26:16 UTC
12-Dec-2024 23:59:37.713 INFORMATION [main] org.apache.catalina.startup.VersionLoggerListener.log Server version number: 10.1.30.0
12-Dec-2024 23:59:37.714 INFORMATION [main] org.apache.catalina.startup.VersionLoggerListener.log OS Name:               Mac OS X
12-Dec-2024 23:59:37.714 INFORMATION [main] org.apache.catalina.startup.VersionLoggerListener.log OS Version:            15.1.1
12-Dec-2024 23:59:37.714 INFORMATION [main] org.apache.catalina.startup.VersionLoggerListener.log Architektur:           aarch64
12-Dec-2024 23:59:37.714 INFORMATION [main] org.apache.catalina.startup.VersionLoggerListener.log Java Home:             /Library/Java/JavaVirtualMachines/zulu-21.jdk/Contents/Home
12-Dec-2024 23:59:37.714 INFORMATION [main] org.apache.catalina.startup.VersionLoggerListener.log JVM Version:           21.0.1+12-LTS
12-Dec-2024 23:59:37.714 INFORMATION [main] org.apache.catalina.startup.VersionLoggerListener.log JVM Hersteller:        Azul Systems, Inc.
12-Dec-2024 23:59:37.714 INFORMATION [main] org.apache.catalina.startup.VersionLoggerListener.log CATALINA_BASE:         /Users/yseibert/Documents/Studium/Informatik/Bachelor/Thesis/Server/server/apache-tomcat-10.1.30
12-Dec-2024 23:59:37.714 INFORMATION [main] org.apache.catalina.startup.VersionLoggerListener.log CATALINA_HOME:         /Users/yseibert/Documents/Studium/Informatik/Bachelor/Thesis/Server/server/apache-tomcat-10.1.30
12-Dec-2024 23:59:37.722 INFORMATION [main] org.apache.catalina.startup.VersionLoggerListener.log Command line argument: -Djava.util.logging.config.file=./server/apache-tomcat-10.1.30/conf/logging.properties
12-Dec-2024 23:59:37.722 INFORMATION [main] org.apache.catalina.startup.VersionLoggerListener.log Command line argument: -Djava.util.logging.manager=org.apache.juli.ClassLoaderLogManager
12-Dec-2024 23:59:37.722 INFORMATION [main] org.apache.catalina.startup.VersionLoggerListener.log Command line argument: -Djdk.tls.ephemeralDHKeySize=2048
12-Dec-2024 23:59:37.722 INFORMATION [main] org.apache.catalina.startup.VersionLoggerListener.log Command line argument: -Djava.protocol.handler.pkgs=org.apache.catalina.webresources
12-Dec-2024 23:59:37.722 INFORMATION [main] org.apache.catalina.startup.VersionLoggerListener.log Command line argument: -Dorg.apache.catalina.security.SecurityListener.UMASK=0027
12-Dec-2024 23:59:37.722 INFORMATION [main] org.apache.catalina.startup.VersionLoggerListener.log Command line argument: --add-opens=java.base/java.lang=ALL-UNNAMED
12-Dec-2024 23:59:37.722 INFORMATION [main] org.apache.catalina.startup.VersionLoggerListener.log Command line argument: --add-opens=java.base/java.io=ALL-UNNAMED
12-Dec-2024 23:59:37.722 INFORMATION [main] org.apache.catalina.startup.VersionLoggerListener.log Command line argument: --add-opens=java.base/java.util=ALL-UNNAMED
12-Dec-2024 23:59:37.722 INFORMATION [main] org.apache.catalina.startup.VersionLoggerListener.log Command line argument: --add-opens=java.base/java.util.concurrent=ALL-UNNAMED
12-Dec-2024 23:59:37.722 INFORMATION [main] org.apache.catalina.startup.VersionLoggerListener.log Command line argument: --add-opens=java.rmi/sun.rmi.transport=ALL-UNNAMED
12-Dec-2024 23:59:37.722 INFORMATION [main] org.apache.catalina.startup.VersionLoggerListener.log Command line argument: -Xmx512m
12-Dec-2024 23:59:37.722 INFORMATION [main] org.apache.catalina.startup.VersionLoggerListener.log Command line argument: -Dcatalina.base=./server/apache-tomcat-10.1.30
12-Dec-2024 23:59:37.722 INFORMATION [main] org.apache.catalina.startup.VersionLoggerListener.log Command line argument: -Dcatalina.home=./server/apache-tomcat-10.1.30
12-Dec-2024 23:59:37.722 INFORMATION [main] org.apache.catalina.startup.VersionLoggerListener.log Command line argument: -Djava.io.tmpdir=./server/apache-tomcat-10.1.30/temp
12-Dec-2024 23:59:37.729 INFORMATION [main] org.apache.catalina.core.AprLifecycleListener.lifecycleEvent The Apache Tomcat Native library which allows using OpenSSL was not found on the java.library.path: [/Users/yseibert/Library/Java/Extensions:/Library/Java/Extensions:/Network/Library/Java/Extensions:/System/Library/Java/Extensions:/usr/lib/java:.]
12-Dec-2024 23:59:37.882 INFORMATION [main] org.apache.coyote.AbstractProtocol.init Initialisiere ProtocolHandler["http-nio-8080"]
12-Dec-2024 23:59:37.898 INFORMATION [main] org.apache.catalina.startup.Catalina.load Server initialization in [302] milliseconds
12-Dec-2024 23:59:38.141 INFORMATION [main] org.camunda.commons.logging.BaseLogger.logInfo ENGINE-08046 Found Camunda Platform configuration in CATALINA_BASE/CATALINA_HOME conf directory [/Users/yseibert/Documents/Studium/Informatik/Bachelor/Thesis/Server/server/apache-tomcat-10.1.30/conf/bpm-platform.xml] at 'file:/Users/yseibert/Documents/Studium/Informatik/Bachelor/Thesis/Server/server/apache-tomcat-10.1.30/conf/bpm-platform.xml'
12-Dec-2024 23:59:38.211 INFORMATION [main] org.camunda.commons.logging.BaseLogger.logInfo ENGINE-12003 Plugin 'ProcessApplicationEventListenerPlugin' activated on process engine 'default'
12-Dec-2024 23:59:38.214 INFORMATION [main] org.camunda.commons.logging.BaseLogger.logInfo ENGINE-12003 Plugin 'SpinProcessEnginePlugin' activated on process engine 'default'
12-Dec-2024 23:59:38.216 INFORMATION [main] org.camunda.commons.logging.BaseLogger.logInfo SPIN-01010 Discovered Spin data format provider: org.camunda.spin.impl.json.jackson.format.JacksonJsonDataFormatProvider[name = application/json]
12-Dec-2024 23:59:38.296 INFORMATION [main] org.camunda.commons.logging.BaseLogger.logInfo SPIN-01010 Discovered Spin data format provider: org.camunda.spin.impl.xml.dom.format.DomXmlDataFormatProvider[name = application/xml]
12-Dec-2024 23:59:38.344 INFORMATION [main] org.camunda.commons.logging.BaseLogger.logInfo SPIN-01009 Discovered Spin data format: org.camunda.spin.impl.xml.dom.format.DomXmlDataFormat[name = application/xml]
12-Dec-2024 23:59:38.344 INFORMATION [main] org.camunda.commons.logging.BaseLogger.logInfo SPIN-01009 Discovered Spin data format: org.camunda.spin.impl.json.jackson.format.JacksonJsonDataFormat[name = application/json]
12-Dec-2024 23:59:38.344 INFORMATION [main] org.camunda.commons.logging.BaseLogger.logInfo ENGINE-12003 Plugin 'ConnectProcessEnginePlugin' activated on process engine 'default'
12-Dec-2024 23:59:38.448 INFORMATION [main] org.camunda.commons.logging.BaseLogger.logInfo CNCT-01004 Discovered provider for connector id 'http-connector' and class 'org.camunda.connect.httpclient.impl.HttpConnectorImpl': 'org.camunda.connect.httpclient.impl.HttpConnectorProviderImpl'
12-Dec-2024 23:59:38.449 INFORMATION [main] org.camunda.commons.logging.BaseLogger.logInfo CNCT-01004 Discovered provider for connector id 'soap-http-connector' and class 'org.camunda.connect.httpclient.soap.impl.SoapHttpConnectorImpl': 'org.camunda.connect.httpclient.soap.impl.SoapHttpConnectorProviderImpl'
12-Dec-2024 23:59:38.517 INFORMATION [main] org.camunda.commons.logging.BaseLogger.logInfo FEEL/SCALA-01001 Spin value mapper detected
12-Dec-2024 23:59:38.567 INFORMATION [main] org.camunda.feel.FeelEngine.<init> Engine created. [value-mapper: CompositeValueMapper(List(org.camunda.feel.impl.JavaValueMapper@3f0d6038, org.camunda.spin.plugin.impl.feel.integration.SpinValueMapper@237f7970)), function-provider: org.camunda.bpm.dmn.feel.impl.scala.function.CustomFunctionTransformer@64d4f7c7, clock: SystemClock, configuration: {externalFunctionsEnabled: false}]
12-Dec-2024 23:59:39.647 INFORMATION [main] org.camunda.commons.logging.BaseLogger.logInfo ENGINE-00001 Process Engine default created.
12-Dec-2024 23:59:39.647 INFORMATION [main] org.camunda.commons.logging.BaseLogger.logInfo ENGINE-14014 Starting up the JobExecutor[org.camunda.bpm.engine.impl.jobexecutor.RuntimeContainerJobExecutor].
12-Dec-2024 23:59:39.648 INFORMATION [Thread-3] org.camunda.commons.logging.BaseLogger.logInfo ENGINE-14018 JobExecutor[org.camunda.bpm.engine.impl.jobexecutor.RuntimeContainerJobExecutor] starting to acquire jobs
12-Dec-2024 23:59:39.648 INFORMATION [main] org.camunda.commons.logging.BaseLogger.logInfo ENGINE-08048 Camunda Platform sucessfully started at 'Apache Tomcat/10.1.30'.
12-Dec-2024 23:59:39.657 INFORMATION [main] org.apache.catalina.core.StandardService.startInternal Starting service [Catalina]
12-Dec-2024 23:59:39.657 INFORMATION [main] org.apache.catalina.core.StandardEngine.startInternal Starting Servlet engine: [Apache Tomcat/10.1.30]
12-Dec-2024 23:59:39.660 INFORMATION [main] org.apache.catalina.startup.HostConfig.deployDirectory Deploye Web-Applikations-Verzeichnis [/Users/yseibert/Documents/Studium/Informatik/Bachelor/Thesis/Server/server/apache-tomcat-10.1.30/webapps/camunda-welcome]
12-Dec-2024 23:59:41.367 INFORMATION [main] org.apache.jasper.servlet.TldScanner.scanJars At least one JAR was scanned for TLDs yet contained no TLDs. Enable debug logging for this logger for a complete list of JARs that were scanned but no TLDs were found in them. Skipping unneeded JARs during scanning can improve startup time and JSP compilation time.
12-Dec-2024 23:59:41.380 INFORMATION [main] org.apache.catalina.startup.HostConfig.deployDirectory Deployment of web application directory [/Users/yseibert/Documents/Studium/Informatik/Bachelor/Thesis/Server/server/apache-tomcat-10.1.30/webapps/camunda-welcome] has finished in [1.719] ms
12-Dec-2024 23:59:41.380 INFORMATION [main] org.apache.catalina.startup.HostConfig.deployDirectory Deploye Web-Applikations-Verzeichnis [/Users/yseibert/Documents/Studium/Informatik/Bachelor/Thesis/Server/server/apache-tomcat-10.1.30/webapps/engine-rest]
12-Dec-2024 23:59:43.027 INFORMATION [main] org.apache.jasper.servlet.TldScanner.scanJars At least one JAR was scanned for TLDs yet contained no TLDs. Enable debug logging for this logger for a complete list of JARs that were scanned but no TLDs were found in them. Skipping unneeded JARs during scanning can improve startup time and JSP compilation time.
12-Dec-2024 23:59:43.115 INFORMATION [main] org.apache.catalina.startup.HostConfig.deployDirectory Deployment of web application directory [/Users/yseibert/Documents/Studium/Informatik/Bachelor/Thesis/Server/server/apache-tomcat-10.1.30/webapps/engine-rest] has finished in [1.735] ms
12-Dec-2024 23:59:43.115 INFORMATION [main] org.apache.catalina.startup.HostConfig.deployDirectory Deploye Web-Applikations-Verzeichnis [/Users/yseibert/Documents/Studium/Informatik/Bachelor/Thesis/Server/server/apache-tomcat-10.1.30/webapps/camunda]
12-Dec-2024 23:59:43.134 SCHWERWIEGEND [main] org.apache.tomcat.util.digester.Digester.fatalError Parse fatal error at line [277] column [2]
	org.xml.sax.SAXParseException; systemId: file:/Users/yseibert/Documents/Studium/Informatik/Bachelor/Thesis/Server/server/apache-tomcat-10.1.30/webapps/camunda/WEB-INF/web.xml; lineNumber: 277; columnNumber: 2; Markup im Dokument nach dem Root-Element muss ordnungsgemxE4xDF formatiert sein.
		at java.xml/com.sun.org.apache.xerces.internal.util.ErrorHandlerWrapper.createSAXParseException(ErrorHandlerWrapper.java:204)
		at java.xml/com.sun.org.apache.xerces.internal.util.ErrorHandlerWrapper.fatalError(ErrorHandlerWrapper.java:178)
		at java.xml/com.sun.org.apache.xerces.internal.impl.XMLErrorReporter.reportError(XMLErrorReporter.java:400)
		at java.xml/com.sun.org.apache.xerces.internal.impl.XMLErrorReporter.reportError(XMLErrorReporter.java:327)
		at java.xml/com.sun.org.apache.xerces.internal.impl.XMLScanner.reportFatalError(XMLScanner.java:1465)
		at java.xml/com.sun.org.apache.xerces.internal.impl.XMLDocumentScannerImpl$TrailingMiscDriver.next(XMLDocumentScannerImpl.java:1398)
		at java.xml/com.sun.org.apache.xerces.internal.impl.XMLDocumentScannerImpl.next(XMLDocumentScannerImpl.java:605)
		at java.xml/com.sun.org.apache.xerces.internal.impl.XMLDocumentFragmentScannerImpl.scanDocument(XMLDocumentFragmentScannerImpl.java:542)
		at java.xml/com.sun.org.apache.xerces.internal.parsers.XML11Configuration.parse(XML11Configuration.java:889)
		at java.xml/com.sun.org.apache.xerces.internal.parsers.XML11Configuration.parse(XML11Configuration.java:825)
		at java.xml/com.sun.org.apache.xerces.internal.parsers.XMLParser.parse(XMLParser.java:141)
		at java.xml/com.sun.org.apache.xerces.internal.parsers.AbstractSAXParser.parse(AbstractSAXParser.java:1224)
		at java.xml/com.sun.org.apache.xerces.internal.jaxp.SAXParserImpl$JAXPSAXParser.parse(SAXParserImpl.java:637)
		at org.apache.tomcat.util.digester.Digester.parse(Digester.java:1522)
		at org.apache.tomcat.util.descriptor.web.WebXmlParser.parseWebXml(WebXmlParser.java:119)
		at org.apache.catalina.startup.ContextConfig.webConfig(ContextConfig.java:1236)
		at org.apache.catalina.startup.ContextConfig.configureStart(ContextConfig.java:961)
		at org.apache.catalina.startup.ContextConfig.lifecycleEvent(ContextConfig.java:290)
		at org.apache.catalina.util.LifecycleBase.fireLifecycleEvent(LifecycleBase.java:109)
		at org.apache.catalina.core.StandardContext.startInternal(StandardContext.java:4328)
		at org.apache.catalina.util.LifecycleBase.start(LifecycleBase.java:164)
		at org.apache.catalina.core.ContainerBase.addChildInternal(ContainerBase.java:599)
		at org.apache.catalina.core.ContainerBase.addChild(ContainerBase.java:571)
		at org.apache.catalina.core.StandardHost.addChild(StandardHost.java:654)
		at org.apache.catalina.startup.HostConfig.deployDirectory(HostConfig.java:1130)
		at org.apache.catalina.startup.HostConfig$DeployDirectory.run(HostConfig.java:1933)
		at java.base/java.util.concurrent.Executors$RunnableAdapter.call(Executors.java:572)
		at java.base/java.util.concurrent.FutureTask.run(FutureTask.java:317)
		at org.apache.tomcat.util.threads.InlineExecutorService.execute(InlineExecutorService.java:75)
		at java.base/java.util.concurrent.AbstractExecutorService.submit(AbstractExecutorService.java:123)
		at org.apache.catalina.startup.HostConfig.deployDirectories(HostConfig.java:1041)
		at org.apache.catalina.startup.HostConfig.deployApps(HostConfig.java:425)
		at org.apache.catalina.startup.HostConfig.start(HostConfig.java:1629)
		at org.apache.catalina.startup.HostConfig.lifecycleEvent(HostConfig.java:303)
		at org.apache.catalina.util.LifecycleBase.fireLifecycleEvent(LifecycleBase.java:109)
		at org.apache.catalina.util.LifecycleBase.setStateInternal(LifecycleBase.java:385)
		at org.apache.catalina.util.LifecycleBase.setState(LifecycleBase.java:332)
		at org.apache.catalina.core.ContainerBase.startInternal(ContainerBase.java:776)
		at org.apache.catalina.core.StandardHost.startInternal(StandardHost.java:772)
		at org.apache.catalina.util.LifecycleBase.start(LifecycleBase.java:164)
		at org.apache.catalina.core.ContainerBase$StartChild.call(ContainerBase.java:1203)
		at org.apache.catalina.core.ContainerBase$StartChild.call(ContainerBase.java:1193)
		at java.base/java.util.concurrent.FutureTask.run(FutureTask.java:317)
		at org.apache.tomcat.util.threads.InlineExecutorService.execute(InlineExecutorService.java:75)
		at java.base/java.util.concurrent.AbstractExecutorService.submit(AbstractExecutorService.java:145)
		at org.apache.catalina.core.ContainerBase.startInternal(ContainerBase.java:749)
		at org.apache.catalina.core.StandardEngine.startInternal(StandardEngine.java:203)
		at org.apache.catalina.util.LifecycleBase.start(LifecycleBase.java:164)
		at org.apache.catalina.core.StandardService.startInternal(StandardService.java:415)
		at org.apache.catalina.util.LifecycleBase.start(LifecycleBase.java:164)
		at org.apache.catalina.core.StandardServer.startInternal(StandardServer.java:870)
		at org.apache.catalina.util.LifecycleBase.start(LifecycleBase.java:164)
		at org.apache.catalina.startup.Catalina.start(Catalina.java:757)
		at java.base/jdk.internal.reflect.DirectMethodHandleAccessor.invoke(DirectMethodHandleAccessor.java:103)
		at java.base/java.lang.reflect.Method.invoke(Method.java:580)
		at org.apache.catalina.startup.Bootstrap.start(Bootstrap.java:345)
		at org.apache.catalina.startup.Bootstrap.main(Bootstrap.java:473)
12-Dec-2024 23:59:43.135 SCHWERWIEGEND [main] org.apache.tomcat.util.descriptor.web.WebXmlParser.parseWebXml Parse error in application web.xml file at [file:/Users/yseibert/Documents/Studium/Informatik/Bachelor/Thesis/Server/server/apache-tomcat-10.1.30/webapps/camunda/WEB-INF/web.xml]
	org.xml.sax.SAXParseException; systemId: file:/Users/yseibert/Documents/Studium/Informatik/Bachelor/Thesis/Server/server/apache-tomcat-10.1.30/webapps/camunda/WEB-INF/web.xml; lineNumber: 277; columnNumber: 2; Markup im Dokument nach dem Root-Element muss ordnungsgemxE4xDF formatiert sein.
		at java.xml/com.sun.org.apache.xerces.internal.util.ErrorHandlerWrapper.createSAXParseException(ErrorHandlerWrapper.java:204)
		at java.xml/com.sun.org.apache.xerces.internal.util.ErrorHandlerWrapper.fatalError(ErrorHandlerWrapper.java:178)
		at java.xml/com.sun.org.apache.xerces.internal.impl.XMLErrorReporter.reportError(XMLErrorReporter.java:400)
		at java.xml/com.sun.org.apache.xerces.internal.impl.XMLErrorReporter.reportError(XMLErrorReporter.java:327)
		at java.xml/com.sun.org.apache.xerces.internal.impl.XMLScanner.reportFatalError(XMLScanner.java:1465)
		at java.xml/com.sun.org.apache.xerces.internal.impl.XMLDocumentScannerImpl$TrailingMiscDriver.next(XMLDocumentScannerImpl.java:1398)
		at java.xml/com.sun.org.apache.xerces.internal.impl.XMLDocumentScannerImpl.next(XMLDocumentScannerImpl.java:605)
		at java.xml/com.sun.org.apache.xerces.internal.impl.XMLDocumentFragmentScannerImpl.scanDocument(XMLDocumentFragmentScannerImpl.java:542)
		at java.xml/com.sun.org.apache.xerces.internal.parsers.XML11Configuration.parse(XML11Configuration.java:889)
		at java.xml/com.sun.org.apache.xerces.internal.parsers.XML11Configuration.parse(XML11Configuration.java:825)
		at java.xml/com.sun.org.apache.xerces.internal.parsers.XMLParser.parse(XMLParser.java:141)
		at java.xml/com.sun.org.apache.xerces.internal.parsers.AbstractSAXParser.parse(AbstractSAXParser.java:1224)
		at java.xml/com.sun.org.apache.xerces.internal.jaxp.SAXParserImpl$JAXPSAXParser.parse(SAXParserImpl.java:637)
		at org.apache.tomcat.util.digester.Digester.parse(Digester.java:1522)
		at org.apache.tomcat.util.descriptor.web.WebXmlParser.parseWebXml(WebXmlParser.java:119)
		at org.apache.catalina.startup.ContextConfig.webConfig(ContextConfig.java:1236)
		at org.apache.catalina.startup.ContextConfig.configureStart(ContextConfig.java:961)
		at org.apache.catalina.startup.ContextConfig.lifecycleEvent(ContextConfig.java:290)
		at org.apache.catalina.util.LifecycleBase.fireLifecycleEvent(LifecycleBase.java:109)
		at org.apache.catalina.core.StandardContext.startInternal(StandardContext.java:4328)
		at org.apache.catalina.util.LifecycleBase.start(LifecycleBase.java:164)
		at org.apache.catalina.core.ContainerBase.addChildInternal(ContainerBase.java:599)
		at org.apache.catalina.core.ContainerBase.addChild(ContainerBase.java:571)
		at org.apache.catalina.core.StandardHost.addChild(StandardHost.java:654)
		at org.apache.catalina.startup.HostConfig.deployDirectory(HostConfig.java:1130)
		at org.apache.catalina.startup.HostConfig$DeployDirectory.run(HostConfig.java:1933)
		at java.base/java.util.concurrent.Executors$RunnableAdapter.call(Executors.java:572)
		at java.base/java.util.concurrent.FutureTask.run(FutureTask.java:317)
		at org.apache.tomcat.util.threads.InlineExecutorService.execute(InlineExecutorService.java:75)
		at java.base/java.util.concurrent.AbstractExecutorService.submit(AbstractExecutorService.java:123)
		at org.apache.catalina.startup.HostConfig.deployDirectories(HostConfig.java:1041)
		at org.apache.catalina.startup.HostConfig.deployApps(HostConfig.java:425)
		at org.apache.catalina.startup.HostConfig.start(HostConfig.java:1629)
		at org.apache.catalina.startup.HostConfig.lifecycleEvent(HostConfig.java:303)
		at org.apache.catalina.util.LifecycleBase.fireLifecycleEvent(LifecycleBase.java:109)
		at org.apache.catalina.util.LifecycleBase.setStateInternal(LifecycleBase.java:385)
		at org.apache.catalina.util.LifecycleBase.setState(LifecycleBase.java:332)
		at org.apache.catalina.core.ContainerBase.startInternal(ContainerBase.java:776)
		at org.apache.catalina.core.StandardHost.startInternal(StandardHost.java:772)
		at org.apache.catalina.util.LifecycleBase.start(LifecycleBase.java:164)
		at org.apache.catalina.core.ContainerBase$StartChild.call(ContainerBase.java:1203)
		at org.apache.catalina.core.ContainerBase$StartChild.call(ContainerBase.java:1193)
		at java.base/java.util.concurrent.FutureTask.run(FutureTask.java:317)
		at org.apache.tomcat.util.threads.InlineExecutorService.execute(InlineExecutorService.java:75)
		at java.base/java.util.concurrent.AbstractExecutorService.submit(AbstractExecutorService.java:145)
		at org.apache.catalina.core.ContainerBase.startInternal(ContainerBase.java:749)
		at org.apache.catalina.core.StandardEngine.startInternal(StandardEngine.java:203)
		at org.apache.catalina.util.LifecycleBase.start(LifecycleBase.java:164)
		at org.apache.catalina.core.StandardService.startInternal(StandardService.java:415)
		at org.apache.catalina.util.LifecycleBase.start(LifecycleBase.java:164)
		at org.apache.catalina.core.StandardServer.startInternal(StandardServer.java:870)
		at org.apache.catalina.util.LifecycleBase.start(LifecycleBase.java:164)
		at org.apache.catalina.startup.Catalina.start(Catalina.java:757)
		at java.base/jdk.internal.reflect.DirectMethodHandleAccessor.invoke(DirectMethodHandleAccessor.java:103)
		at java.base/java.lang.reflect.Method.invoke(Method.java:580)
		at org.apache.catalina.startup.Bootstrap.start(Bootstrap.java:345)
		at org.apache.catalina.startup.Bootstrap.main(Bootstrap.java:473)
12-Dec-2024 23:59:43.135 SCHWERWIEGEND [main] org.apache.tomcat.util.descriptor.web.WebXmlParser.parseWebXml Occurred at line [277] column [2]
12-Dec-2024 23:59:43.143 SCHWERWIEGEND [main] org.apache.catalina.startup.ContextConfig.configureStart Marking this application unavailable due to previous error(s)
12-Dec-2024 23:59:43.143 SCHWERWIEGEND [main] org.apache.catalina.core.StandardContext.startInternal One or more components marked the context as not correctly configured
12-Dec-2024 23:59:43.143 SCHWERWIEGEND [main] org.apache.catalina.core.StandardContext.startInternal Context [/camunda] startup failed due to previous errors
12-Dec-2024 23:59:43.148 INFORMATION [main] org.apache.catalina.startup.HostConfig.deployDirectory Deployment of web application directory [/Users/yseibert/Documents/Studium/Informatik/Bachelor/Thesis/Server/server/apache-tomcat-10.1.30/webapps/camunda] has finished in [33] ms
12-Dec-2024 23:59:43.149 INFORMATION [main] org.apache.catalina.startup.HostConfig.deployDirectory Deploye Web-Applikations-Verzeichnis [/Users/yseibert/Documents/Studium/Informatik/Bachelor/Thesis/Server/server/apache-tomcat-10.1.30/webapps/docs]
12-Dec-2024 23:59:44.426 INFORMATION [main] org.apache.jasper.servlet.TldScanner.scanJars At least one JAR was scanned for TLDs yet contained no TLDs. Enable debug logging for this logger for a complete list of JARs that were scanned but no TLDs were found in them. Skipping unneeded JARs during scanning can improve startup time and JSP compilation time.
12-Dec-2024 23:59:44.427 INFORMATION [main] org.apache.catalina.startup.HostConfig.deployDirectory Deployment of web application directory [/Users/yseibert/Documents/Studium/Informatik/Bachelor/Thesis/Server/server/apache-tomcat-10.1.30/webapps/docs] has finished in [1.278] ms
12-Dec-2024 23:59:44.427 INFORMATION [main] org.apache.catalina.startup.HostConfig.deployDirectory Deploye Web-Applikations-Verzeichnis [/Users/yseibert/Documents/Studium/Informatik/Bachelor/Thesis/Server/server/apache-tomcat-10.1.30/webapps/manager]
12-Dec-2024 23:59:45.781 INFORMATION [main] org.apache.jasper.servlet.TldScanner.scanJars At least one JAR was scanned for TLDs yet contained no TLDs. Enable debug logging for this logger for a complete list of JARs that were scanned but no TLDs were found in them. Skipping unneeded JARs during scanning can improve startup time and JSP compilation time.
12-Dec-2024 23:59:45.785 INFORMATION [main] org.apache.catalina.startup.HostConfig.deployDirectory Deployment of web application directory [/Users/yseibert/Documents/Studium/Informatik/Bachelor/Thesis/Server/server/apache-tomcat-10.1.30/webapps/manager] has finished in [1.358] ms
12-Dec-2024 23:59:45.785 INFORMATION [main] org.apache.catalina.startup.HostConfig.deployDirectory Deploye Web-Applikations-Verzeichnis [/Users/yseibert/Documents/Studium/Informatik/Bachelor/Thesis/Server/server/apache-tomcat-10.1.30/webapps/camunda-invoice]
12-Dec-2024 23:59:47.109 INFORMATION [main] org.apache.jasper.servlet.TldScanner.scanJars At least one JAR was scanned for TLDs yet contained no TLDs. Enable debug logging for this logger for a complete list of JARs that were scanned but no TLDs were found in them. Skipping unneeded JARs during scanning can improve startup time and JSP compilation time.
12-Dec-2024 23:59:47.110 INFORMATION [main] org.camunda.commons.logging.BaseLogger.logInfo ENGINE-07015 Detected @ProcessApplication class 'org.camunda.bpm.example.invoice.InvoiceProcessApplication'
12-Dec-2024 23:59:47.117 INFORMATION [main] org.camunda.commons.logging.BaseLogger.logInfo ENGINE-08024 Found processes.xml file at file:/Users/yseibert/Documents/Studium/Informatik/Bachelor/Thesis/Server/server/apache-tomcat-10.1.30/webapps/camunda-invoice/WEB-INF/classes/META-INF/processes.xml
12-Dec-2024 23:59:47.132 INFORMATION [main] org.camunda.commons.logging.BaseLogger.logInfo ENGINE-08023 Deployment summary for process archive 'InvoiceProcessApplication': 

        invoiceBusinessDecisions.dmn
        invoice.v2.bpmn

12-Dec-2024 23:59:47.271 INFORMATION [main] org.camunda.commons.logging.BaseLogger.logInfo ENGINE-07021 ProcessApplication 'InvoiceProcessApplication' registered for DB deployments [c1c3a021-b57c-11ef-b0f8-7ec43c09911f, c1a96157-b57c-11ef-b0f8-7ec43c09911f]. Will execute process definitions 

        invoice[version: 2, id: invoice:2:c1c574e4-b57c-11ef-b0f8-7ec43c09911f]
        ReviewInvoice[version: 1, id: ReviewInvoice:1:c1b3c19d-b57c-11ef-b0f8-7ec43c09911f]
        invoice[version: 1, id: invoice:1:c1b3255b-b57c-11ef-b0f8-7ec43c09911f]
Deployment does not provide any case definitions.
12-Dec-2024 23:59:47.272 INFORMATION [main] org.camunda.commons.logging.BaseLogger.logInfo SPIN-01010 Discovered Spin data format provider: org.camunda.spin.impl.json.jackson.format.JacksonJsonDataFormatProvider[name = application/json]
12-Dec-2024 23:59:47.273 INFORMATION [main] org.camunda.commons.logging.BaseLogger.logInfo SPIN-01010 Discovered Spin data format provider: org.camunda.spin.impl.xml.dom.format.DomXmlDataFormatProvider[name = application/xml]
12-Dec-2024 23:59:47.277 INFORMATION [main] org.camunda.commons.logging.BaseLogger.logInfo SPIN-01009 Discovered Spin data format: org.camunda.spin.impl.xml.dom.format.DomXmlDataFormat[name = application/xml]
12-Dec-2024 23:59:47.277 INFORMATION [main] org.camunda.commons.logging.BaseLogger.logInfo SPIN-01009 Discovered Spin data format: org.camunda.spin.impl.json.jackson.format.JacksonJsonDataFormat[name = application/json]
12-Dec-2024 23:59:47.309 INFORMATION [main] org.camunda.bpm.example.invoice.InvoiceApplicationHelper.startProcessInstances No new instances of Invoice Receipt version 1 started, there are 3 instances running
12-Dec-2024 23:59:47.325 INFORMATION [main] org.camunda.bpm.example.invoice.InvoiceApplicationHelper.startProcessInstances No new instances of Invoice Receipt version 2 started, there are 4 instances running
12-Dec-2024 23:59:47.325 INFORMATION [main] org.camunda.commons.logging.BaseLogger.logInfo ENGINE-08050 Process application InvoiceProcessApplication successfully deployed
12-Dec-2024 23:59:47.326 INFORMATION [main] org.apache.catalina.startup.HostConfig.deployDirectory Deployment of web application directory [/Users/yseibert/Documents/Studium/Informatik/Bachelor/Thesis/Server/server/apache-tomcat-10.1.30/webapps/camunda-invoice] has finished in [1.541] ms
12-Dec-2024 23:59:47.326 INFORMATION [main] org.apache.catalina.startup.HostConfig.deployDirectory Deploye Web-Applikations-Verzeichnis [/Users/yseibert/Documents/Studium/Informatik/Bachelor/Thesis/Server/server/apache-tomcat-10.1.30/webapps/examples]
12-Dec-2024 23:59:48.656 INFORMATION [main] org.apache.jasper.servlet.TldScanner.scanJars At least one JAR was scanned for TLDs yet contained no TLDs. Enable debug logging for this logger for a complete list of JARs that were scanned but no TLDs were found in them. Skipping unneeded JARs during scanning can improve startup time and JSP compilation time.
12-Dec-2024 23:59:48.664 INFORMATION [main] org.apache.catalina.startup.HostConfig.deployDirectory Deployment of web application directory [/Users/yseibert/Documents/Studium/Informatik/Bachelor/Thesis/Server/server/apache-tomcat-10.1.30/webapps/examples] has finished in [1.338] ms
12-Dec-2024 23:59:48.664 INFORMATION [main] org.apache.catalina.startup.HostConfig.deployDirectory Deploye Web-Applikations-Verzeichnis [/Users/yseibert/Documents/Studium/Informatik/Bachelor/Thesis/Server/server/apache-tomcat-10.1.30/webapps/ROOT]
12-Dec-2024 23:59:49.998 INFORMATION [main] org.apache.jasper.servlet.TldScanner.scanJars At least one JAR was scanned for TLDs yet contained no TLDs. Enable debug logging for this logger for a complete list of JARs that were scanned but no TLDs were found in them. Skipping unneeded JARs during scanning can improve startup time and JSP compilation time.
12-Dec-2024 23:59:49.999 INFORMATION [main] org.apache.catalina.startup.HostConfig.deployDirectory Deployment of web application directory [/Users/yseibert/Documents/Studium/Informatik/Bachelor/Thesis/Server/server/apache-tomcat-10.1.30/webapps/ROOT] has finished in [1.335] ms
12-Dec-2024 23:59:49.999 INFORMATION [main] org.apache.catalina.startup.HostConfig.deployDirectory Deploye Web-Applikations-Verzeichnis [/Users/yseibert/Documents/Studium/Informatik/Bachelor/Thesis/Server/server/apache-tomcat-10.1.30/webapps/host-manager]
12-Dec-2024 23:59:51.334 INFORMATION [main] org.apache.jasper.servlet.TldScanner.scanJars At least one JAR was scanned for TLDs yet contained no TLDs. Enable debug logging for this logger for a complete list of JARs that were scanned but no TLDs were found in them. Skipping unneeded JARs during scanning can improve startup time and JSP compilation time.
12-Dec-2024 23:59:51.335 INFORMATION [main] org.apache.catalina.startup.HostConfig.deployDirectory Deployment of web application directory [/Users/yseibert/Documents/Studium/Informatik/Bachelor/Thesis/Server/server/apache-tomcat-10.1.30/webapps/host-manager] has finished in [1.336] ms
12-Dec-2024 23:59:51.338 INFORMATION [main] org.apache.coyote.AbstractProtocol.start Starting ProtocolHandler ["http-nio-8080"]
12-Dec-2024 23:59:51.346 INFORMATION [main] org.apache.catalina.startup.Catalina.start Server startup in [13446] milliseconds
