16-Dec-2024 14:57:31.806 INFORMATION [main] org.apache.catalina.startup.VersionLoggerListener.log Server Version:        Apache Tomcat/10.1.30
16-Dec-2024 14:57:31.808 INFORMATION [main] org.apache.catalina.startup.VersionLoggerListener.log Server built:          Sep 13 2024 20:26:16 UTC
16-Dec-2024 14:57:31.809 INFORMATION [main] org.apache.catalina.startup.VersionLoggerListener.log Server version number: 10.1.30.0
16-Dec-2024 14:57:31.809 INFORMATION [main] org.apache.catalina.startup.VersionLoggerListener.log OS Name:               Mac OS X
16-Dec-2024 14:57:31.809 INFORMATION [main] org.apache.catalina.startup.VersionLoggerListener.log OS Version:            15.1.1
16-Dec-2024 14:57:31.809 INFORMATION [main] org.apache.catalina.startup.VersionLoggerListener.log Architektur:           aarch64
16-Dec-2024 14:57:31.809 INFORMATION [main] org.apache.catalina.startup.VersionLoggerListener.log Java Home:             /Library/Java/JavaVirtualMachines/zulu-21.jdk/Contents/Home
16-Dec-2024 14:57:31.809 INFORMATION [main] org.apache.catalina.startup.VersionLoggerListener.log JVM Version:           21.0.1+12-LTS
16-Dec-2024 14:57:31.809 INFORMATION [main] org.apache.catalina.startup.VersionLoggerListener.log JVM Hersteller:        Azul Systems, Inc.
16-Dec-2024 14:57:31.809 INFORMATION [main] org.apache.catalina.startup.VersionLoggerListener.log CATALINA_BASE:         /Users/yseibert/Documents/Studium/Informatik/Bachelor/Thesis/Server/server/apache-tomcat-10.1.30
16-Dec-2024 14:57:31.809 INFORMATION [main] org.apache.catalina.startup.VersionLoggerListener.log CATALINA_HOME:         /Users/yseibert/Documents/Studium/Informatik/Bachelor/Thesis/Server/server/apache-tomcat-10.1.30
16-Dec-2024 14:57:31.823 INFORMATION [main] org.apache.catalina.startup.VersionLoggerListener.log Command line argument: -Djava.util.logging.config.file=./server/apache-tomcat-10.1.30/conf/logging.properties
16-Dec-2024 14:57:31.823 INFORMATION [main] org.apache.catalina.startup.VersionLoggerListener.log Command line argument: -Djava.util.logging.manager=org.apache.juli.ClassLoaderLogManager
16-Dec-2024 14:57:31.823 INFORMATION [main] org.apache.catalina.startup.VersionLoggerListener.log Command line argument: -Djdk.tls.ephemeralDHKeySize=2048
16-Dec-2024 14:57:31.823 INFORMATION [main] org.apache.catalina.startup.VersionLoggerListener.log Command line argument: -Djava.protocol.handler.pkgs=org.apache.catalina.webresources
16-Dec-2024 14:57:31.823 INFORMATION [main] org.apache.catalina.startup.VersionLoggerListener.log Command line argument: -Dorg.apache.catalina.security.SecurityListener.UMASK=0027
16-Dec-2024 14:57:31.823 INFORMATION [main] org.apache.catalina.startup.VersionLoggerListener.log Command line argument: --add-opens=java.base/java.lang=ALL-UNNAMED
16-Dec-2024 14:57:31.823 INFORMATION [main] org.apache.catalina.startup.VersionLoggerListener.log Command line argument: --add-opens=java.base/java.io=ALL-UNNAMED
16-Dec-2024 14:57:31.823 INFORMATION [main] org.apache.catalina.startup.VersionLoggerListener.log Command line argument: --add-opens=java.base/java.util=ALL-UNNAMED
16-Dec-2024 14:57:31.823 INFORMATION [main] org.apache.catalina.startup.VersionLoggerListener.log Command line argument: --add-opens=java.base/java.util.concurrent=ALL-UNNAMED
16-Dec-2024 14:57:31.823 INFORMATION [main] org.apache.catalina.startup.VersionLoggerListener.log Command line argument: --add-opens=java.rmi/sun.rmi.transport=ALL-UNNAMED
16-Dec-2024 14:57:31.823 INFORMATION [main] org.apache.catalina.startup.VersionLoggerListener.log Command line argument: -Xmx512m
16-Dec-2024 14:57:31.823 INFORMATION [main] org.apache.catalina.startup.VersionLoggerListener.log Command line argument: -Dcatalina.base=./server/apache-tomcat-10.1.30
16-Dec-2024 14:57:31.823 INFORMATION [main] org.apache.catalina.startup.VersionLoggerListener.log Command line argument: -Dcatalina.home=./server/apache-tomcat-10.1.30
16-Dec-2024 14:57:31.823 INFORMATION [main] org.apache.catalina.startup.VersionLoggerListener.log Command line argument: -Djava.io.tmpdir=./server/apache-tomcat-10.1.30/temp
16-Dec-2024 14:57:31.829 INFORMATION [main] org.apache.catalina.core.AprLifecycleListener.lifecycleEvent The Apache Tomcat Native library which allows using OpenSSL was not found on the java.library.path: [/Users/yseibert/Library/Java/Extensions:/Library/Java/Extensions:/Network/Library/Java/Extensions:/System/Library/Java/Extensions:/usr/lib/java:.]
16-Dec-2024 14:57:31.980 INFORMATION [main] org.apache.coyote.AbstractProtocol.init Initialisiere ProtocolHandler["http-nio-8080"]
16-Dec-2024 14:57:31.999 INFORMATION [main] org.apache.catalina.startup.Catalina.load Server initialization in [313] milliseconds
16-Dec-2024 14:57:32.237 INFORMATION [main] org.camunda.commons.logging.BaseLogger.logInfo ENGINE-08046 Found Camunda Platform configuration in CATALINA_BASE/CATALINA_HOME conf directory [/Users/yseibert/Documents/Studium/Informatik/Bachelor/Thesis/Server/server/apache-tomcat-10.1.30/conf/bpm-platform.xml] at 'file:/Users/yseibert/Documents/Studium/Informatik/Bachelor/Thesis/Server/server/apache-tomcat-10.1.30/conf/bpm-platform.xml'
16-Dec-2024 14:57:32.306 INFORMATION [main] org.camunda.commons.logging.BaseLogger.logInfo ENGINE-12003 Plugin 'ProcessApplicationEventListenerPlugin' activated on process engine 'default'
16-Dec-2024 14:57:32.308 INFORMATION [main] org.camunda.commons.logging.BaseLogger.logInfo ENGINE-12003 Plugin 'SpinProcessEnginePlugin' activated on process engine 'default'
16-Dec-2024 14:57:32.310 INFORMATION [main] org.camunda.commons.logging.BaseLogger.logInfo SPIN-01010 Discovered Spin data format provider: org.camunda.spin.impl.json.jackson.format.JacksonJsonDataFormatProvider[name = application/json]
16-Dec-2024 14:57:32.390 INFORMATION [main] org.camunda.commons.logging.BaseLogger.logInfo SPIN-01010 Discovered Spin data format provider: org.camunda.spin.impl.xml.dom.format.DomXmlDataFormatProvider[name = application/xml]
16-Dec-2024 14:57:32.442 INFORMATION [main] org.camunda.commons.logging.BaseLogger.logInfo SPIN-01009 Discovered Spin data format: org.camunda.spin.impl.xml.dom.format.DomXmlDataFormat[name = application/xml]
16-Dec-2024 14:57:32.442 INFORMATION [main] org.camunda.commons.logging.BaseLogger.logInfo SPIN-01009 Discovered Spin data format: org.camunda.spin.impl.json.jackson.format.JacksonJsonDataFormat[name = application/json]
16-Dec-2024 14:57:32.442 INFORMATION [main] org.camunda.commons.logging.BaseLogger.logInfo ENGINE-12003 Plugin 'ConnectProcessEnginePlugin' activated on process engine 'default'
16-Dec-2024 14:57:32.547 INFORMATION [main] org.camunda.commons.logging.BaseLogger.logInfo CNCT-01004 Discovered provider for connector id 'http-connector' and class 'org.camunda.connect.httpclient.impl.HttpConnectorImpl': 'org.camunda.connect.httpclient.impl.HttpConnectorProviderImpl'
16-Dec-2024 14:57:32.548 INFORMATION [main] org.camunda.commons.logging.BaseLogger.logInfo CNCT-01004 Discovered provider for connector id 'soap-http-connector' and class 'org.camunda.connect.httpclient.soap.impl.SoapHttpConnectorImpl': 'org.camunda.connect.httpclient.soap.impl.SoapHttpConnectorProviderImpl'
16-Dec-2024 14:57:32.618 INFORMATION [main] org.camunda.commons.logging.BaseLogger.logInfo FEEL/SCALA-01001 Spin value mapper detected
16-Dec-2024 14:57:32.670 INFORMATION [main] org.camunda.feel.FeelEngine.<init> Engine created. [value-mapper: CompositeValueMapper(List(org.camunda.feel.impl.JavaValueMapper@4f89331f, org.camunda.spin.plugin.impl.feel.integration.SpinValueMapper@618ff5c2)), function-provider: org.camunda.bpm.dmn.feel.impl.scala.function.CustomFunctionTransformer@34780cd9, clock: SystemClock, configuration: {externalFunctionsEnabled: false}]
16-Dec-2024 14:57:33.739 INFORMATION [main] org.camunda.commons.logging.BaseLogger.logInfo ENGINE-00001 Process Engine default created.
16-Dec-2024 14:57:33.740 INFORMATION [main] org.camunda.commons.logging.BaseLogger.logInfo ENGINE-14014 Starting up the JobExecutor[org.camunda.bpm.engine.impl.jobexecutor.RuntimeContainerJobExecutor].
16-Dec-2024 14:57:33.740 INFORMATION [Thread-3] org.camunda.commons.logging.BaseLogger.logInfo ENGINE-14018 JobExecutor[org.camunda.bpm.engine.impl.jobexecutor.RuntimeContainerJobExecutor] starting to acquire jobs
16-Dec-2024 14:57:33.741 INFORMATION [main] org.camunda.commons.logging.BaseLogger.logInfo ENGINE-08048 Camunda Platform sucessfully started at 'Apache Tomcat/10.1.30'.
16-Dec-2024 14:57:33.750 INFORMATION [main] org.apache.catalina.core.StandardService.startInternal Starting service [Catalina]
16-Dec-2024 14:57:33.751 INFORMATION [main] org.apache.catalina.core.StandardEngine.startInternal Starting Servlet engine: [Apache Tomcat/10.1.30]
16-Dec-2024 14:57:33.754 INFORMATION [main] org.apache.catalina.startup.HostConfig.deployDirectory Deploye Web-Applikations-Verzeichnis [/Users/yseibert/Documents/Studium/Informatik/Bachelor/Thesis/Server/server/apache-tomcat-10.1.30/webapps/camunda-welcome]
16-Dec-2024 14:57:35.493 INFORMATION [main] org.apache.jasper.servlet.TldScanner.scanJars At least one JAR was scanned for TLDs yet contained no TLDs. Enable debug logging for this logger for a complete list of JARs that were scanned but no TLDs were found in them. Skipping unneeded JARs during scanning can improve startup time and JSP compilation time.
16-Dec-2024 14:57:35.507 INFORMATION [main] org.apache.catalina.startup.HostConfig.deployDirectory Deployment of web application directory [/Users/yseibert/Documents/Studium/Informatik/Bachelor/Thesis/Server/server/apache-tomcat-10.1.30/webapps/camunda-welcome] has finished in [1.753] ms
16-Dec-2024 14:57:35.507 INFORMATION [main] org.apache.catalina.startup.HostConfig.deployDirectory Deploye Web-Applikations-Verzeichnis [/Users/yseibert/Documents/Studium/Informatik/Bachelor/Thesis/Server/server/apache-tomcat-10.1.30/webapps/engine-rest]
16-Dec-2024 14:57:37.183 INFORMATION [main] org.apache.jasper.servlet.TldScanner.scanJars At least one JAR was scanned for TLDs yet contained no TLDs. Enable debug logging for this logger for a complete list of JARs that were scanned but no TLDs were found in them. Skipping unneeded JARs during scanning can improve startup time and JSP compilation time.
16-Dec-2024 14:57:37.316 INFORMATION [main] org.apache.catalina.startup.HostConfig.deployDirectory Deployment of web application directory [/Users/yseibert/Documents/Studium/Informatik/Bachelor/Thesis/Server/server/apache-tomcat-10.1.30/webapps/engine-rest] has finished in [1.809] ms
16-Dec-2024 14:57:37.316 INFORMATION [main] org.apache.catalina.startup.HostConfig.deployDirectory Deploye Web-Applikations-Verzeichnis [/Users/yseibert/Documents/Studium/Informatik/Bachelor/Thesis/Server/server/apache-tomcat-10.1.30/webapps/camunda]
16-Dec-2024 14:57:38.807 INFORMATION [main] org.apache.jasper.servlet.TldScanner.scanJars At least one JAR was scanned for TLDs yet contained no TLDs. Enable debug logging for this logger for a complete list of JARs that were scanned but no TLDs were found in them. Skipping unneeded JARs during scanning can improve startup time and JSP compilation time.
16-Dec-2024 14:57:39.014 INFORMATION [main] org.apache.catalina.startup.HostConfig.deployDirectory Deployment of web application directory [/Users/yseibert/Documents/Studium/Informatik/Bachelor/Thesis/Server/server/apache-tomcat-10.1.30/webapps/camunda] has finished in [1.697] ms
16-Dec-2024 14:57:39.014 INFORMATION [main] org.apache.catalina.startup.HostConfig.deployDirectory Deploye Web-Applikations-Verzeichnis [/Users/yseibert/Documents/Studium/Informatik/Bachelor/Thesis/Server/server/apache-tomcat-10.1.30/webapps/docs]
16-Dec-2024 14:57:40.379 INFORMATION [main] org.apache.jasper.servlet.TldScanner.scanJars At least one JAR was scanned for TLDs yet contained no TLDs. Enable debug logging for this logger for a complete list of JARs that were scanned but no TLDs were found in them. Skipping unneeded JARs during scanning can improve startup time and JSP compilation time.
16-Dec-2024 14:57:40.381 INFORMATION [main] org.apache.catalina.startup.HostConfig.deployDirectory Deployment of web application directory [/Users/yseibert/Documents/Studium/Informatik/Bachelor/Thesis/Server/server/apache-tomcat-10.1.30/webapps/docs] has finished in [1.367] ms
16-Dec-2024 14:57:40.381 INFORMATION [main] org.apache.catalina.startup.HostConfig.deployDirectory Deploye Web-Applikations-Verzeichnis [/Users/yseibert/Documents/Studium/Informatik/Bachelor/Thesis/Server/server/apache-tomcat-10.1.30/webapps/manager]
16-Dec-2024 14:57:41.720 INFORMATION [main] org.apache.jasper.servlet.TldScanner.scanJars At least one JAR was scanned for TLDs yet contained no TLDs. Enable debug logging for this logger for a complete list of JARs that were scanned but no TLDs were found in them. Skipping unneeded JARs during scanning can improve startup time and JSP compilation time.
16-Dec-2024 14:57:41.723 INFORMATION [main] org.apache.catalina.startup.HostConfig.deployDirectory Deployment of web application directory [/Users/yseibert/Documents/Studium/Informatik/Bachelor/Thesis/Server/server/apache-tomcat-10.1.30/webapps/manager] has finished in [1.342] ms
16-Dec-2024 14:57:41.724 INFORMATION [main] org.apache.catalina.startup.HostConfig.deployDirectory Deploye Web-Applikations-Verzeichnis [/Users/yseibert/Documents/Studium/Informatik/Bachelor/Thesis/Server/server/apache-tomcat-10.1.30/webapps/camunda-invoice]
16-Dec-2024 14:57:42.941 INFORMATION [main] org.apache.jasper.servlet.TldScanner.scanJars At least one JAR was scanned for TLDs yet contained no TLDs. Enable debug logging for this logger for a complete list of JARs that were scanned but no TLDs were found in them. Skipping unneeded JARs during scanning can improve startup time and JSP compilation time.
16-Dec-2024 14:57:42.942 INFORMATION [main] org.camunda.commons.logging.BaseLogger.logInfo ENGINE-07015 Detected @ProcessApplication class 'org.camunda.bpm.example.invoice.InvoiceProcessApplication'
16-Dec-2024 14:57:42.946 INFORMATION [main] org.camunda.commons.logging.BaseLogger.logInfo ENGINE-08024 Found processes.xml file at file:/Users/yseibert/Documents/Studium/Informatik/Bachelor/Thesis/Server/server/apache-tomcat-10.1.30/webapps/camunda-invoice/WEB-INF/classes/META-INF/processes.xml
16-Dec-2024 14:57:42.962 INFORMATION [main] org.camunda.commons.logging.BaseLogger.logInfo ENGINE-08023 Deployment summary for process archive 'InvoiceProcessApplication': 

        invoiceBusinessDecisions.dmn
        invoice.v2.bpmn

16-Dec-2024 14:57:43.097 INFORMATION [main] org.camunda.commons.logging.BaseLogger.logInfo ENGINE-07021 ProcessApplication 'InvoiceProcessApplication' registered for DB deployments [c1c3a021-b57c-11ef-b0f8-7ec43c09911f, c1a96157-b57c-11ef-b0f8-7ec43c09911f]. Will execute process definitions 

        invoice[version: 2, id: invoice:2:c1c574e4-b57c-11ef-b0f8-7ec43c09911f]
        ReviewInvoice[version: 1, id: ReviewInvoice:1:c1b3c19d-b57c-11ef-b0f8-7ec43c09911f]
        invoice[version: 1, id: invoice:1:c1b3255b-b57c-11ef-b0f8-7ec43c09911f]
Deployment does not provide any case definitions.
16-Dec-2024 14:57:43.099 INFORMATION [main] org.camunda.commons.logging.BaseLogger.logInfo SPIN-01010 Discovered Spin data format provider: org.camunda.spin.impl.json.jackson.format.JacksonJsonDataFormatProvider[name = application/json]
16-Dec-2024 14:57:43.100 INFORMATION [main] org.camunda.commons.logging.BaseLogger.logInfo SPIN-01010 Discovered Spin data format provider: org.camunda.spin.impl.xml.dom.format.DomXmlDataFormatProvider[name = application/xml]
16-Dec-2024 14:57:43.108 INFORMATION [main] org.camunda.commons.logging.BaseLogger.logInfo SPIN-01009 Discovered Spin data format: org.camunda.spin.impl.xml.dom.format.DomXmlDataFormat[name = application/xml]
16-Dec-2024 14:57:43.108 INFORMATION [main] org.camunda.commons.logging.BaseLogger.logInfo SPIN-01009 Discovered Spin data format: org.camunda.spin.impl.json.jackson.format.JacksonJsonDataFormat[name = application/json]
16-Dec-2024 14:57:43.141 INFORMATION [main] org.camunda.bpm.example.invoice.InvoiceApplicationHelper.startProcessInstances No new instances of Invoice Receipt version 1 started, there are 3 instances running
16-Dec-2024 14:57:43.156 INFORMATION [main] org.camunda.bpm.example.invoice.InvoiceApplicationHelper.startProcessInstances No new instances of Invoice Receipt version 2 started, there are 4 instances running
16-Dec-2024 14:57:43.156 INFORMATION [main] org.camunda.commons.logging.BaseLogger.logInfo ENGINE-08050 Process application InvoiceProcessApplication successfully deployed
16-Dec-2024 14:57:43.157 INFORMATION [main] org.apache.catalina.startup.HostConfig.deployDirectory Deployment of web application directory [/Users/yseibert/Documents/Studium/Informatik/Bachelor/Thesis/Server/server/apache-tomcat-10.1.30/webapps/camunda-invoice] has finished in [1.433] ms
16-Dec-2024 14:57:43.157 INFORMATION [main] org.apache.catalina.startup.HostConfig.deployDirectory Deploye Web-Applikations-Verzeichnis [/Users/yseibert/Documents/Studium/Informatik/Bachelor/Thesis/Server/server/apache-tomcat-10.1.30/webapps/examples]
16-Dec-2024 14:57:44.538 INFORMATION [main] org.apache.jasper.servlet.TldScanner.scanJars At least one JAR was scanned for TLDs yet contained no TLDs. Enable debug logging for this logger for a complete list of JARs that were scanned but no TLDs were found in them. Skipping unneeded JARs during scanning can improve startup time and JSP compilation time.
16-Dec-2024 14:57:44.546 INFORMATION [main] org.apache.catalina.startup.HostConfig.deployDirectory Deployment of web application directory [/Users/yseibert/Documents/Studium/Informatik/Bachelor/Thesis/Server/server/apache-tomcat-10.1.30/webapps/examples] has finished in [1.389] ms
16-Dec-2024 14:57:44.547 INFORMATION [main] org.apache.catalina.startup.HostConfig.deployDirectory Deploye Web-Applikations-Verzeichnis [/Users/yseibert/Documents/Studium/Informatik/Bachelor/Thesis/Server/server/apache-tomcat-10.1.30/webapps/ROOT]
16-Dec-2024 14:57:45.968 INFORMATION [main] org.apache.jasper.servlet.TldScanner.scanJars At least one JAR was scanned for TLDs yet contained no TLDs. Enable debug logging for this logger for a complete list of JARs that were scanned but no TLDs were found in them. Skipping unneeded JARs during scanning can improve startup time and JSP compilation time.
16-Dec-2024 14:57:45.969 INFORMATION [main] org.apache.catalina.startup.HostConfig.deployDirectory Deployment of web application directory [/Users/yseibert/Documents/Studium/Informatik/Bachelor/Thesis/Server/server/apache-tomcat-10.1.30/webapps/ROOT] has finished in [1.422] ms
16-Dec-2024 14:57:45.969 INFORMATION [main] org.apache.catalina.startup.HostConfig.deployDirectory Deploye Web-Applikations-Verzeichnis [/Users/yseibert/Documents/Studium/Informatik/Bachelor/Thesis/Server/server/apache-tomcat-10.1.30/webapps/host-manager]
16-Dec-2024 14:57:47.325 INFORMATION [main] org.apache.jasper.servlet.TldScanner.scanJars At least one JAR was scanned for TLDs yet contained no TLDs. Enable debug logging for this logger for a complete list of JARs that were scanned but no TLDs were found in them. Skipping unneeded JARs during scanning can improve startup time and JSP compilation time.
16-Dec-2024 14:57:47.332 INFORMATION [main] org.apache.catalina.startup.HostConfig.deployDirectory Deployment of web application directory [/Users/yseibert/Documents/Studium/Informatik/Bachelor/Thesis/Server/server/apache-tomcat-10.1.30/webapps/host-manager] has finished in [1.363] ms
16-Dec-2024 14:57:47.335 INFORMATION [main] org.apache.coyote.AbstractProtocol.start Starting ProtocolHandler ["http-nio-8080"]
16-Dec-2024 14:57:47.346 INFORMATION [main] org.apache.catalina.startup.Catalina.start Server startup in [15345] milliseconds
16-Dec-2024 14:57:54.312 INFO [http-nio-8080-exec-2] org.jboss.resteasy.core.ResteasyDeploymentImpl.processApplication RESTEASY002225: Deploying jakarta.ws.rs.core.Application: class org.camunda.bpm.tasklist.impl.web.TasklistApplication
16-Dec-2024 14:57:54.318 INFO [http-nio-8080-exec-2] org.jboss.resteasy.core.ResteasyDeploymentImpl.processApplication RESTEASY002205: Adding provider class org.camunda.bpm.engine.rest.mapper.JacksonConfigurator from Application class org.camunda.bpm.tasklist.impl.web.TasklistApplication
16-Dec-2024 14:57:54.318 INFO [http-nio-8080-exec-2] org.jboss.resteasy.core.ResteasyDeploymentImpl.processApplication RESTEASY002205: Adding provider class com.fasterxml.jackson.jakarta.rs.json.JacksonJsonProvider from Application class org.camunda.bpm.tasklist.impl.web.TasklistApplication
16-Dec-2024 14:57:54.318 INFO [http-nio-8080-exec-2] org.jboss.resteasy.core.ResteasyDeploymentImpl.processApplication RESTEASY002205: Adding provider class org.camunda.bpm.engine.rest.exception.RestExceptionHandler from Application class org.camunda.bpm.tasklist.impl.web.TasklistApplication
16-Dec-2024 14:57:54.318 INFO [http-nio-8080-exec-2] org.jboss.resteasy.core.ResteasyDeploymentImpl.processApplication RESTEASY002205: Adding provider class org.camunda.bpm.engine.rest.exception.ExceptionHandler from Application class org.camunda.bpm.tasklist.impl.web.TasklistApplication
16-Dec-2024 14:57:54.318 INFO [http-nio-8080-exec-2] org.jboss.resteasy.core.ResteasyDeploymentImpl.processApplication RESTEASY002200: Adding class resource org.camunda.bpm.tasklist.impl.plugin.resources.TasklistPluginsRootResource from Application class org.camunda.bpm.tasklist.impl.web.TasklistApplication
16-Dec-2024 14:57:54.429 INFO [http-nio-8080-exec-8] org.jboss.resteasy.core.ResteasyDeploymentImpl.processApplication RESTEASY002225: Deploying jakarta.ws.rs.core.Application: class org.camunda.bpm.webapp.impl.engine.EngineRestApplication
16-Dec-2024 14:57:54.434 INFO [http-nio-8080-exec-8] org.jboss.resteasy.core.ResteasyDeploymentImpl.processApplication RESTEASY002205: Adding provider class org.camunda.bpm.engine.rest.mapper.JacksonConfigurator from Application class org.camunda.bpm.webapp.impl.engine.EngineRestApplication
16-Dec-2024 14:57:54.434 INFO [http-nio-8080-exec-8] org.jboss.resteasy.core.ResteasyDeploymentImpl.processApplication RESTEASY002205: Adding provider class org.camunda.bpm.engine.rest.exception.ProcessEngineExceptionHandler from Application class org.camunda.bpm.webapp.impl.engine.EngineRestApplication
16-Dec-2024 14:57:54.434 INFO [http-nio-8080-exec-8] org.jboss.resteasy.core.ResteasyDeploymentImpl.processApplication RESTEASY002205: Adding provider class com.fasterxml.jackson.jakarta.rs.json.JacksonJsonProvider from Application class org.camunda.bpm.webapp.impl.engine.EngineRestApplication
16-Dec-2024 14:57:54.434 INFO [http-nio-8080-exec-8] org.jboss.resteasy.core.ResteasyDeploymentImpl.processApplication RESTEASY002205: Adding provider class org.camunda.bpm.engine.rest.exception.JsonMappingExceptionHandler from Application class org.camunda.bpm.webapp.impl.engine.EngineRestApplication
16-Dec-2024 14:57:54.434 INFO [http-nio-8080-exec-8] org.jboss.resteasy.core.ResteasyDeploymentImpl.processApplication RESTEASY002205: Adding provider class org.camunda.bpm.engine.rest.exception.RestExceptionHandler from Application class org.camunda.bpm.webapp.impl.engine.EngineRestApplication
16-Dec-2024 14:57:54.434 INFO [http-nio-8080-exec-8] org.jboss.resteasy.core.ResteasyDeploymentImpl.processApplication RESTEASY002200: Adding class resource org.camunda.bpm.engine.rest.impl.NamedProcessEngineRestServiceImpl from Application class org.camunda.bpm.webapp.impl.engine.EngineRestApplication
16-Dec-2024 14:57:54.434 INFO [http-nio-8080-exec-8] org.jboss.resteasy.core.ResteasyDeploymentImpl.processApplication RESTEASY002205: Adding provider class org.camunda.bpm.engine.rest.exception.JsonParseExceptionHandler from Application class org.camunda.bpm.webapp.impl.engine.EngineRestApplication
16-Dec-2024 14:57:54.435 INFO [http-nio-8080-exec-8] org.jboss.resteasy.core.ResteasyDeploymentImpl.processApplication RESTEASY002205: Adding provider class org.camunda.bpm.engine.rest.mapper.MultipartPayloadProvider from Application class org.camunda.bpm.webapp.impl.engine.EngineRestApplication
16-Dec-2024 14:57:54.435 INFO [http-nio-8080-exec-8] org.jboss.resteasy.core.ResteasyDeploymentImpl.processApplication RESTEASY002205: Adding provider class org.camunda.bpm.engine.rest.hal.JacksonHalJsonProvider from Application class org.camunda.bpm.webapp.impl.engine.EngineRestApplication
16-Dec-2024 14:57:54.435 INFO [http-nio-8080-exec-8] org.jboss.resteasy.core.ResteasyDeploymentImpl.processApplication RESTEASY002205: Adding provider class org.camunda.bpm.engine.rest.exception.ExceptionHandler from Application class org.camunda.bpm.webapp.impl.engine.EngineRestApplication
16-Dec-2024 14:57:54.436 INFO [http-nio-8080-exec-9] org.jboss.resteasy.core.ResteasyDeploymentImpl.processApplication RESTEASY002225: Deploying jakarta.ws.rs.core.Application: class org.camunda.bpm.admin.impl.web.AdminApplication
16-Dec-2024 14:57:54.442 INFO [http-nio-8080-exec-9] org.jboss.resteasy.core.ResteasyDeploymentImpl.processApplication RESTEASY002205: Adding provider class org.camunda.bpm.engine.rest.mapper.JacksonConfigurator from Application class org.camunda.bpm.admin.impl.web.AdminApplication
16-Dec-2024 14:57:54.442 INFO [http-nio-8080-exec-9] org.jboss.resteasy.core.ResteasyDeploymentImpl.processApplication RESTEASY002200: Adding class resource org.camunda.bpm.admin.impl.web.SetupResource from Application class org.camunda.bpm.admin.impl.web.AdminApplication
16-Dec-2024 14:57:54.442 INFO [http-nio-8080-exec-9] org.jboss.resteasy.core.ResteasyDeploymentImpl.processApplication RESTEASY002205: Adding provider class com.fasterxml.jackson.jakarta.rs.json.JacksonJsonProvider from Application class org.camunda.bpm.admin.impl.web.AdminApplication
16-Dec-2024 14:57:54.442 INFO [http-nio-8080-exec-9] org.jboss.resteasy.core.ResteasyDeploymentImpl.processApplication RESTEASY002205: Adding provider class org.camunda.bpm.engine.rest.exception.RestExceptionHandler from Application class org.camunda.bpm.admin.impl.web.AdminApplication
16-Dec-2024 14:57:54.442 INFO [http-nio-8080-exec-9] org.jboss.resteasy.core.ResteasyDeploymentImpl.processApplication RESTEASY002200: Adding class resource org.camunda.bpm.admin.impl.plugin.resources.AdminPluginsRootResource from Application class org.camunda.bpm.admin.impl.web.AdminApplication
16-Dec-2024 14:57:54.442 INFO [http-nio-8080-exec-9] org.jboss.resteasy.core.ResteasyDeploymentImpl.processApplication RESTEASY002205: Adding provider class org.camunda.bpm.engine.rest.exception.ExceptionHandler from Application class org.camunda.bpm.admin.impl.web.AdminApplication
16-Dec-2024 14:57:54.442 INFO [http-nio-8080-exec-9] org.jboss.resteasy.core.ResteasyDeploymentImpl.processApplication RESTEASY002200: Adding class resource org.camunda.bpm.webapp.impl.security.auth.UserAuthenticationResource from Application class org.camunda.bpm.admin.impl.web.AdminApplication
16-Dec-2024 15:53:44.275 INFORMATION [main] org.apache.catalina.core.StandardServer.await A valid shutdown command was received via the shutdown port. Stopping the Server instance.
16-Dec-2024 15:53:44.278 INFORMATION [main] org.camunda.commons.logging.BaseLogger.logInfo ENGINE-14015 Shutting down the JobExecutor[org.camunda.bpm.engine.impl.jobexecutor.RuntimeContainerJobExecutor]
16-Dec-2024 15:53:44.278 INFORMATION [Thread-3] org.camunda.commons.logging.BaseLogger.logInfo ENGINE-14020 JobExecutor[org.camunda.bpm.engine.impl.jobexecutor.RuntimeContainerJobExecutor] stopped job acquisition
16-Dec-2024 15:53:44.291 INFORMATION [main] org.camunda.commons.logging.BaseLogger.logInfo ENGINE-08051 Process application InvoiceProcessApplication undeployed
16-Dec-2024 15:53:44.293 INFORMATION [main] org.camunda.commons.logging.BaseLogger.logInfo ENGINE-00007 Process Engine default closed
16-Dec-2024 15:53:44.293 INFORMATION [main] org.camunda.commons.logging.BaseLogger.logInfo ENGINE-08049 Camunda Platform stopped at 'Apache Tomcat/10.1.30'
16-Dec-2024 15:53:44.294 INFORMATION [main] org.apache.coyote.AbstractProtocol.pause Pausing ProtocolHandler ["http-nio-8080"]
16-Dec-2024 15:53:45.299 INFORMATION [main] org.apache.catalina.core.StandardService.stopInternal Stopping service [Catalina]
16-Dec-2024 15:53:45.334 WARNUNG [main] org.camunda.commons.logging.BaseLogger.logWarn ENGINE-07017 Calling undeploy() on process application that is not deployed.
16-Dec-2024 15:53:45.346 WARNUNG [main] org.apache.catalina.loader.WebappClassLoaderBase.clearReferencesThreads The web application [camunda] appears to have started a thread named [H2-lob-cleaner] but has failed to stop it. This is very likely to create a memory leak. Stack trace of thread:
 java.base/jdk.internal.misc.Unsafe.park(Native Method)
 java.base/java.util.concurrent.locks.LockSupport.park(LockSupport.java:371)
 java.base/java.util.concurrent.SynchronousQueue$TransferStack$SNode.block(SynchronousQueue.java:288)
 java.base/java.util.concurrent.ForkJoinPool.unmanagedBlock(ForkJoinPool.java:3780)
 java.base/java.util.concurrent.ForkJoinPool.managedBlock(ForkJoinPool.java:3725)
 java.base/java.util.concurrent.SynchronousQueue$TransferStack.transfer(SynchronousQueue.java:397)
 java.base/java.util.concurrent.SynchronousQueue.take(SynchronousQueue.java:886)
 java.base/java.util.concurrent.ThreadPoolExecutor.getTask(ThreadPoolExecutor.java:1070)
 java.base/java.util.concurrent.ThreadPoolExecutor.runWorker(ThreadPoolExecutor.java:1130)
 java.base/java.util.concurrent.ThreadPoolExecutor$Worker.run(ThreadPoolExecutor.java:642)
 java.base/java.lang.Thread.run(Thread.java:1583)
16-Dec-2024 15:53:45.350 INFORMATION [main] org.apache.coyote.AbstractProtocol.stop Stopping ProtocolHandler ["http-nio-8080"]
16-Dec-2024 15:53:45.956 WARNUNG [main] org.apache.tomcat.util.net.Acceptor.stopMillis The acceptor thread [http-nio-8080-Acceptor] did not stop cleanly
16-Dec-2024 15:53:45.964 INFORMATION [main] org.apache.coyote.AbstractProtocol.destroy Destroying ProtocolHandler ["http-nio-8080"]
