05-Feb-2025 00:21:05.155 INFORMATION [main] org.apache.catalina.core.StandardServer.await A valid shutdown command was received via the shutdown port. Stopping the Server instance.
05-Feb-2025 00:21:05.162 INFORMATION [main] org.camunda.commons.logging.BaseLogger.logInfo ENGINE-14015 Shutting down the JobExecutor[org.camunda.bpm.engine.impl.jobexecutor.RuntimeContainerJobExecutor]
05-Feb-2025 00:21:05.163 INFORMATION [Thread-3] org.camunda.commons.logging.BaseLogger.logInfo ENGINE-14020 JobExecutor[org.camunda.bpm.engine.impl.jobexecutor.RuntimeContainerJobExecutor] stopped job acquisition
05-Feb-2025 00:21:05.184 INFORMATION [main] org.camunda.commons.logging.BaseLogger.logInfo ENGINE-08051 Process application InvoiceProcessApplication undeployed
05-Feb-2025 00:21:05.189 INFORMATION [main] org.camunda.commons.logging.BaseLogger.logInfo ENGINE-00007 Process Engine default closed
05-Feb-2025 00:21:05.189 INFORMATION [main] org.camunda.commons.logging.BaseLogger.logInfo ENGINE-08049 Camunda Platform stopped at 'Apache Tomcat/10.1.30'
05-Feb-2025 00:21:05.190 INFORMATION [main] org.apache.coyote.AbstractProtocol.pause Pausing ProtocolHandler ["http-nio-8080"]
05-Feb-2025 00:21:05.192 INFORMATION [main] org.apache.catalina.core.StandardService.stopInternal Stopping service [Catalina]
05-Feb-2025 00:21:05.210 WARNUNG [main] org.camunda.commons.logging.BaseLogger.logWarn ENGINE-07017 Calling undeploy() on process application that is not deployed.
05-Feb-2025 00:21:05.221 WARNUNG [main] org.apache.catalina.loader.WebappClassLoaderBase.clearReferencesThreads The web application [camunda] appears to have started a thread named [H2-lob-cleaner] but has failed to stop it. This is very likely to create a memory leak. Stack trace of thread:
 java.base/jdk.internal.misc.Unsafe.park(Native Method)
 java.base/java.util.concurrent.locks.LockSupport.park(LockSupport.java:371)
 java.base/java.util.concurrent.SynchronousQueue$TransferStack$SNode.block(SynchronousQueue.java:288)
 java.base/java.util.concurrent.ForkJoinPool.unmanagedBlock(ForkJoinPool.java:3780)
 java.base/java.util.concurrent.ForkJoinPool.managedBlock(ForkJoinPool.java:3725)
 java.base/java.util.concurrent.SynchronousQueue$TransferStack.transfer(SynchronousQueue.java:397)
 java.base/java.util.concurrent.SynchronousQueue.take(SynchronousQueue.java:886)
 java.base/java.util.concurrent.ThreadPoolExecutor.getTask(ThreadPoolExecutor.java:1070)
 java.base/java.util.concurrent.ThreadPoolExecutor.runWorker(ThreadPoolExecutor.java:1130)
 java.base/java.util.concurrent.ThreadPoolExecutor$Worker.run(ThreadPoolExecutor.java:642)
 java.base/java.lang.Thread.run(Thread.java:1583)
05-Feb-2025 00:21:05.224 INFORMATION [main] org.apache.coyote.AbstractProtocol.stop Stopping ProtocolHandler ["http-nio-8080"]
05-Feb-2025 00:21:05.230 INFORMATION [main] org.apache.coyote.AbstractProtocol.destroy Destroying ProtocolHandler ["http-nio-8080"]
