02-Feb-2025 16:17:12.656 INFORMATION [main] org.apache.catalina.core.ApplicationContext.log ContextListener: contextInitialized()
02-Feb-2025 16:17:12.656 INFORMATION [main] org.apache.catalina.core.ApplicationContext.log SessionListener: contextInitialized()
02-Feb-2025 16:17:12.657 INFORMATION [main] org.apache.catalina.core.ApplicationContext.log ContextListener: attributeAdded('StockTicker', 'async.Stockticker@474291c')
02-Feb-2025 21:16:51.527 SCHWERWIEGEND [Catalina-utility-2] org.apache.catalina.core.StandardContext.filterStart Ausnahme beim Starten des Filters [HttpHeaderSecurity]
	jakarta.servlet.ServletException: The property [contentSecurityPolicy] is not defined for filters of type [org.apache.catalina.filters.HttpHeaderSecurityFilter]
		at org.apache.catalina.filters.FilterBase.init(FilterBase.java:56)
		at org.apache.catalina.filters.HttpHeaderSecurityFilter.init(HttpHeaderSecurityFilter.java:73)
		at org.apache.catalina.core.ApplicationFilterConfig.initFilter(ApplicationFilterConfig.java:245)
		at org.apache.catalina.core.ApplicationFilterConfig.getFilter(ApplicationFilterConfig.java:227)
		at org.apache.catalina.core.ApplicationFilterConfig.<init>(ApplicationFilterConfig.java:98)
		at org.apache.catalina.core.StandardContext.filterStart(StandardContext.java:3844)
		at org.apache.catalina.core.StandardContext.startInternal(StandardContext.java:4448)
		at org.apache.catalina.util.LifecycleBase.start(LifecycleBase.java:164)
		at org.apache.catalina.core.StandardContext.reload(StandardContext.java:3207)
		at org.apache.catalina.startup.HostConfig.reload(HostConfig.java:1460)
		at org.apache.catalina.startup.HostConfig.checkResources(HostConfig.java:1435)
		at org.apache.catalina.startup.HostConfig.check(HostConfig.java:1665)
		at org.apache.catalina.startup.HostConfig.lifecycleEvent(HostConfig.java:299)
		at org.apache.catalina.util.LifecycleBase.fireLifecycleEvent(LifecycleBase.java:109)
		at org.apache.catalina.core.ContainerBase.backgroundProcess(ContainerBase.java:973)
		at org.apache.catalina.core.ContainerBase$ContainerBackgroundProcessor.processChildren(ContainerBase.java:1172)
		at org.apache.catalina.core.ContainerBase$ContainerBackgroundProcessor.processChildren(ContainerBase.java:1176)
		at org.apache.catalina.core.ContainerBase$ContainerBackgroundProcessor.run(ContainerBase.java:1154)
		at java.base/java.util.concurrent.Executors$RunnableAdapter.call(Executors.java:572)
		at java.base/java.util.concurrent.FutureTask.runAndReset(FutureTask.java:358)
		at java.base/java.util.concurrent.ScheduledThreadPoolExecutor$ScheduledFutureTask.run(ScheduledThreadPoolExecutor.java:305)
		at java.base/java.util.concurrent.ThreadPoolExecutor.runWorker(ThreadPoolExecutor.java:1144)
		at java.base/java.util.concurrent.ThreadPoolExecutor$Worker.run(ThreadPoolExecutor.java:642)
		at org.apache.tomcat.util.threads.TaskThread$WrappingRunnable.run(TaskThread.java:63)
		at java.base/java.lang.Thread.run(Thread.java:1583)
02-Feb-2025 21:16:57.096 INFORMATION [main] org.apache.catalina.core.ApplicationContext.log SessionListener: contextDestroyed()
02-Feb-2025 21:16:57.096 INFORMATION [main] org.apache.catalina.core.ApplicationContext.log ContextListener: contextDestroyed()
02-Feb-2025 21:17:16.815 INFORMATION [main] org.apache.catalina.core.ApplicationContext.log ContextListener: contextInitialized()
02-Feb-2025 21:17:16.815 INFORMATION [main] org.apache.catalina.core.ApplicationContext.log SessionListener: contextInitialized()
02-Feb-2025 21:17:16.816 INFORMATION [main] org.apache.catalina.core.ApplicationContext.log ContextListener: attributeAdded('StockTicker', 'async.Stockticker@16de39')
02-Feb-2025 21:17:18.062 SCHWERWIEGEND [main] org.apache.catalina.core.StandardContext.filterStart Ausnahme beim Starten des Filters [HttpHeaderSecurity]
	jakarta.servlet.ServletException: The property [contentSecurityPolicy] is not defined for filters of type [org.apache.catalina.filters.HttpHeaderSecurityFilter]
		at org.apache.catalina.filters.FilterBase.init(FilterBase.java:56)
		at org.apache.catalina.filters.HttpHeaderSecurityFilter.init(HttpHeaderSecurityFilter.java:73)
		at org.apache.catalina.core.ApplicationFilterConfig.initFilter(ApplicationFilterConfig.java:245)
		at org.apache.catalina.core.ApplicationFilterConfig.getFilter(ApplicationFilterConfig.java:227)
		at org.apache.catalina.core.ApplicationFilterConfig.<init>(ApplicationFilterConfig.java:98)
		at org.apache.catalina.core.StandardContext.filterStart(StandardContext.java:3844)
		at org.apache.catalina.core.StandardContext.startInternal(StandardContext.java:4448)
		at org.apache.catalina.util.LifecycleBase.start(LifecycleBase.java:164)
		at org.apache.catalina.core.ContainerBase.addChildInternal(ContainerBase.java:599)
		at org.apache.catalina.core.ContainerBase.addChild(ContainerBase.java:571)
		at org.apache.catalina.core.StandardHost.addChild(StandardHost.java:654)
		at org.apache.catalina.startup.HostConfig.deployDirectory(HostConfig.java:1130)
		at org.apache.catalina.startup.HostConfig$DeployDirectory.run(HostConfig.java:1933)
		at java.base/java.util.concurrent.Executors$RunnableAdapter.call(Executors.java:572)
		at java.base/java.util.concurrent.FutureTask.run(FutureTask.java:317)
		at org.apache.tomcat.util.threads.InlineExecutorService.execute(InlineExecutorService.java:75)
		at java.base/java.util.concurrent.AbstractExecutorService.submit(AbstractExecutorService.java:123)
		at org.apache.catalina.startup.HostConfig.deployDirectories(HostConfig.java:1041)
		at org.apache.catalina.startup.HostConfig.deployApps(HostConfig.java:425)
		at org.apache.catalina.startup.HostConfig.start(HostConfig.java:1629)
		at org.apache.catalina.startup.HostConfig.lifecycleEvent(HostConfig.java:303)
		at org.apache.catalina.util.LifecycleBase.fireLifecycleEvent(LifecycleBase.java:109)
		at org.apache.catalina.util.LifecycleBase.setStateInternal(LifecycleBase.java:385)
		at org.apache.catalina.util.LifecycleBase.setState(LifecycleBase.java:332)
		at org.apache.catalina.core.ContainerBase.startInternal(ContainerBase.java:776)
		at org.apache.catalina.core.StandardHost.startInternal(StandardHost.java:772)
		at org.apache.catalina.util.LifecycleBase.start(LifecycleBase.java:164)
		at org.apache.catalina.core.ContainerBase$StartChild.call(ContainerBase.java:1203)
		at org.apache.catalina.core.ContainerBase$StartChild.call(ContainerBase.java:1193)
		at java.base/java.util.concurrent.FutureTask.run(FutureTask.java:317)
		at org.apache.tomcat.util.threads.InlineExecutorService.execute(InlineExecutorService.java:75)
		at java.base/java.util.concurrent.AbstractExecutorService.submit(AbstractExecutorService.java:145)
		at org.apache.catalina.core.ContainerBase.startInternal(ContainerBase.java:749)
		at org.apache.catalina.core.StandardEngine.startInternal(StandardEngine.java:203)
		at org.apache.catalina.util.LifecycleBase.start(LifecycleBase.java:164)
		at org.apache.catalina.core.StandardService.startInternal(StandardService.java:415)
		at org.apache.catalina.util.LifecycleBase.start(LifecycleBase.java:164)
		at org.apache.catalina.core.StandardServer.startInternal(StandardServer.java:870)
		at org.apache.catalina.util.LifecycleBase.start(LifecycleBase.java:164)
		at org.apache.catalina.startup.Catalina.start(Catalina.java:757)
		at java.base/jdk.internal.reflect.DirectMethodHandleAccessor.invoke(DirectMethodHandleAccessor.java:103)
		at java.base/java.lang.reflect.Method.invoke(Method.java:580)
		at org.apache.catalina.startup.Bootstrap.start(Bootstrap.java:345)
		at org.apache.catalina.startup.Bootstrap.main(Bootstrap.java:473)
02-Feb-2025 21:41:14.427 INFORMATION [main] org.apache.catalina.core.ApplicationContext.log SessionListener: contextDestroyed()
02-Feb-2025 21:41:14.427 INFORMATION [main] org.apache.catalina.core.ApplicationContext.log ContextListener: contextDestroyed()
02-Feb-2025 21:41:27.801 INFORMATION [main] org.apache.catalina.core.ApplicationContext.log ContextListener: contextInitialized()
02-Feb-2025 21:41:27.801 INFORMATION [main] org.apache.catalina.core.ApplicationContext.log SessionListener: contextInitialized()
02-Feb-2025 21:41:27.801 INFORMATION [main] org.apache.catalina.core.ApplicationContext.log ContextListener: attributeAdded('StockTicker', 'async.Stockticker@10b53daf')
02-Feb-2025 22:06:31.433 SCHWERWIEGEND [Catalina-utility-2] org.apache.catalina.core.StandardContext.filterStart Ausnahme beim Starten des Filters [CORS]
	jakarta.servlet.ServletException: It is not allowed to configure supportsCredentials=[true] when allowedOrigins=[*]
		at org.apache.catalina.filters.CorsFilter.parseAndStore(CorsFilter.java:673)
		at org.apache.catalina.filters.CorsFilter.init(CorsFilter.java:170)
		at jakarta.servlet.GenericFilter.init(GenericFilter.java:72)
		at org.apache.catalina.core.ApplicationFilterConfig.initFilter(ApplicationFilterConfig.java:245)
		at org.apache.catalina.core.ApplicationFilterConfig.getFilter(ApplicationFilterConfig.java:227)
		at org.apache.catalina.core.ApplicationFilterConfig.<init>(ApplicationFilterConfig.java:98)
		at org.apache.catalina.core.StandardContext.filterStart(StandardContext.java:3844)
		at org.apache.catalina.core.StandardContext.startInternal(StandardContext.java:4448)
		at org.apache.catalina.util.LifecycleBase.start(LifecycleBase.java:164)
		at org.apache.catalina.core.StandardContext.reload(StandardContext.java:3207)
		at org.apache.catalina.startup.HostConfig.reload(HostConfig.java:1460)
		at org.apache.catalina.startup.HostConfig.checkResources(HostConfig.java:1435)
		at org.apache.catalina.startup.HostConfig.check(HostConfig.java:1665)
		at org.apache.catalina.startup.HostConfig.lifecycleEvent(HostConfig.java:299)
		at org.apache.catalina.util.LifecycleBase.fireLifecycleEvent(LifecycleBase.java:109)
		at org.apache.catalina.core.ContainerBase.backgroundProcess(ContainerBase.java:973)
		at org.apache.catalina.core.ContainerBase$ContainerBackgroundProcessor.processChildren(ContainerBase.java:1172)
		at org.apache.catalina.core.ContainerBase$ContainerBackgroundProcessor.processChildren(ContainerBase.java:1176)
		at org.apache.catalina.core.ContainerBase$ContainerBackgroundProcessor.run(ContainerBase.java:1154)
		at java.base/java.util.concurrent.Executors$RunnableAdapter.call(Executors.java:572)
		at java.base/java.util.concurrent.FutureTask.runAndReset(FutureTask.java:358)
		at java.base/java.util.concurrent.ScheduledThreadPoolExecutor$ScheduledFutureTask.run(ScheduledThreadPoolExecutor.java:305)
		at java.base/java.util.concurrent.ThreadPoolExecutor.runWorker(ThreadPoolExecutor.java:1144)
		at java.base/java.util.concurrent.ThreadPoolExecutor$Worker.run(ThreadPoolExecutor.java:642)
		at org.apache.tomcat.util.threads.TaskThread$WrappingRunnable.run(TaskThread.java:63)
		at java.base/java.lang.Thread.run(Thread.java:1583)
02-Feb-2025 22:08:49.350 INFORMATION [main] org.apache.catalina.core.ApplicationContext.log SessionListener: contextDestroyed()
02-Feb-2025 22:08:49.350 INFORMATION [main] org.apache.catalina.core.ApplicationContext.log ContextListener: contextDestroyed()
02-Feb-2025 22:08:56.543 SCHWERWIEGEND [main] org.apache.catalina.core.StandardContext.filterStart Ausnahme beim Starten des Filters [CORS]
	jakarta.servlet.ServletException: It is not allowed to configure supportsCredentials=[true] when allowedOrigins=[*]
		at org.apache.catalina.filters.CorsFilter.parseAndStore(CorsFilter.java:673)
		at org.apache.catalina.filters.CorsFilter.init(CorsFilter.java:170)
		at jakarta.servlet.GenericFilter.init(GenericFilter.java:72)
		at org.apache.catalina.core.ApplicationFilterConfig.initFilter(ApplicationFilterConfig.java:245)
		at org.apache.catalina.core.ApplicationFilterConfig.getFilter(ApplicationFilterConfig.java:227)
		at org.apache.catalina.core.ApplicationFilterConfig.<init>(ApplicationFilterConfig.java:98)
		at org.apache.catalina.core.StandardContext.filterStart(StandardContext.java:3844)
		at org.apache.catalina.core.StandardContext.startInternal(StandardContext.java:4448)
		at org.apache.catalina.util.LifecycleBase.start(LifecycleBase.java:164)
		at org.apache.catalina.core.ContainerBase.addChildInternal(ContainerBase.java:599)
		at org.apache.catalina.core.ContainerBase.addChild(ContainerBase.java:571)
		at org.apache.catalina.core.StandardHost.addChild(StandardHost.java:654)
		at org.apache.catalina.startup.HostConfig.deployDirectory(HostConfig.java:1130)
		at org.apache.catalina.startup.HostConfig$DeployDirectory.run(HostConfig.java:1933)
		at java.base/java.util.concurrent.Executors$RunnableAdapter.call(Executors.java:572)
		at java.base/java.util.concurrent.FutureTask.run(FutureTask.java:317)
		at org.apache.tomcat.util.threads.InlineExecutorService.execute(InlineExecutorService.java:75)
		at java.base/java.util.concurrent.AbstractExecutorService.submit(AbstractExecutorService.java:123)
		at org.apache.catalina.startup.HostConfig.deployDirectories(HostConfig.java:1041)
		at org.apache.catalina.startup.HostConfig.deployApps(HostConfig.java:425)
		at org.apache.catalina.startup.HostConfig.start(HostConfig.java:1629)
		at org.apache.catalina.startup.HostConfig.lifecycleEvent(HostConfig.java:303)
		at org.apache.catalina.util.LifecycleBase.fireLifecycleEvent(LifecycleBase.java:109)
		at org.apache.catalina.util.LifecycleBase.setStateInternal(LifecycleBase.java:385)
		at org.apache.catalina.util.LifecycleBase.setState(LifecycleBase.java:332)
		at org.apache.catalina.core.ContainerBase.startInternal(ContainerBase.java:776)
		at org.apache.catalina.core.StandardHost.startInternal(StandardHost.java:772)
		at org.apache.catalina.util.LifecycleBase.start(LifecycleBase.java:164)
		at org.apache.catalina.core.ContainerBase$StartChild.call(ContainerBase.java:1203)
		at org.apache.catalina.core.ContainerBase$StartChild.call(ContainerBase.java:1193)
		at java.base/java.util.concurrent.FutureTask.run(FutureTask.java:317)
		at org.apache.tomcat.util.threads.InlineExecutorService.execute(InlineExecutorService.java:75)
		at java.base/java.util.concurrent.AbstractExecutorService.submit(AbstractExecutorService.java:145)
		at org.apache.catalina.core.ContainerBase.startInternal(ContainerBase.java:749)
		at org.apache.catalina.core.StandardEngine.startInternal(StandardEngine.java:203)
		at org.apache.catalina.util.LifecycleBase.start(LifecycleBase.java:164)
		at org.apache.catalina.core.StandardService.startInternal(StandardService.java:415)
		at org.apache.catalina.util.LifecycleBase.start(LifecycleBase.java:164)
		at org.apache.catalina.core.StandardServer.startInternal(StandardServer.java:870)
		at org.apache.catalina.util.LifecycleBase.start(LifecycleBase.java:164)
		at org.apache.catalina.startup.Catalina.start(Catalina.java:757)
		at java.base/jdk.internal.reflect.DirectMethodHandleAccessor.invoke(DirectMethodHandleAccessor.java:103)
		at java.base/java.lang.reflect.Method.invoke(Method.java:580)
		at org.apache.catalina.startup.Bootstrap.start(Bootstrap.java:345)
		at org.apache.catalina.startup.Bootstrap.main(Bootstrap.java:473)
02-Feb-2025 22:09:02.255 INFORMATION [main] org.apache.catalina.core.ApplicationContext.log ContextListener: contextInitialized()
02-Feb-2025 22:09:02.255 INFORMATION [main] org.apache.catalina.core.ApplicationContext.log SessionListener: contextInitialized()
02-Feb-2025 22:09:02.256 INFORMATION [main] org.apache.catalina.core.ApplicationContext.log ContextListener: attributeAdded('StockTicker', 'async.Stockticker@d487aa4')
02-Feb-2025 22:09:42.007 INFORMATION [main] org.apache.catalina.core.ApplicationContext.log SessionListener: contextDestroyed()
02-Feb-2025 22:09:42.007 INFORMATION [main] org.apache.catalina.core.ApplicationContext.log ContextListener: contextDestroyed()
02-Feb-2025 22:10:22.425 SCHWERWIEGEND [main] org.apache.catalina.core.StandardContext.filterStart Ausnahme beim Starten des Filters [CORS]
	jakarta.servlet.ServletException: It is not allowed to configure supportsCredentials=[true] when allowedOrigins=[*]
		at org.apache.catalina.filters.CorsFilter.parseAndStore(CorsFilter.java:673)
		at org.apache.catalina.filters.CorsFilter.init(CorsFilter.java:170)
		at jakarta.servlet.GenericFilter.init(GenericFilter.java:72)
		at org.apache.catalina.core.ApplicationFilterConfig.initFilter(ApplicationFilterConfig.java:245)
		at org.apache.catalina.core.ApplicationFilterConfig.getFilter(ApplicationFilterConfig.java:227)
		at org.apache.catalina.core.ApplicationFilterConfig.<init>(ApplicationFilterConfig.java:98)
		at org.apache.catalina.core.StandardContext.filterStart(StandardContext.java:3844)
		at org.apache.catalina.core.StandardContext.startInternal(StandardContext.java:4448)
		at org.apache.catalina.util.LifecycleBase.start(LifecycleBase.java:164)
		at org.apache.catalina.core.ContainerBase.addChildInternal(ContainerBase.java:599)
		at org.apache.catalina.core.ContainerBase.addChild(ContainerBase.java:571)
		at org.apache.catalina.core.StandardHost.addChild(StandardHost.java:654)
		at org.apache.catalina.startup.HostConfig.deployDirectory(HostConfig.java:1130)
		at org.apache.catalina.startup.HostConfig$DeployDirectory.run(HostConfig.java:1933)
		at java.base/java.util.concurrent.Executors$RunnableAdapter.call(Executors.java:572)
		at java.base/java.util.concurrent.FutureTask.run(FutureTask.java:317)
		at org.apache.tomcat.util.threads.InlineExecutorService.execute(InlineExecutorService.java:75)
		at java.base/java.util.concurrent.AbstractExecutorService.submit(AbstractExecutorService.java:123)
		at org.apache.catalina.startup.HostConfig.deployDirectories(HostConfig.java:1041)
		at org.apache.catalina.startup.HostConfig.deployApps(HostConfig.java:425)
		at org.apache.catalina.startup.HostConfig.start(HostConfig.java:1629)
		at org.apache.catalina.startup.HostConfig.lifecycleEvent(HostConfig.java:303)
		at org.apache.catalina.util.LifecycleBase.fireLifecycleEvent(LifecycleBase.java:109)
		at org.apache.catalina.util.LifecycleBase.setStateInternal(LifecycleBase.java:385)
		at org.apache.catalina.util.LifecycleBase.setState(LifecycleBase.java:332)
		at org.apache.catalina.core.ContainerBase.startInternal(ContainerBase.java:776)
		at org.apache.catalina.core.StandardHost.startInternal(StandardHost.java:772)
		at org.apache.catalina.util.LifecycleBase.start(LifecycleBase.java:164)
		at org.apache.catalina.core.ContainerBase$StartChild.call(ContainerBase.java:1203)
		at org.apache.catalina.core.ContainerBase$StartChild.call(ContainerBase.java:1193)
		at java.base/java.util.concurrent.FutureTask.run(FutureTask.java:317)
		at org.apache.tomcat.util.threads.InlineExecutorService.execute(InlineExecutorService.java:75)
		at java.base/java.util.concurrent.AbstractExecutorService.submit(AbstractExecutorService.java:145)
		at org.apache.catalina.core.ContainerBase.startInternal(ContainerBase.java:749)
		at org.apache.catalina.core.StandardEngine.startInternal(StandardEngine.java:203)
		at org.apache.catalina.util.LifecycleBase.start(LifecycleBase.java:164)
		at org.apache.catalina.core.StandardService.startInternal(StandardService.java:415)
		at org.apache.catalina.util.LifecycleBase.start(LifecycleBase.java:164)
		at org.apache.catalina.core.StandardServer.startInternal(StandardServer.java:870)
		at org.apache.catalina.util.LifecycleBase.start(LifecycleBase.java:164)
		at org.apache.catalina.startup.Catalina.start(Catalina.java:757)
		at java.base/jdk.internal.reflect.DirectMethodHandleAccessor.invoke(DirectMethodHandleAccessor.java:103)
		at java.base/java.lang.reflect.Method.invoke(Method.java:580)
		at org.apache.catalina.startup.Bootstrap.start(Bootstrap.java:345)
		at org.apache.catalina.startup.Bootstrap.main(Bootstrap.java:473)
02-Feb-2025 22:10:28.061 INFORMATION [main] org.apache.catalina.core.ApplicationContext.log ContextListener: contextInitialized()
02-Feb-2025 22:10:28.061 INFORMATION [main] org.apache.catalina.core.ApplicationContext.log SessionListener: contextInitialized()
02-Feb-2025 22:10:28.061 INFORMATION [main] org.apache.catalina.core.ApplicationContext.log ContextListener: attributeAdded('StockTicker', 'async.Stockticker@4eea43cc')
02-Feb-2025 22:16:04.091 SCHWERWIEGEND [Catalina-utility-2] org.apache.catalina.core.StandardContext.filterStart Ausnahme beim Starten des Filters [CORS]
	jakarta.servlet.ServletException: It is not allowed to configure supportsCredentials=[true] when allowedOrigins=[*]
		at org.apache.catalina.filters.CorsFilter.parseAndStore(CorsFilter.java:673)
		at org.apache.catalina.filters.CorsFilter.init(CorsFilter.java:170)
		at jakarta.servlet.GenericFilter.init(GenericFilter.java:72)
		at org.apache.catalina.core.ApplicationFilterConfig.initFilter(ApplicationFilterConfig.java:245)
		at org.apache.catalina.core.ApplicationFilterConfig.getFilter(ApplicationFilterConfig.java:227)
		at org.apache.catalina.core.ApplicationFilterConfig.<init>(ApplicationFilterConfig.java:98)
		at org.apache.catalina.core.StandardContext.filterStart(StandardContext.java:3844)
		at org.apache.catalina.core.StandardContext.startInternal(StandardContext.java:4448)
		at org.apache.catalina.util.LifecycleBase.start(LifecycleBase.java:164)
		at org.apache.catalina.core.StandardContext.reload(StandardContext.java:3207)
		at org.apache.catalina.startup.HostConfig.reload(HostConfig.java:1460)
		at org.apache.catalina.startup.HostConfig.checkResources(HostConfig.java:1435)
		at org.apache.catalina.startup.HostConfig.check(HostConfig.java:1665)
		at org.apache.catalina.startup.HostConfig.lifecycleEvent(HostConfig.java:299)
		at org.apache.catalina.util.LifecycleBase.fireLifecycleEvent(LifecycleBase.java:109)
		at org.apache.catalina.core.ContainerBase.backgroundProcess(ContainerBase.java:973)
		at org.apache.catalina.core.ContainerBase$ContainerBackgroundProcessor.processChildren(ContainerBase.java:1172)
		at org.apache.catalina.core.ContainerBase$ContainerBackgroundProcessor.processChildren(ContainerBase.java:1176)
		at org.apache.catalina.core.ContainerBase$ContainerBackgroundProcessor.run(ContainerBase.java:1154)
		at java.base/java.util.concurrent.Executors$RunnableAdapter.call(Executors.java:572)
		at java.base/java.util.concurrent.FutureTask.runAndReset(FutureTask.java:358)
		at java.base/java.util.concurrent.ScheduledThreadPoolExecutor$ScheduledFutureTask.run(ScheduledThreadPoolExecutor.java:305)
		at java.base/java.util.concurrent.ThreadPoolExecutor.runWorker(ThreadPoolExecutor.java:1144)
		at java.base/java.util.concurrent.ThreadPoolExecutor$Worker.run(ThreadPoolExecutor.java:642)
		at org.apache.tomcat.util.threads.TaskThread$WrappingRunnable.run(TaskThread.java:63)
		at java.base/java.lang.Thread.run(Thread.java:1583)
02-Feb-2025 22:16:05.450 SCHWERWIEGEND [Catalina-utility-2] org.apache.catalina.core.StandardContext.filterStart Ausnahme beim Starten des Filters [CORS]
	jakarta.servlet.ServletException: It is not allowed to configure supportsCredentials=[true] when allowedOrigins=[*]
		at org.apache.catalina.filters.CorsFilter.parseAndStore(CorsFilter.java:673)
		at org.apache.catalina.filters.CorsFilter.init(CorsFilter.java:170)
		at jakarta.servlet.GenericFilter.init(GenericFilter.java:72)
		at org.apache.catalina.core.ApplicationFilterConfig.initFilter(ApplicationFilterConfig.java:245)
		at org.apache.catalina.core.ApplicationFilterConfig.getFilter(ApplicationFilterConfig.java:227)
		at org.apache.catalina.core.ApplicationFilterConfig.<init>(ApplicationFilterConfig.java:98)
		at org.apache.catalina.core.StandardContext.filterStart(StandardContext.java:3844)
		at org.apache.catalina.core.StandardContext.startInternal(StandardContext.java:4448)
		at org.apache.catalina.util.LifecycleBase.start(LifecycleBase.java:164)
		at org.apache.catalina.core.StandardContext.reload(StandardContext.java:3207)
		at org.apache.catalina.startup.HostConfig.reload(HostConfig.java:1460)
		at org.apache.catalina.startup.HostConfig.checkResources(HostConfig.java:1435)
		at org.apache.catalina.startup.HostConfig.check(HostConfig.java:1665)
		at org.apache.catalina.startup.HostConfig.lifecycleEvent(HostConfig.java:299)
		at org.apache.catalina.util.LifecycleBase.fireLifecycleEvent(LifecycleBase.java:109)
		at org.apache.catalina.core.ContainerBase.backgroundProcess(ContainerBase.java:973)
		at org.apache.catalina.core.ContainerBase$ContainerBackgroundProcessor.processChildren(ContainerBase.java:1172)
		at org.apache.catalina.core.ContainerBase$ContainerBackgroundProcessor.processChildren(ContainerBase.java:1176)
		at org.apache.catalina.core.ContainerBase$ContainerBackgroundProcessor.run(ContainerBase.java:1154)
		at java.base/java.util.concurrent.Executors$RunnableAdapter.call(Executors.java:572)
		at java.base/java.util.concurrent.FutureTask.runAndReset(FutureTask.java:358)
		at java.base/java.util.concurrent.ScheduledThreadPoolExecutor$ScheduledFutureTask.run(ScheduledThreadPoolExecutor.java:305)
		at java.base/java.util.concurrent.ThreadPoolExecutor.runWorker(ThreadPoolExecutor.java:1144)
		at java.base/java.util.concurrent.ThreadPoolExecutor$Worker.run(ThreadPoolExecutor.java:642)
		at org.apache.tomcat.util.threads.TaskThread$WrappingRunnable.run(TaskThread.java:63)
		at java.base/java.lang.Thread.run(Thread.java:1583)
02-Feb-2025 22:16:06.858 SCHWERWIEGEND [Catalina-utility-2] org.apache.catalina.core.StandardContext.filterStart Ausnahme beim Starten des Filters [CORS]
	jakarta.servlet.ServletException: It is not allowed to configure supportsCredentials=[true] when allowedOrigins=[*]
		at org.apache.catalina.filters.CorsFilter.parseAndStore(CorsFilter.java:673)
		at org.apache.catalina.filters.CorsFilter.init(CorsFilter.java:170)
		at jakarta.servlet.GenericFilter.init(GenericFilter.java:72)
		at org.apache.catalina.core.ApplicationFilterConfig.initFilter(ApplicationFilterConfig.java:245)
		at org.apache.catalina.core.ApplicationFilterConfig.getFilter(ApplicationFilterConfig.java:227)
		at org.apache.catalina.core.ApplicationFilterConfig.<init>(ApplicationFilterConfig.java:98)
		at org.apache.catalina.core.StandardContext.filterStart(StandardContext.java:3844)
		at org.apache.catalina.core.StandardContext.startInternal(StandardContext.java:4448)
		at org.apache.catalina.util.LifecycleBase.start(LifecycleBase.java:164)
		at org.apache.catalina.core.StandardContext.reload(StandardContext.java:3207)
		at org.apache.catalina.startup.HostConfig.reload(HostConfig.java:1460)
		at org.apache.catalina.startup.HostConfig.checkResources(HostConfig.java:1435)
		at org.apache.catalina.startup.HostConfig.check(HostConfig.java:1665)
		at org.apache.catalina.startup.HostConfig.lifecycleEvent(HostConfig.java:299)
		at org.apache.catalina.util.LifecycleBase.fireLifecycleEvent(LifecycleBase.java:109)
		at org.apache.catalina.core.ContainerBase.backgroundProcess(ContainerBase.java:973)
		at org.apache.catalina.core.ContainerBase$ContainerBackgroundProcessor.processChildren(ContainerBase.java:1172)
		at org.apache.catalina.core.ContainerBase$ContainerBackgroundProcessor.processChildren(ContainerBase.java:1176)
		at org.apache.catalina.core.ContainerBase$ContainerBackgroundProcessor.run(ContainerBase.java:1154)
		at java.base/java.util.concurrent.Executors$RunnableAdapter.call(Executors.java:572)
		at java.base/java.util.concurrent.FutureTask.runAndReset(FutureTask.java:358)
		at java.base/java.util.concurrent.ScheduledThreadPoolExecutor$ScheduledFutureTask.run(ScheduledThreadPoolExecutor.java:305)
		at java.base/java.util.concurrent.ThreadPoolExecutor.runWorker(ThreadPoolExecutor.java:1144)
		at java.base/java.util.concurrent.ThreadPoolExecutor$Worker.run(ThreadPoolExecutor.java:642)
		at org.apache.tomcat.util.threads.TaskThread$WrappingRunnable.run(TaskThread.java:63)
		at java.base/java.lang.Thread.run(Thread.java:1583)
02-Feb-2025 22:16:06.871 INFORMATION [Catalina-utility-2] org.apache.catalina.core.ApplicationContext.log SessionListener: contextDestroyed()
02-Feb-2025 22:16:06.871 INFORMATION [Catalina-utility-2] org.apache.catalina.core.ApplicationContext.log ContextListener: contextDestroyed()
02-Feb-2025 22:16:08.165 INFORMATION [Catalina-utility-2] org.apache.catalina.core.ApplicationContext.log ContextListener: contextInitialized()
02-Feb-2025 22:16:08.166 INFORMATION [Catalina-utility-2] org.apache.catalina.core.ApplicationContext.log SessionListener: contextInitialized()
02-Feb-2025 22:16:08.166 INFORMATION [Catalina-utility-2] org.apache.catalina.core.ApplicationContext.log ContextListener: attributeAdded('StockTicker', 'async.Stockticker@116bd84f')
02-Feb-2025 22:16:08.167 SCHWERWIEGEND [Catalina-utility-2] org.apache.catalina.core.StandardContext.filterStart Ausnahme beim Starten des Filters [CORS]
	jakarta.servlet.ServletException: It is not allowed to configure supportsCredentials=[true] when allowedOrigins=[*]
		at org.apache.catalina.filters.CorsFilter.parseAndStore(CorsFilter.java:673)
		at org.apache.catalina.filters.CorsFilter.init(CorsFilter.java:170)
		at jakarta.servlet.GenericFilter.init(GenericFilter.java:72)
		at org.apache.catalina.core.ApplicationFilterConfig.initFilter(ApplicationFilterConfig.java:245)
		at org.apache.catalina.core.ApplicationFilterConfig.getFilter(ApplicationFilterConfig.java:227)
		at org.apache.catalina.core.ApplicationFilterConfig.<init>(ApplicationFilterConfig.java:98)
		at org.apache.catalina.core.StandardContext.filterStart(StandardContext.java:3844)
		at org.apache.catalina.core.StandardContext.startInternal(StandardContext.java:4448)
		at org.apache.catalina.util.LifecycleBase.start(LifecycleBase.java:164)
		at org.apache.catalina.core.StandardContext.reload(StandardContext.java:3207)
		at org.apache.catalina.startup.HostConfig.reload(HostConfig.java:1460)
		at org.apache.catalina.startup.HostConfig.checkResources(HostConfig.java:1435)
		at org.apache.catalina.startup.HostConfig.check(HostConfig.java:1665)
		at org.apache.catalina.startup.HostConfig.lifecycleEvent(HostConfig.java:299)
		at org.apache.catalina.util.LifecycleBase.fireLifecycleEvent(LifecycleBase.java:109)
		at org.apache.catalina.core.ContainerBase.backgroundProcess(ContainerBase.java:973)
		at org.apache.catalina.core.ContainerBase$ContainerBackgroundProcessor.processChildren(ContainerBase.java:1172)
		at org.apache.catalina.core.ContainerBase$ContainerBackgroundProcessor.processChildren(ContainerBase.java:1176)
		at org.apache.catalina.core.ContainerBase$ContainerBackgroundProcessor.run(ContainerBase.java:1154)
		at java.base/java.util.concurrent.Executors$RunnableAdapter.call(Executors.java:572)
		at java.base/java.util.concurrent.FutureTask.runAndReset(FutureTask.java:358)
		at java.base/java.util.concurrent.ScheduledThreadPoolExecutor$ScheduledFutureTask.run(ScheduledThreadPoolExecutor.java:305)
		at java.base/java.util.concurrent.ThreadPoolExecutor.runWorker(ThreadPoolExecutor.java:1144)
		at java.base/java.util.concurrent.ThreadPoolExecutor$Worker.run(ThreadPoolExecutor.java:642)
		at org.apache.tomcat.util.threads.TaskThread$WrappingRunnable.run(TaskThread.java:63)
		at java.base/java.lang.Thread.run(Thread.java:1583)
02-Feb-2025 22:16:08.167 INFORMATION [Catalina-utility-2] org.apache.catalina.core.ApplicationContext.log SessionListener: contextDestroyed()
02-Feb-2025 22:16:08.168 INFORMATION [Catalina-utility-2] org.apache.catalina.core.ApplicationContext.log ContextListener: contextDestroyed()
02-Feb-2025 22:16:09.431 SCHWERWIEGEND [Catalina-utility-2] org.apache.catalina.core.StandardContext.filterStart Ausnahme beim Starten des Filters [CORS]
	jakarta.servlet.ServletException: It is not allowed to configure supportsCredentials=[true] when allowedOrigins=[*]
		at org.apache.catalina.filters.CorsFilter.parseAndStore(CorsFilter.java:673)
		at org.apache.catalina.filters.CorsFilter.init(CorsFilter.java:170)
		at jakarta.servlet.GenericFilter.init(GenericFilter.java:72)
		at org.apache.catalina.core.ApplicationFilterConfig.initFilter(ApplicationFilterConfig.java:245)
		at org.apache.catalina.core.ApplicationFilterConfig.getFilter(ApplicationFilterConfig.java:227)
		at org.apache.catalina.core.ApplicationFilterConfig.<init>(ApplicationFilterConfig.java:98)
		at org.apache.catalina.core.StandardContext.filterStart(StandardContext.java:3844)
		at org.apache.catalina.core.StandardContext.startInternal(StandardContext.java:4448)
		at org.apache.catalina.util.LifecycleBase.start(LifecycleBase.java:164)
		at org.apache.catalina.core.StandardContext.reload(StandardContext.java:3207)
		at org.apache.catalina.startup.HostConfig.reload(HostConfig.java:1460)
		at org.apache.catalina.startup.HostConfig.checkResources(HostConfig.java:1435)
		at org.apache.catalina.startup.HostConfig.check(HostConfig.java:1665)
		at org.apache.catalina.startup.HostConfig.lifecycleEvent(HostConfig.java:299)
		at org.apache.catalina.util.LifecycleBase.fireLifecycleEvent(LifecycleBase.java:109)
		at org.apache.catalina.core.ContainerBase.backgroundProcess(ContainerBase.java:973)
		at org.apache.catalina.core.ContainerBase$ContainerBackgroundProcessor.processChildren(ContainerBase.java:1172)
		at org.apache.catalina.core.ContainerBase$ContainerBackgroundProcessor.processChildren(ContainerBase.java:1176)
		at org.apache.catalina.core.ContainerBase$ContainerBackgroundProcessor.run(ContainerBase.java:1154)
		at java.base/java.util.concurrent.Executors$RunnableAdapter.call(Executors.java:572)
		at java.base/java.util.concurrent.FutureTask.runAndReset(FutureTask.java:358)
		at java.base/java.util.concurrent.ScheduledThreadPoolExecutor$ScheduledFutureTask.run(ScheduledThreadPoolExecutor.java:305)
		at java.base/java.util.concurrent.ThreadPoolExecutor.runWorker(ThreadPoolExecutor.java:1144)
		at java.base/java.util.concurrent.ThreadPoolExecutor$Worker.run(ThreadPoolExecutor.java:642)
		at org.apache.tomcat.util.threads.TaskThread$WrappingRunnable.run(TaskThread.java:63)
		at java.base/java.lang.Thread.run(Thread.java:1583)
02-Feb-2025 22:16:12.227 SCHWERWIEGEND [Catalina-utility-2] org.apache.catalina.core.StandardContext.filterStart Ausnahme beim Starten des Filters [CORS]
	jakarta.servlet.ServletException: It is not allowed to configure supportsCredentials=[true] when allowedOrigins=[*]
		at org.apache.catalina.filters.CorsFilter.parseAndStore(CorsFilter.java:673)
		at org.apache.catalina.filters.CorsFilter.init(CorsFilter.java:170)
		at jakarta.servlet.GenericFilter.init(GenericFilter.java:72)
		at org.apache.catalina.core.ApplicationFilterConfig.initFilter(ApplicationFilterConfig.java:245)
		at org.apache.catalina.core.ApplicationFilterConfig.getFilter(ApplicationFilterConfig.java:227)
		at org.apache.catalina.core.ApplicationFilterConfig.<init>(ApplicationFilterConfig.java:98)
		at org.apache.catalina.core.StandardContext.filterStart(StandardContext.java:3844)
		at org.apache.catalina.core.StandardContext.startInternal(StandardContext.java:4448)
		at org.apache.catalina.util.LifecycleBase.start(LifecycleBase.java:164)
		at org.apache.catalina.core.StandardContext.reload(StandardContext.java:3207)
		at org.apache.catalina.startup.HostConfig.reload(HostConfig.java:1460)
		at org.apache.catalina.startup.HostConfig.checkResources(HostConfig.java:1435)
		at org.apache.catalina.startup.HostConfig.check(HostConfig.java:1665)
		at org.apache.catalina.startup.HostConfig.lifecycleEvent(HostConfig.java:299)
		at org.apache.catalina.util.LifecycleBase.fireLifecycleEvent(LifecycleBase.java:109)
		at org.apache.catalina.core.ContainerBase.backgroundProcess(ContainerBase.java:973)
		at org.apache.catalina.core.ContainerBase$ContainerBackgroundProcessor.processChildren(ContainerBase.java:1172)
		at org.apache.catalina.core.ContainerBase$ContainerBackgroundProcessor.processChildren(ContainerBase.java:1176)
		at org.apache.catalina.core.ContainerBase$ContainerBackgroundProcessor.run(ContainerBase.java:1154)
		at java.base/java.util.concurrent.Executors$RunnableAdapter.call(Executors.java:572)
		at java.base/java.util.concurrent.FutureTask.runAndReset(FutureTask.java:358)
		at java.base/java.util.concurrent.ScheduledThreadPoolExecutor$ScheduledFutureTask.run(ScheduledThreadPoolExecutor.java:305)
		at java.base/java.util.concurrent.ThreadPoolExecutor.runWorker(ThreadPoolExecutor.java:1144)
		at java.base/java.util.concurrent.ThreadPoolExecutor$Worker.run(ThreadPoolExecutor.java:642)
		at org.apache.tomcat.util.threads.TaskThread$WrappingRunnable.run(TaskThread.java:63)
		at java.base/java.lang.Thread.run(Thread.java:1583)
02-Feb-2025 22:16:15.027 SCHWERWIEGEND [Catalina-utility-2] org.apache.catalina.core.StandardContext.filterStart Ausnahme beim Starten des Filters [CORS]
	jakarta.servlet.ServletException: It is not allowed to configure supportsCredentials=[true] when allowedOrigins=[*]
		at org.apache.catalina.filters.CorsFilter.parseAndStore(CorsFilter.java:673)
		at org.apache.catalina.filters.CorsFilter.init(CorsFilter.java:170)
		at jakarta.servlet.GenericFilter.init(GenericFilter.java:72)
		at org.apache.catalina.core.ApplicationFilterConfig.initFilter(ApplicationFilterConfig.java:245)
		at org.apache.catalina.core.ApplicationFilterConfig.getFilter(ApplicationFilterConfig.java:227)
		at org.apache.catalina.core.ApplicationFilterConfig.<init>(ApplicationFilterConfig.java:98)
		at org.apache.catalina.core.StandardContext.filterStart(StandardContext.java:3844)
		at org.apache.catalina.core.StandardContext.startInternal(StandardContext.java:4448)
		at org.apache.catalina.util.LifecycleBase.start(LifecycleBase.java:164)
		at org.apache.catalina.core.StandardContext.reload(StandardContext.java:3207)
		at org.apache.catalina.startup.HostConfig.reload(HostConfig.java:1460)
		at org.apache.catalina.startup.HostConfig.checkResources(HostConfig.java:1435)
		at org.apache.catalina.startup.HostConfig.check(HostConfig.java:1665)
		at org.apache.catalina.startup.HostConfig.lifecycleEvent(HostConfig.java:299)
		at org.apache.catalina.util.LifecycleBase.fireLifecycleEvent(LifecycleBase.java:109)
		at org.apache.catalina.core.ContainerBase.backgroundProcess(ContainerBase.java:973)
		at org.apache.catalina.core.ContainerBase$ContainerBackgroundProcessor.processChildren(ContainerBase.java:1172)
		at org.apache.catalina.core.ContainerBase$ContainerBackgroundProcessor.processChildren(ContainerBase.java:1176)
		at org.apache.catalina.core.ContainerBase$ContainerBackgroundProcessor.run(ContainerBase.java:1154)
		at java.base/java.util.concurrent.Executors$RunnableAdapter.call(Executors.java:572)
		at java.base/java.util.concurrent.FutureTask.runAndReset(FutureTask.java:358)
		at java.base/java.util.concurrent.ScheduledThreadPoolExecutor$ScheduledFutureTask.run(ScheduledThreadPoolExecutor.java:305)
		at java.base/java.util.concurrent.ThreadPoolExecutor.runWorker(ThreadPoolExecutor.java:1144)
		at java.base/java.util.concurrent.ThreadPoolExecutor$Worker.run(ThreadPoolExecutor.java:642)
		at org.apache.tomcat.util.threads.TaskThread$WrappingRunnable.run(TaskThread.java:63)
		at java.base/java.lang.Thread.run(Thread.java:1583)
02-Feb-2025 22:20:36.274 INFORMATION [main] org.apache.catalina.core.ApplicationContext.log ContextListener: contextInitialized()
02-Feb-2025 22:20:36.274 INFORMATION [main] org.apache.catalina.core.ApplicationContext.log SessionListener: contextInitialized()
02-Feb-2025 22:20:36.275 INFORMATION [main] org.apache.catalina.core.ApplicationContext.log ContextListener: attributeAdded('StockTicker', 'async.Stockticker@6b4c5203')
02-Feb-2025 22:20:50.295 SCHWERWIEGEND [Catalina-utility-1] org.apache.catalina.core.StandardContext.filterStart Ausnahme beim Starten des Filters [CORS]
	jakarta.servlet.ServletException: It is not allowed to configure supportsCredentials=[true] when allowedOrigins=[*]
		at org.apache.catalina.filters.CorsFilter.parseAndStore(CorsFilter.java:673)
		at org.apache.catalina.filters.CorsFilter.init(CorsFilter.java:170)
		at jakarta.servlet.GenericFilter.init(GenericFilter.java:72)
		at org.apache.catalina.core.ApplicationFilterConfig.initFilter(ApplicationFilterConfig.java:245)
		at org.apache.catalina.core.ApplicationFilterConfig.getFilter(ApplicationFilterConfig.java:227)
		at org.apache.catalina.core.ApplicationFilterConfig.<init>(ApplicationFilterConfig.java:98)
		at org.apache.catalina.core.StandardContext.filterStart(StandardContext.java:3844)
		at org.apache.catalina.core.StandardContext.startInternal(StandardContext.java:4448)
		at org.apache.catalina.util.LifecycleBase.start(LifecycleBase.java:164)
		at org.apache.catalina.core.StandardContext.reload(StandardContext.java:3207)
		at org.apache.catalina.startup.HostConfig.reload(HostConfig.java:1460)
		at org.apache.catalina.startup.HostConfig.checkResources(HostConfig.java:1435)
		at org.apache.catalina.startup.HostConfig.check(HostConfig.java:1665)
		at org.apache.catalina.startup.HostConfig.lifecycleEvent(HostConfig.java:299)
		at org.apache.catalina.util.LifecycleBase.fireLifecycleEvent(LifecycleBase.java:109)
		at org.apache.catalina.core.ContainerBase.backgroundProcess(ContainerBase.java:973)
		at org.apache.catalina.core.ContainerBase$ContainerBackgroundProcessor.processChildren(ContainerBase.java:1172)
		at org.apache.catalina.core.ContainerBase$ContainerBackgroundProcessor.processChildren(ContainerBase.java:1176)
		at org.apache.catalina.core.ContainerBase$ContainerBackgroundProcessor.run(ContainerBase.java:1154)
		at java.base/java.util.concurrent.Executors$RunnableAdapter.call(Executors.java:572)
		at java.base/java.util.concurrent.FutureTask.runAndReset(FutureTask.java:358)
		at java.base/java.util.concurrent.ScheduledThreadPoolExecutor$ScheduledFutureTask.run(ScheduledThreadPoolExecutor.java:305)
		at java.base/java.util.concurrent.ThreadPoolExecutor.runWorker(ThreadPoolExecutor.java:1144)
		at java.base/java.util.concurrent.ThreadPoolExecutor$Worker.run(ThreadPoolExecutor.java:642)
		at org.apache.tomcat.util.threads.TaskThread$WrappingRunnable.run(TaskThread.java:63)
		at java.base/java.lang.Thread.run(Thread.java:1583)
02-Feb-2025 22:20:51.683 SCHWERWIEGEND [Catalina-utility-1] org.apache.catalina.core.StandardContext.filterStart Ausnahme beim Starten des Filters [CORS]
	jakarta.servlet.ServletException: It is not allowed to configure supportsCredentials=[true] when allowedOrigins=[*]
		at org.apache.catalina.filters.CorsFilter.parseAndStore(CorsFilter.java:673)
		at org.apache.catalina.filters.CorsFilter.init(CorsFilter.java:170)
		at jakarta.servlet.GenericFilter.init(GenericFilter.java:72)
		at org.apache.catalina.core.ApplicationFilterConfig.initFilter(ApplicationFilterConfig.java:245)
		at org.apache.catalina.core.ApplicationFilterConfig.getFilter(ApplicationFilterConfig.java:227)
		at org.apache.catalina.core.ApplicationFilterConfig.<init>(ApplicationFilterConfig.java:98)
		at org.apache.catalina.core.StandardContext.filterStart(StandardContext.java:3844)
		at org.apache.catalina.core.StandardContext.startInternal(StandardContext.java:4448)
		at org.apache.catalina.util.LifecycleBase.start(LifecycleBase.java:164)
		at org.apache.catalina.core.StandardContext.reload(StandardContext.java:3207)
		at org.apache.catalina.startup.HostConfig.reload(HostConfig.java:1460)
		at org.apache.catalina.startup.HostConfig.checkResources(HostConfig.java:1435)
		at org.apache.catalina.startup.HostConfig.check(HostConfig.java:1665)
		at org.apache.catalina.startup.HostConfig.lifecycleEvent(HostConfig.java:299)
		at org.apache.catalina.util.LifecycleBase.fireLifecycleEvent(LifecycleBase.java:109)
		at org.apache.catalina.core.ContainerBase.backgroundProcess(ContainerBase.java:973)
		at org.apache.catalina.core.ContainerBase$ContainerBackgroundProcessor.processChildren(ContainerBase.java:1172)
		at org.apache.catalina.core.ContainerBase$ContainerBackgroundProcessor.processChildren(ContainerBase.java:1176)
		at org.apache.catalina.core.ContainerBase$ContainerBackgroundProcessor.run(ContainerBase.java:1154)
		at java.base/java.util.concurrent.Executors$RunnableAdapter.call(Executors.java:572)
		at java.base/java.util.concurrent.FutureTask.runAndReset(FutureTask.java:358)
		at java.base/java.util.concurrent.ScheduledThreadPoolExecutor$ScheduledFutureTask.run(ScheduledThreadPoolExecutor.java:305)
		at java.base/java.util.concurrent.ThreadPoolExecutor.runWorker(ThreadPoolExecutor.java:1144)
		at java.base/java.util.concurrent.ThreadPoolExecutor$Worker.run(ThreadPoolExecutor.java:642)
		at org.apache.tomcat.util.threads.TaskThread$WrappingRunnable.run(TaskThread.java:63)
		at java.base/java.lang.Thread.run(Thread.java:1583)
02-Feb-2025 22:20:52.881 SCHWERWIEGEND [Catalina-utility-1] org.apache.catalina.core.StandardContext.listenerStart Fehler beim Senden der 'Context Initialized' Benachrichtigung an den Listener aus der Klasse [org.camunda.bpm.example.invoice.InvoiceProcessApplication]
	org.camunda.bpm.engine.ProcessEngineException: ENGINE-08043 Exception while performing 'Deployment of Process Application InvoiceProcessApplication' => 'Deployment of process archive 'null': Cannot deploy process archive 'null' to process engine 'default' no such process engine exists: processEngine is null
		at org.camunda.bpm.container.impl.ContainerIntegrationLogger.exceptionWhilePerformingOperationStep(ContainerIntegrationLogger.java:316)
		at org.camunda.bpm.container.impl.spi.DeploymentOperation.execute(DeploymentOperation.java:136)
		at org.camunda.bpm.container.impl.jmx.MBeanServiceContainer.executeDeploymentOperation(MBeanServiceContainer.java:160)
		at org.camunda.bpm.container.impl.spi.DeploymentOperation$DeploymentOperationBuilder.execute(DeploymentOperation.java:216)
		at org.camunda.bpm.container.impl.RuntimeContainerDelegateImpl.deployProcessApplication(RuntimeContainerDelegateImpl.java:102)
		at org.camunda.bpm.application.AbstractProcessApplication.deploy(AbstractProcessApplication.java:71)
		at org.camunda.bpm.application.impl.JakartaServletProcessApplication.contextInitialized(JakartaServletProcessApplication.java:106)
		at org.apache.catalina.core.StandardContext.listenerStart(StandardContext.java:3993)
		at org.apache.catalina.core.StandardContext.startInternal(StandardContext.java:4422)
		at org.apache.catalina.util.LifecycleBase.start(LifecycleBase.java:164)
		at org.apache.catalina.core.StandardContext.reload(StandardContext.java:3207)
		at org.apache.catalina.startup.HostConfig.reload(HostConfig.java:1460)
		at org.apache.catalina.startup.HostConfig.checkResources(HostConfig.java:1435)
		at org.apache.catalina.startup.HostConfig.check(HostConfig.java:1665)
		at org.apache.catalina.startup.HostConfig.lifecycleEvent(HostConfig.java:299)
		at org.apache.catalina.util.LifecycleBase.fireLifecycleEvent(LifecycleBase.java:109)
		at org.apache.catalina.core.ContainerBase.backgroundProcess(ContainerBase.java:973)
		at org.apache.catalina.core.ContainerBase$ContainerBackgroundProcessor.processChildren(ContainerBase.java:1172)
		at org.apache.catalina.core.ContainerBase$ContainerBackgroundProcessor.processChildren(ContainerBase.java:1176)
		at org.apache.catalina.core.ContainerBase$ContainerBackgroundProcessor.run(ContainerBase.java:1154)
		at java.base/java.util.concurrent.Executors$RunnableAdapter.call(Executors.java:572)
		at java.base/java.util.concurrent.FutureTask.runAndReset(FutureTask.java:358)
		at java.base/java.util.concurrent.ScheduledThreadPoolExecutor$ScheduledFutureTask.run(ScheduledThreadPoolExecutor.java:305)
		at java.base/java.util.concurrent.ThreadPoolExecutor.runWorker(ThreadPoolExecutor.java:1144)
		at java.base/java.util.concurrent.ThreadPoolExecutor$Worker.run(ThreadPoolExecutor.java:642)
		at org.apache.tomcat.util.threads.TaskThread$WrappingRunnable.run(TaskThread.java:63)
		at java.base/java.lang.Thread.run(Thread.java:1583)
	Caused by: org.camunda.bpm.engine.exception.NullValueException: Cannot deploy process archive 'null' to process engine 'default' no such process engine exists: processEngine is null
		at java.base/jdk.internal.reflect.DirectConstructorHandleAccessor.newInstance(DirectConstructorHandleAccessor.java:62)
		at java.base/java.lang.reflect.Constructor.newInstanceWithCaller(Constructor.java:502)
		at java.base/java.lang.reflect.Constructor.newInstance(Constructor.java:486)
		at org.camunda.bpm.engine.impl.util.EnsureUtil.generateException(EnsureUtil.java:398)
		at org.camunda.bpm.engine.impl.util.EnsureUtil.ensureNotNull(EnsureUtil.java:55)
		at org.camunda.bpm.engine.impl.util.EnsureUtil.ensureNotNull(EnsureUtil.java:50)
		at org.camunda.bpm.container.impl.deployment.DeployProcessArchiveStep.getProcessEngine(DeployProcessArchiveStep.java:218)
		at org.camunda.bpm.container.impl.deployment.DeployProcessArchiveStep.performOperationStep(DeployProcessArchiveStep.java:83)
		at org.camunda.bpm.container.impl.spi.DeploymentOperation.execute(DeploymentOperation.java:120)
		... 25 more
02-Feb-2025 22:20:52.883 INFORMATION [Catalina-utility-1] org.apache.catalina.core.ApplicationContext.log SessionListener: contextDestroyed()
02-Feb-2025 22:20:52.883 INFORMATION [Catalina-utility-1] org.apache.catalina.core.ApplicationContext.log ContextListener: contextDestroyed()
02-Feb-2025 22:20:54.134 INFORMATION [Catalina-utility-1] org.apache.catalina.core.ApplicationContext.log ContextListener: contextInitialized()
02-Feb-2025 22:20:54.134 INFORMATION [Catalina-utility-1] org.apache.catalina.core.ApplicationContext.log SessionListener: contextInitialized()
02-Feb-2025 22:20:54.135 INFORMATION [Catalina-utility-1] org.apache.catalina.core.ApplicationContext.log ContextListener: attributeAdded('StockTicker', 'async.Stockticker@190d78d7')
02-Feb-2025 22:20:54.135 SCHWERWIEGEND [Catalina-utility-1] org.apache.catalina.core.StandardContext.filterStart Ausnahme beim Starten des Filters [CORS]
	jakarta.servlet.ServletException: It is not allowed to configure supportsCredentials=[true] when allowedOrigins=[*]
		at org.apache.catalina.filters.CorsFilter.parseAndStore(CorsFilter.java:673)
		at org.apache.catalina.filters.CorsFilter.init(CorsFilter.java:170)
		at jakarta.servlet.GenericFilter.init(GenericFilter.java:72)
		at org.apache.catalina.core.ApplicationFilterConfig.initFilter(ApplicationFilterConfig.java:245)
		at org.apache.catalina.core.ApplicationFilterConfig.getFilter(ApplicationFilterConfig.java:227)
		at org.apache.catalina.core.ApplicationFilterConfig.<init>(ApplicationFilterConfig.java:98)
		at org.apache.catalina.core.StandardContext.filterStart(StandardContext.java:3844)
		at org.apache.catalina.core.StandardContext.startInternal(StandardContext.java:4448)
		at org.apache.catalina.util.LifecycleBase.start(LifecycleBase.java:164)
		at org.apache.catalina.core.StandardContext.reload(StandardContext.java:3207)
		at org.apache.catalina.startup.HostConfig.reload(HostConfig.java:1460)
		at org.apache.catalina.startup.HostConfig.checkResources(HostConfig.java:1435)
		at org.apache.catalina.startup.HostConfig.check(HostConfig.java:1665)
		at org.apache.catalina.startup.HostConfig.lifecycleEvent(HostConfig.java:299)
		at org.apache.catalina.util.LifecycleBase.fireLifecycleEvent(LifecycleBase.java:109)
		at org.apache.catalina.core.ContainerBase.backgroundProcess(ContainerBase.java:973)
		at org.apache.catalina.core.ContainerBase$ContainerBackgroundProcessor.processChildren(ContainerBase.java:1172)
		at org.apache.catalina.core.ContainerBase$ContainerBackgroundProcessor.processChildren(ContainerBase.java:1176)
		at org.apache.catalina.core.ContainerBase$ContainerBackgroundProcessor.run(ContainerBase.java:1154)
		at java.base/java.util.concurrent.Executors$RunnableAdapter.call(Executors.java:572)
		at java.base/java.util.concurrent.FutureTask.runAndReset(FutureTask.java:358)
		at java.base/java.util.concurrent.ScheduledThreadPoolExecutor$ScheduledFutureTask.run(ScheduledThreadPoolExecutor.java:305)
		at java.base/java.util.concurrent.ThreadPoolExecutor.runWorker(ThreadPoolExecutor.java:1144)
		at java.base/java.util.concurrent.ThreadPoolExecutor$Worker.run(ThreadPoolExecutor.java:642)
		at org.apache.tomcat.util.threads.TaskThread$WrappingRunnable.run(TaskThread.java:63)
		at java.base/java.lang.Thread.run(Thread.java:1583)
02-Feb-2025 22:20:54.136 INFORMATION [Catalina-utility-1] org.apache.catalina.core.ApplicationContext.log SessionListener: contextDestroyed()
02-Feb-2025 22:20:54.136 INFORMATION [Catalina-utility-1] org.apache.catalina.core.ApplicationContext.log ContextListener: contextDestroyed()
02-Feb-2025 22:20:55.364 SCHWERWIEGEND [Catalina-utility-1] org.apache.catalina.core.StandardContext.filterStart Ausnahme beim Starten des Filters [CORS]
	jakarta.servlet.ServletException: It is not allowed to configure supportsCredentials=[true] when allowedOrigins=[*]
		at org.apache.catalina.filters.CorsFilter.parseAndStore(CorsFilter.java:673)
		at org.apache.catalina.filters.CorsFilter.init(CorsFilter.java:170)
		at jakarta.servlet.GenericFilter.init(GenericFilter.java:72)
		at org.apache.catalina.core.ApplicationFilterConfig.initFilter(ApplicationFilterConfig.java:245)
		at org.apache.catalina.core.ApplicationFilterConfig.getFilter(ApplicationFilterConfig.java:227)
		at org.apache.catalina.core.ApplicationFilterConfig.<init>(ApplicationFilterConfig.java:98)
		at org.apache.catalina.core.StandardContext.filterStart(StandardContext.java:3844)
		at org.apache.catalina.core.StandardContext.startInternal(StandardContext.java:4448)
		at org.apache.catalina.util.LifecycleBase.start(LifecycleBase.java:164)
		at org.apache.catalina.core.StandardContext.reload(StandardContext.java:3207)
		at org.apache.catalina.startup.HostConfig.reload(HostConfig.java:1460)
		at org.apache.catalina.startup.HostConfig.checkResources(HostConfig.java:1435)
		at org.apache.catalina.startup.HostConfig.check(HostConfig.java:1665)
		at org.apache.catalina.startup.HostConfig.lifecycleEvent(HostConfig.java:299)
		at org.apache.catalina.util.LifecycleBase.fireLifecycleEvent(LifecycleBase.java:109)
		at org.apache.catalina.core.ContainerBase.backgroundProcess(ContainerBase.java:973)
		at org.apache.catalina.core.ContainerBase$ContainerBackgroundProcessor.processChildren(ContainerBase.java:1172)
		at org.apache.catalina.core.ContainerBase$ContainerBackgroundProcessor.processChildren(ContainerBase.java:1176)
		at org.apache.catalina.core.ContainerBase$ContainerBackgroundProcessor.run(ContainerBase.java:1154)
		at java.base/java.util.concurrent.Executors$RunnableAdapter.call(Executors.java:572)
		at java.base/java.util.concurrent.FutureTask.runAndReset(FutureTask.java:358)
		at java.base/java.util.concurrent.ScheduledThreadPoolExecutor$ScheduledFutureTask.run(ScheduledThreadPoolExecutor.java:305)
		at java.base/java.util.concurrent.ThreadPoolExecutor.runWorker(ThreadPoolExecutor.java:1144)
		at java.base/java.util.concurrent.ThreadPoolExecutor$Worker.run(ThreadPoolExecutor.java:642)
		at org.apache.tomcat.util.threads.TaskThread$WrappingRunnable.run(TaskThread.java:63)
		at java.base/java.lang.Thread.run(Thread.java:1583)
02-Feb-2025 22:20:58.113 SCHWERWIEGEND [Catalina-utility-1] org.apache.catalina.core.StandardContext.filterStart Ausnahme beim Starten des Filters [CORS]
	jakarta.servlet.ServletException: It is not allowed to configure supportsCredentials=[true] when allowedOrigins=[*]
		at org.apache.catalina.filters.CorsFilter.parseAndStore(CorsFilter.java:673)
		at org.apache.catalina.filters.CorsFilter.init(CorsFilter.java:170)
		at jakarta.servlet.GenericFilter.init(GenericFilter.java:72)
		at org.apache.catalina.core.ApplicationFilterConfig.initFilter(ApplicationFilterConfig.java:245)
		at org.apache.catalina.core.ApplicationFilterConfig.getFilter(ApplicationFilterConfig.java:227)
		at org.apache.catalina.core.ApplicationFilterConfig.<init>(ApplicationFilterConfig.java:98)
		at org.apache.catalina.core.StandardContext.filterStart(StandardContext.java:3844)
		at org.apache.catalina.core.StandardContext.startInternal(StandardContext.java:4448)
		at org.apache.catalina.util.LifecycleBase.start(LifecycleBase.java:164)
		at org.apache.catalina.core.StandardContext.reload(StandardContext.java:3207)
		at org.apache.catalina.startup.HostConfig.reload(HostConfig.java:1460)
		at org.apache.catalina.startup.HostConfig.checkResources(HostConfig.java:1435)
		at org.apache.catalina.startup.HostConfig.check(HostConfig.java:1665)
		at org.apache.catalina.startup.HostConfig.lifecycleEvent(HostConfig.java:299)
		at org.apache.catalina.util.LifecycleBase.fireLifecycleEvent(LifecycleBase.java:109)
		at org.apache.catalina.core.ContainerBase.backgroundProcess(ContainerBase.java:973)
		at org.apache.catalina.core.ContainerBase$ContainerBackgroundProcessor.processChildren(ContainerBase.java:1172)
		at org.apache.catalina.core.ContainerBase$ContainerBackgroundProcessor.processChildren(ContainerBase.java:1176)
		at org.apache.catalina.core.ContainerBase$ContainerBackgroundProcessor.run(ContainerBase.java:1154)
		at java.base/java.util.concurrent.Executors$RunnableAdapter.call(Executors.java:572)
		at java.base/java.util.concurrent.FutureTask.runAndReset(FutureTask.java:358)
		at java.base/java.util.concurrent.ScheduledThreadPoolExecutor$ScheduledFutureTask.run(ScheduledThreadPoolExecutor.java:305)
		at java.base/java.util.concurrent.ThreadPoolExecutor.runWorker(ThreadPoolExecutor.java:1144)
		at java.base/java.util.concurrent.ThreadPoolExecutor$Worker.run(ThreadPoolExecutor.java:642)
		at org.apache.tomcat.util.threads.TaskThread$WrappingRunnable.run(TaskThread.java:63)
		at java.base/java.lang.Thread.run(Thread.java:1583)
02-Feb-2025 22:21:00.814 SCHWERWIEGEND [Catalina-utility-1] org.apache.catalina.core.StandardContext.filterStart Ausnahme beim Starten des Filters [CORS]
	jakarta.servlet.ServletException: It is not allowed to configure supportsCredentials=[true] when allowedOrigins=[*]
		at org.apache.catalina.filters.CorsFilter.parseAndStore(CorsFilter.java:673)
		at org.apache.catalina.filters.CorsFilter.init(CorsFilter.java:170)
		at jakarta.servlet.GenericFilter.init(GenericFilter.java:72)
		at org.apache.catalina.core.ApplicationFilterConfig.initFilter(ApplicationFilterConfig.java:245)
		at org.apache.catalina.core.ApplicationFilterConfig.getFilter(ApplicationFilterConfig.java:227)
		at org.apache.catalina.core.ApplicationFilterConfig.<init>(ApplicationFilterConfig.java:98)
		at org.apache.catalina.core.StandardContext.filterStart(StandardContext.java:3844)
		at org.apache.catalina.core.StandardContext.startInternal(StandardContext.java:4448)
		at org.apache.catalina.util.LifecycleBase.start(LifecycleBase.java:164)
		at org.apache.catalina.core.StandardContext.reload(StandardContext.java:3207)
		at org.apache.catalina.startup.HostConfig.reload(HostConfig.java:1460)
		at org.apache.catalina.startup.HostConfig.checkResources(HostConfig.java:1435)
		at org.apache.catalina.startup.HostConfig.check(HostConfig.java:1665)
		at org.apache.catalina.startup.HostConfig.lifecycleEvent(HostConfig.java:299)
		at org.apache.catalina.util.LifecycleBase.fireLifecycleEvent(LifecycleBase.java:109)
		at org.apache.catalina.core.ContainerBase.backgroundProcess(ContainerBase.java:973)
		at org.apache.catalina.core.ContainerBase$ContainerBackgroundProcessor.processChildren(ContainerBase.java:1172)
		at org.apache.catalina.core.ContainerBase$ContainerBackgroundProcessor.processChildren(ContainerBase.java:1176)
		at org.apache.catalina.core.ContainerBase$ContainerBackgroundProcessor.run(ContainerBase.java:1154)
		at java.base/java.util.concurrent.Executors$RunnableAdapter.call(Executors.java:572)
		at java.base/java.util.concurrent.FutureTask.runAndReset(FutureTask.java:358)
		at java.base/java.util.concurrent.ScheduledThreadPoolExecutor$ScheduledFutureTask.run(ScheduledThreadPoolExecutor.java:305)
		at java.base/java.util.concurrent.ThreadPoolExecutor.runWorker(ThreadPoolExecutor.java:1144)
		at java.base/java.util.concurrent.ThreadPoolExecutor$Worker.run(ThreadPoolExecutor.java:642)
		at org.apache.tomcat.util.threads.TaskThread$WrappingRunnable.run(TaskThread.java:63)
		at java.base/java.lang.Thread.run(Thread.java:1583)
02-Feb-2025 22:27:40.535 INFORMATION [main] org.apache.catalina.core.ApplicationContext.log ContextListener: contextInitialized()
02-Feb-2025 22:27:40.535 INFORMATION [main] org.apache.catalina.core.ApplicationContext.log SessionListener: contextInitialized()
02-Feb-2025 22:27:40.535 INFORMATION [main] org.apache.catalina.core.ApplicationContext.log ContextListener: attributeAdded('StockTicker', 'async.Stockticker@5cc31ecf')
02-Feb-2025 22:29:17.183 INFORMATION [Catalina-utility-2] org.apache.catalina.core.ApplicationContext.log SessionListener: contextDestroyed()
02-Feb-2025 22:29:17.183 INFORMATION [Catalina-utility-2] org.apache.catalina.core.ApplicationContext.log ContextListener: contextDestroyed()
02-Feb-2025 22:29:18.460 INFORMATION [Catalina-utility-2] org.apache.catalina.core.ApplicationContext.log ContextListener: contextInitialized()
02-Feb-2025 22:29:18.460 INFORMATION [Catalina-utility-2] org.apache.catalina.core.ApplicationContext.log SessionListener: contextInitialized()
02-Feb-2025 22:29:18.461 INFORMATION [Catalina-utility-2] org.apache.catalina.core.ApplicationContext.log ContextListener: attributeAdded('StockTicker', 'async.Stockticker@2fab9f8c')
02-Feb-2025 22:29:39.432 INFORMATION [main] org.apache.catalina.core.ApplicationContext.log SessionListener: contextDestroyed()
02-Feb-2025 22:29:39.432 INFORMATION [main] org.apache.catalina.core.ApplicationContext.log ContextListener: contextDestroyed()
02-Feb-2025 22:29:52.630 INFORMATION [main] org.apache.catalina.core.ApplicationContext.log ContextListener: contextInitialized()
02-Feb-2025 22:29:52.630 INFORMATION [main] org.apache.catalina.core.ApplicationContext.log SessionListener: contextInitialized()
02-Feb-2025 22:29:52.630 INFORMATION [main] org.apache.catalina.core.ApplicationContext.log ContextListener: attributeAdded('StockTicker', 'async.Stockticker@11b6733a')
02-Feb-2025 22:38:52.032 INFORMATION [main] org.apache.catalina.core.ApplicationContext.log SessionListener: contextDestroyed()
02-Feb-2025 22:38:52.032 INFORMATION [main] org.apache.catalina.core.ApplicationContext.log ContextListener: contextDestroyed()
02-Feb-2025 22:39:05.639 INFORMATION [main] org.apache.catalina.core.ApplicationContext.log ContextListener: contextInitialized()
02-Feb-2025 22:39:05.639 INFORMATION [main] org.apache.catalina.core.ApplicationContext.log SessionListener: contextInitialized()
02-Feb-2025 22:39:05.640 INFORMATION [main] org.apache.catalina.core.ApplicationContext.log ContextListener: attributeAdded('StockTicker', 'async.Stockticker@5e00f890')
02-Feb-2025 22:39:42.258 INFORMATION [Catalina-utility-2] org.apache.catalina.core.ApplicationContext.log SessionListener: contextDestroyed()
02-Feb-2025 22:39:42.258 INFORMATION [Catalina-utility-2] org.apache.catalina.core.ApplicationContext.log ContextListener: contextDestroyed()
02-Feb-2025 22:39:43.516 INFORMATION [Catalina-utility-2] org.apache.catalina.core.ApplicationContext.log ContextListener: contextInitialized()
02-Feb-2025 22:39:43.516 INFORMATION [Catalina-utility-2] org.apache.catalina.core.ApplicationContext.log SessionListener: contextInitialized()
02-Feb-2025 22:39:43.516 INFORMATION [Catalina-utility-2] org.apache.catalina.core.ApplicationContext.log ContextListener: attributeAdded('StockTicker', 'async.Stockticker@778e964')
02-Feb-2025 23:01:03.475 INFORMATION [main] org.apache.catalina.core.ApplicationContext.log SessionListener: contextDestroyed()
02-Feb-2025 23:01:03.475 INFORMATION [main] org.apache.catalina.core.ApplicationContext.log ContextListener: contextDestroyed()
02-Feb-2025 23:02:38.228 INFORMATION [main] org.apache.catalina.core.ApplicationContext.log ContextListener: contextInitialized()
02-Feb-2025 23:02:38.228 INFORMATION [main] org.apache.catalina.core.ApplicationContext.log SessionListener: contextInitialized()
02-Feb-2025 23:02:38.229 INFORMATION [main] org.apache.catalina.core.ApplicationContext.log ContextListener: attributeAdded('StockTicker', 'async.Stockticker@7a8a8e51')
02-Feb-2025 23:16:14.869 SCHWERWIEGEND [Catalina-utility-2] org.apache.catalina.core.StandardContext.filterStart Ausnahme beim Starten des Filters [CorsFilter]
	jakarta.servlet.ServletException: It is not allowed to configure supportsCredentials=[true] when allowedOrigins=[*]
		at org.apache.catalina.filters.CorsFilter.parseAndStore(CorsFilter.java:673)
		at org.apache.catalina.filters.CorsFilter.init(CorsFilter.java:170)
		at jakarta.servlet.GenericFilter.init(GenericFilter.java:72)
		at org.apache.catalina.core.ApplicationFilterConfig.initFilter(ApplicationFilterConfig.java:245)
		at org.apache.catalina.core.ApplicationFilterConfig.getFilter(ApplicationFilterConfig.java:227)
		at org.apache.catalina.core.ApplicationFilterConfig.<init>(ApplicationFilterConfig.java:98)
		at org.apache.catalina.core.StandardContext.filterStart(StandardContext.java:3844)
		at org.apache.catalina.core.StandardContext.startInternal(StandardContext.java:4448)
		at org.apache.catalina.util.LifecycleBase.start(LifecycleBase.java:164)
		at org.apache.catalina.core.StandardContext.reload(StandardContext.java:3207)
		at org.apache.catalina.startup.HostConfig.reload(HostConfig.java:1460)
		at org.apache.catalina.startup.HostConfig.checkResources(HostConfig.java:1435)
		at org.apache.catalina.startup.HostConfig.check(HostConfig.java:1665)
		at org.apache.catalina.startup.HostConfig.lifecycleEvent(HostConfig.java:299)
		at org.apache.catalina.util.LifecycleBase.fireLifecycleEvent(LifecycleBase.java:109)
		at org.apache.catalina.core.ContainerBase.backgroundProcess(ContainerBase.java:973)
		at org.apache.catalina.core.ContainerBase$ContainerBackgroundProcessor.processChildren(ContainerBase.java:1172)
		at org.apache.catalina.core.ContainerBase$ContainerBackgroundProcessor.processChildren(ContainerBase.java:1176)
		at org.apache.catalina.core.ContainerBase$ContainerBackgroundProcessor.run(ContainerBase.java:1154)
		at java.base/java.util.concurrent.Executors$RunnableAdapter.call(Executors.java:572)
		at java.base/java.util.concurrent.FutureTask.runAndReset(FutureTask.java:358)
		at java.base/java.util.concurrent.ScheduledThreadPoolExecutor$ScheduledFutureTask.run(ScheduledThreadPoolExecutor.java:305)
		at java.base/java.util.concurrent.ThreadPoolExecutor.runWorker(ThreadPoolExecutor.java:1144)
		at java.base/java.util.concurrent.ThreadPoolExecutor$Worker.run(ThreadPoolExecutor.java:642)
		at org.apache.tomcat.util.threads.TaskThread$WrappingRunnable.run(TaskThread.java:63)
		at java.base/java.lang.Thread.run(Thread.java:1583)
02-Feb-2025 23:16:52.606 INFORMATION [main] org.apache.catalina.core.ApplicationContext.log SessionListener: contextDestroyed()
02-Feb-2025 23:16:52.606 INFORMATION [main] org.apache.catalina.core.ApplicationContext.log ContextListener: contextDestroyed()
02-Feb-2025 23:17:07.116 INFORMATION [main] org.apache.catalina.core.ApplicationContext.log ContextListener: contextInitialized()
02-Feb-2025 23:17:07.116 INFORMATION [main] org.apache.catalina.core.ApplicationContext.log SessionListener: contextInitialized()
02-Feb-2025 23:17:07.117 INFORMATION [main] org.apache.catalina.core.ApplicationContext.log ContextListener: attributeAdded('StockTicker', 'async.Stockticker@2aa34bfe')
02-Feb-2025 23:23:15.954 INFORMATION [main] org.apache.catalina.core.ApplicationContext.log SessionListener: contextDestroyed()
02-Feb-2025 23:23:15.954 INFORMATION [main] org.apache.catalina.core.ApplicationContext.log ContextListener: contextDestroyed()
