02-Jan-2025 12:48:49.327 INFORMATION [main] org.apache.catalina.core.ApplicationContext.log ContextListener: contextInitialized()
02-Jan-2025 12:48:49.328 INFORMATION [main] org.apache.catalina.core.ApplicationContext.log SessionListener: contextInitialized()
02-Jan-2025 12:48:49.329 INFORMATION [main] org.apache.catalina.core.ApplicationContext.log ContextListener: attributeAdded('StockTicker', 'async.Stockticker@3e2941a9')
02-Jan-2025 13:16:35.751 INFORMATION [main] org.apache.catalina.core.ApplicationContext.log SessionListener: contextDestroyed()
02-Jan-2025 13:16:35.751 INFORMATION [main] org.apache.catalina.core.ApplicationContext.log ContextListener: contextDestroyed()
02-Jan-2025 13:17:25.081 INFORMATION [main] org.apache.catalina.core.ApplicationContext.log ContextListener: contextInitialized()
02-Jan-2025 13:17:25.081 INFORMATION [main] org.apache.catalina.core.ApplicationContext.log SessionListener: contextInitialized()
02-Jan-2025 13:17:25.081 INFORMATION [main] org.apache.catalina.core.ApplicationContext.log ContextListener: attributeAdded('StockTicker', 'async.Stockticker@16de39')
02-Jan-2025 13:18:51.118 INFORMATION [main] org.apache.catalina.core.ApplicationContext.log SessionListener: contextDestroyed()
02-Jan-2025 13:18:51.118 INFORMATION [main] org.apache.catalina.core.ApplicationContext.log ContextListener: contextDestroyed()
02-Jan-2025 13:19:34.582 INFORMATION [main] org.apache.catalina.core.ApplicationContext.log ContextListener: contextInitialized()
02-Jan-2025 13:19:34.582 INFORMATION [main] org.apache.catalina.core.ApplicationContext.log SessionListener: contextInitialized()
02-Jan-2025 13:19:34.582 INFORMATION [main] org.apache.catalina.core.ApplicationContext.log ContextListener: attributeAdded('StockTicker', 'async.Stockticker@7f4a0c8')
02-Jan-2025 14:56:08.950 INFORMATION [main] org.apache.catalina.core.ApplicationContext.log SessionListener: contextDestroyed()
02-Jan-2025 14:56:08.950 INFORMATION [main] org.apache.catalina.core.ApplicationContext.log ContextListener: contextDestroyed()
02-Jan-2025 14:59:51.417 INFORMATION [main] org.apache.catalina.core.ApplicationContext.log ContextListener: contextInitialized()
02-Jan-2025 14:59:51.417 INFORMATION [main] org.apache.catalina.core.ApplicationContext.log SessionListener: contextInitialized()
02-Jan-2025 14:59:51.417 INFORMATION [main] org.apache.catalina.core.ApplicationContext.log ContextListener: attributeAdded('StockTicker', 'async.Stockticker@53332f8e')
02-Jan-2025 15:23:38.981 INFORMATION [main] org.apache.catalina.core.ApplicationContext.log SessionListener: contextDestroyed()
02-Jan-2025 15:23:38.981 INFORMATION [main] org.apache.catalina.core.ApplicationContext.log ContextListener: contextDestroyed()
