08-Jan-2025 15:32:09.362 INFORMATION [main] org.apache.catalina.core.ApplicationContext.log ContextListener: contextInitialized()
08-Jan-2025 15:32:09.362 INFORMATION [main] org.apache.catalina.core.ApplicationContext.log SessionListener: contextInitialized()
08-Jan-2025 15:32:09.363 INFORMATION [main] org.apache.catalina.core.ApplicationContext.log ContextListener: attributeAdded('StockTicker', 'async.Stockticker@3e33fc59')
08-Jan-2025 15:46:17.961 INFORMATION [main] org.apache.catalina.core.ApplicationContext.log SessionListener: contextDestroyed()
08-Jan-2025 15:46:17.961 INFORMATION [main] org.apache.catalina.core.ApplicationContext.log ContextListener: contextDestroyed()
08-Jan-2025 15:47:02.961 INFORMATION [main] org.apache.catalina.core.ApplicationContext.log ContextListener: contextInitialized()
08-Jan-2025 15:47:02.961 INFORMATION [main] org.apache.catalina.core.ApplicationContext.log SessionListener: contextInitialized()
08-Jan-2025 15:47:02.962 INFORMATION [main] org.apache.catalina.core.ApplicationContext.log ContextListener: attributeAdded('StockTicker', 'async.Stockticker@7a8a8e51')
08-Jan-2025 16:48:29.354 INFORMATION [main] org.apache.catalina.core.ApplicationContext.log SessionListener: contextDestroyed()
08-Jan-2025 16:48:29.355 INFORMATION [main] org.apache.catalina.core.ApplicationContext.log ContextListener: contextDestroyed()
08-Jan-2025 16:48:56.195 INFORMATION [main] org.apache.catalina.core.ApplicationContext.log ContextListener: contextInitialized()
08-Jan-2025 16:48:56.195 INFORMATION [main] org.apache.catalina.core.ApplicationContext.log SessionListener: contextInitialized()
08-Jan-2025 16:48:56.196 INFORMATION [main] org.apache.catalina.core.ApplicationContext.log ContextListener: attributeAdded('StockTicker', 'async.Stockticker@52675436')
08-Jan-2025 17:09:56.535 INFORMATION [main] org.apache.catalina.core.ApplicationContext.log SessionListener: contextDestroyed()
08-Jan-2025 17:09:56.535 INFORMATION [main] org.apache.catalina.core.ApplicationContext.log ContextListener: contextDestroyed()
08-Jan-2025 17:10:26.258 INFORMATION [main] org.apache.catalina.core.ApplicationContext.log ContextListener: contextInitialized()
08-Jan-2025 17:10:26.258 INFORMATION [main] org.apache.catalina.core.ApplicationContext.log SessionListener: contextInitialized()
08-Jan-2025 17:10:26.259 INFORMATION [main] org.apache.catalina.core.ApplicationContext.log ContextListener: attributeAdded('StockTicker', 'async.Stockticker@35c461f9')
08-Jan-2025 17:20:56.130 INFORMATION [main] org.apache.catalina.core.ApplicationContext.log SessionListener: contextDestroyed()
08-Jan-2025 17:20:56.130 INFORMATION [main] org.apache.catalina.core.ApplicationContext.log ContextListener: contextDestroyed()
08-Jan-2025 17:21:28.281 INFORMATION [main] org.apache.catalina.core.ApplicationContext.log ContextListener: contextInitialized()
08-Jan-2025 17:21:28.281 INFORMATION [main] org.apache.catalina.core.ApplicationContext.log SessionListener: contextInitialized()
08-Jan-2025 17:21:28.282 INFORMATION [main] org.apache.catalina.core.ApplicationContext.log ContextListener: attributeAdded('StockTicker', 'async.Stockticker@8852d9')
08-Jan-2025 17:33:38.345 INFORMATION [main] org.apache.catalina.core.ApplicationContext.log SessionListener: contextDestroyed()
08-Jan-2025 17:33:38.345 INFORMATION [main] org.apache.catalina.core.ApplicationContext.log ContextListener: contextDestroyed()
08-Jan-2025 17:33:52.354 INFORMATION [main] org.apache.catalina.core.ApplicationContext.log ContextListener: contextInitialized()
08-Jan-2025 17:33:52.354 INFORMATION [main] org.apache.catalina.core.ApplicationContext.log SessionListener: contextInitialized()
08-Jan-2025 17:33:52.354 INFORMATION [main] org.apache.catalina.core.ApplicationContext.log ContextListener: attributeAdded('StockTicker', 'async.Stockticker@6b4c5203')
08-Jan-2025 17:47:38.201 INFORMATION [main] org.apache.catalina.core.ApplicationContext.log SessionListener: contextDestroyed()
08-Jan-2025 17:47:38.201 INFORMATION [main] org.apache.catalina.core.ApplicationContext.log ContextListener: contextDestroyed()
08-Jan-2025 17:49:08.933 INFORMATION [main] org.apache.catalina.core.ApplicationContext.log ContextListener: contextInitialized()
08-Jan-2025 17:49:08.934 INFORMATION [main] org.apache.catalina.core.ApplicationContext.log SessionListener: contextInitialized()
08-Jan-2025 17:49:08.934 INFORMATION [main] org.apache.catalina.core.ApplicationContext.log ContextListener: attributeAdded('StockTicker', 'async.Stockticker@60e543f5')
08-Jan-2025 17:55:22.723 INFORMATION [main] org.apache.catalina.core.ApplicationContext.log SessionListener: contextDestroyed()
08-Jan-2025 17:55:22.723 INFORMATION [main] org.apache.catalina.core.ApplicationContext.log ContextListener: contextDestroyed()
08-Jan-2025 17:56:24.121 INFORMATION [main] org.apache.catalina.core.ApplicationContext.log ContextListener: contextInitialized()
08-Jan-2025 17:56:24.121 INFORMATION [main] org.apache.catalina.core.ApplicationContext.log SessionListener: contextInitialized()
08-Jan-2025 17:56:24.122 INFORMATION [main] org.apache.catalina.core.ApplicationContext.log ContextListener: attributeAdded('StockTicker', 'async.Stockticker@59d2806a')
08-Jan-2025 17:59:32.094 INFORMATION [main] org.apache.catalina.core.ApplicationContext.log SessionListener: contextDestroyed()
08-Jan-2025 17:59:32.095 INFORMATION [main] org.apache.catalina.core.ApplicationContext.log ContextListener: contextDestroyed()
