09-Jan-2025 13:07:25.852 INFORMATION [main] org.apache.catalina.core.ApplicationContext.log ContextListener: contextInitialized()
09-Jan-2025 13:07:25.852 INFORMATION [main] org.apache.catalina.core.ApplicationContext.log SessionListener: contextInitialized()
09-Jan-2025 13:07:25.852 INFORMATION [main] org.apache.catalina.core.ApplicationContext.log ContextListener: attributeAdded('StockTicker', 'async.Stockticker@3e33fc59')
09-Jan-2025 13:17:34.503 INFORMATION [main] org.apache.catalina.core.ApplicationContext.log SessionListener: contextDestroyed()
09-Jan-2025 13:17:34.503 INFORMATION [main] org.apache.catalina.core.ApplicationContext.log ContextListener: contextDestroyed()
09-Jan-2025 13:18:15.292 INFORMATION [main] org.apache.catalina.core.ApplicationContext.log ContextListener: contextInitialized()
09-Jan-2025 13:18:15.292 INFORMATION [main] org.apache.catalina.core.ApplicationContext.log SessionListener: contextInitialized()
09-Jan-2025 13:18:15.292 INFORMATION [main] org.apache.catalina.core.ApplicationContext.log ContextListener: attributeAdded('StockTicker', 'async.Stockticker@7a8a8e51')
09-Jan-2025 13:25:41.300 INFORMATION [main] org.apache.catalina.core.ApplicationContext.log SessionListener: contextDestroyed()
09-Jan-2025 13:25:41.300 INFORMATION [main] org.apache.catalina.core.ApplicationContext.log ContextListener: contextDestroyed()
09-Jan-2025 13:27:03.799 INFORMATION [main] org.apache.catalina.core.ApplicationContext.log ContextListener: contextInitialized()
09-Jan-2025 13:27:03.799 INFORMATION [main] org.apache.catalina.core.ApplicationContext.log SessionListener: contextInitialized()
09-Jan-2025 13:27:03.800 INFORMATION [main] org.apache.catalina.core.ApplicationContext.log ContextListener: attributeAdded('StockTicker', 'async.Stockticker@785d77cb')
09-Jan-2025 13:36:31.567 INFORMATION [main] org.apache.catalina.core.ApplicationContext.log SessionListener: contextDestroyed()
09-Jan-2025 13:36:31.567 INFORMATION [main] org.apache.catalina.core.ApplicationContext.log ContextListener: contextDestroyed()
09-Jan-2025 13:39:05.106 INFORMATION [main] org.apache.catalina.core.ApplicationContext.log ContextListener: contextInitialized()
09-Jan-2025 13:39:05.106 INFORMATION [main] org.apache.catalina.core.ApplicationContext.log SessionListener: contextInitialized()
09-Jan-2025 13:39:05.107 INFORMATION [main] org.apache.catalina.core.ApplicationContext.log ContextListener: attributeAdded('StockTicker', 'async.Stockticker@1de5ccd6')
09-Jan-2025 13:45:28.845 INFORMATION [main] org.apache.catalina.core.ApplicationContext.log SessionListener: contextDestroyed()
09-Jan-2025 13:45:28.845 INFORMATION [main] org.apache.catalina.core.ApplicationContext.log ContextListener: contextDestroyed()
09-Jan-2025 13:47:59.017 INFORMATION [main] org.apache.catalina.core.ApplicationContext.log ContextListener: contextInitialized()
09-Jan-2025 13:47:59.017 INFORMATION [main] org.apache.catalina.core.ApplicationContext.log SessionListener: contextInitialized()
09-Jan-2025 13:47:59.018 INFORMATION [main] org.apache.catalina.core.ApplicationContext.log ContextListener: attributeAdded('StockTicker', 'async.Stockticker@40dd8fa0')
09-Jan-2025 13:52:00.350 INFORMATION [main] org.apache.catalina.core.ApplicationContext.log SessionListener: contextDestroyed()
09-Jan-2025 13:52:00.350 INFORMATION [main] org.apache.catalina.core.ApplicationContext.log ContextListener: contextDestroyed()
09-Jan-2025 13:52:22.202 INFORMATION [main] org.apache.catalina.core.ApplicationContext.log ContextListener: contextInitialized()
09-Jan-2025 13:52:22.202 INFORMATION [main] org.apache.catalina.core.ApplicationContext.log SessionListener: contextInitialized()
09-Jan-2025 13:52:22.203 INFORMATION [main] org.apache.catalina.core.ApplicationContext.log ContextListener: attributeAdded('StockTicker', 'async.Stockticker@6b4c5203')
09-Jan-2025 13:55:39.268 INFORMATION [main] org.apache.catalina.core.ApplicationContext.log SessionListener: contextDestroyed()
09-Jan-2025 13:55:39.268 INFORMATION [main] org.apache.catalina.core.ApplicationContext.log ContextListener: contextDestroyed()
09-Jan-2025 13:56:01.572 INFORMATION [main] org.apache.catalina.core.ApplicationContext.log ContextListener: contextInitialized()
09-Jan-2025 13:56:01.572 INFORMATION [main] org.apache.catalina.core.ApplicationContext.log SessionListener: contextInitialized()
09-Jan-2025 13:56:01.573 INFORMATION [main] org.apache.catalina.core.ApplicationContext.log ContextListener: attributeAdded('StockTicker', 'async.Stockticker@7a8a8e51')
09-Jan-2025 13:59:01.454 INFORMATION [main] org.apache.catalina.core.ApplicationContext.log SessionListener: contextDestroyed()
09-Jan-2025 13:59:01.454 INFORMATION [main] org.apache.catalina.core.ApplicationContext.log ContextListener: contextDestroyed()
09-Jan-2025 13:59:43.131 INFORMATION [main] org.apache.catalina.core.ApplicationContext.log ContextListener: contextInitialized()
09-Jan-2025 13:59:43.131 INFORMATION [main] org.apache.catalina.core.ApplicationContext.log SessionListener: contextInitialized()
09-Jan-2025 13:59:43.131 INFORMATION [main] org.apache.catalina.core.ApplicationContext.log ContextListener: attributeAdded('StockTicker', 'async.Stockticker@18ded953')
09-Jan-2025 14:52:53.459 INFORMATION [main] org.apache.catalina.core.ApplicationContext.log SessionListener: contextDestroyed()
09-Jan-2025 14:52:53.459 INFORMATION [main] org.apache.catalina.core.ApplicationContext.log ContextListener: contextDestroyed()
