01-Jan-2025 15:33:41.855 INFORMATION [main] org.apache.catalina.core.ApplicationContext.log ContextListener: contextInitialized()
01-Jan-2025 15:33:41.855 INFORMATION [main] org.apache.catalina.core.ApplicationContext.log SessionListener: contextInitialized()
01-Jan-2025 15:33:41.855 INFORMATION [main] org.apache.catalina.core.ApplicationContext.log ContextListener: attributeAdded('StockTicker', 'async.Stockticker@1de5ccd6')
01-Jan-2025 15:38:34.668 INFORMATION [main] org.apache.catalina.core.ApplicationContext.log SessionListener: contextDestroyed()
01-Jan-2025 15:38:34.668 INFORMATION [main] org.apache.catalina.core.ApplicationContext.log ContextListener: contextDestroyed()
01-Jan-2025 15:39:07.907 INFORMATION [main] org.apache.catalina.core.ApplicationContext.log ContextListener: contextInitialized()
01-Jan-2025 15:39:07.907 INFORMATION [main] org.apache.catalina.core.ApplicationContext.log SessionListener: contextInitialized()
01-Jan-2025 15:39:07.907 INFORMATION [main] org.apache.catalina.core.ApplicationContext.log ContextListener: attributeAdded('StockTicker', 'async.Stockticker@73c71c69')
01-Jan-2025 15:48:55.794 INFORMATION [main] org.apache.catalina.core.ApplicationContext.log SessionListener: contextDestroyed()
01-Jan-2025 15:48:55.794 INFORMATION [main] org.apache.catalina.core.ApplicationContext.log ContextListener: contextDestroyed()
01-Jan-2025 15:49:41.133 INFORMATION [main] org.apache.catalina.core.ApplicationContext.log ContextListener: contextInitialized()
01-Jan-2025 15:49:41.133 INFORMATION [main] org.apache.catalina.core.ApplicationContext.log SessionListener: contextInitialized()
01-Jan-2025 15:49:41.133 INFORMATION [main] org.apache.catalina.core.ApplicationContext.log ContextListener: attributeAdded('StockTicker', 'async.Stockticker@3508da71')
01-Jan-2025 15:57:24.132 INFORMATION [main] org.apache.catalina.core.ApplicationContext.log SessionListener: contextDestroyed()
01-Jan-2025 15:57:24.132 INFORMATION [main] org.apache.catalina.core.ApplicationContext.log ContextListener: contextDestroyed()
01-Jan-2025 15:58:34.833 INFORMATION [main] org.apache.catalina.core.ApplicationContext.log ContextListener: contextInitialized()
01-Jan-2025 15:58:34.833 INFORMATION [main] org.apache.catalina.core.ApplicationContext.log SessionListener: contextInitialized()
01-Jan-2025 15:58:34.833 INFORMATION [main] org.apache.catalina.core.ApplicationContext.log ContextListener: attributeAdded('StockTicker', 'async.Stockticker@7a1ca8fb')
01-Jan-2025 16:05:17.435 INFORMATION [main] org.apache.catalina.core.ApplicationContext.log SessionListener: contextDestroyed()
01-Jan-2025 16:05:17.435 INFORMATION [main] org.apache.catalina.core.ApplicationContext.log ContextListener: contextDestroyed()
01-Jan-2025 16:06:04.009 INFORMATION [main] org.apache.catalina.core.ApplicationContext.log ContextListener: contextInitialized()
01-Jan-2025 16:06:04.009 INFORMATION [main] org.apache.catalina.core.ApplicationContext.log SessionListener: contextInitialized()
01-Jan-2025 16:06:04.010 INFORMATION [main] org.apache.catalina.core.ApplicationContext.log ContextListener: attributeAdded('StockTicker', 'async.Stockticker@7a8a8e51')
01-Jan-2025 16:08:21.119 INFORMATION [main] org.apache.catalina.core.ApplicationContext.log SessionListener: contextDestroyed()
01-Jan-2025 16:08:21.119 INFORMATION [main] org.apache.catalina.core.ApplicationContext.log ContextListener: contextDestroyed()
01-Jan-2025 16:09:29.304 INFORMATION [main] org.apache.catalina.core.ApplicationContext.log ContextListener: contextInitialized()
01-Jan-2025 16:09:29.304 INFORMATION [main] org.apache.catalina.core.ApplicationContext.log SessionListener: contextInitialized()
01-Jan-2025 16:09:29.305 INFORMATION [main] org.apache.catalina.core.ApplicationContext.log ContextListener: attributeAdded('StockTicker', 'async.Stockticker@785d77cb')
01-Jan-2025 16:34:46.556 INFORMATION [main] org.apache.catalina.core.ApplicationContext.log SessionListener: contextDestroyed()
01-Jan-2025 16:34:46.556 INFORMATION [main] org.apache.catalina.core.ApplicationContext.log ContextListener: contextDestroyed()
01-Jan-2025 16:35:31.180 INFORMATION [main] org.apache.catalina.core.ApplicationContext.log ContextListener: contextInitialized()
01-Jan-2025 16:35:31.180 INFORMATION [main] org.apache.catalina.core.ApplicationContext.log SessionListener: contextInitialized()
01-Jan-2025 16:35:31.181 INFORMATION [main] org.apache.catalina.core.ApplicationContext.log ContextListener: attributeAdded('StockTicker', 'async.Stockticker@40dd8fa0')
01-Jan-2025 16:36:29.772 INFORMATION [main] org.apache.catalina.core.ApplicationContext.log SessionListener: contextDestroyed()
01-Jan-2025 16:36:29.772 INFORMATION [main] org.apache.catalina.core.ApplicationContext.log ContextListener: contextDestroyed()
01-Jan-2025 16:37:32.481 INFORMATION [main] org.apache.catalina.core.ApplicationContext.log ContextListener: contextInitialized()
01-Jan-2025 16:37:32.482 INFORMATION [main] org.apache.catalina.core.ApplicationContext.log SessionListener: contextInitialized()
01-Jan-2025 16:37:32.482 INFORMATION [main] org.apache.catalina.core.ApplicationContext.log ContextListener: attributeAdded('StockTicker', 'async.Stockticker@448f49f')
01-Jan-2025 16:46:08.411 INFORMATION [main] org.apache.catalina.core.ApplicationContext.log SessionListener: contextDestroyed()
01-Jan-2025 16:46:08.411 INFORMATION [main] org.apache.catalina.core.ApplicationContext.log ContextListener: contextDestroyed()
01-Jan-2025 16:47:00.387 INFORMATION [main] org.apache.catalina.core.ApplicationContext.log ContextListener: contextInitialized()
01-Jan-2025 16:47:00.387 INFORMATION [main] org.apache.catalina.core.ApplicationContext.log SessionListener: contextInitialized()
01-Jan-2025 16:47:00.388 INFORMATION [main] org.apache.catalina.core.ApplicationContext.log ContextListener: attributeAdded('StockTicker', 'async.Stockticker@55d4e64a')
01-Jan-2025 16:52:41.822 INFORMATION [main] org.apache.catalina.core.ApplicationContext.log SessionListener: contextDestroyed()
01-Jan-2025 16:52:41.822 INFORMATION [main] org.apache.catalina.core.ApplicationContext.log ContextListener: contextDestroyed()
01-Jan-2025 16:53:28.378 INFORMATION [main] org.apache.catalina.core.ApplicationContext.log ContextListener: contextInitialized()
01-Jan-2025 16:53:28.378 INFORMATION [main] org.apache.catalina.core.ApplicationContext.log SessionListener: contextInitialized()
01-Jan-2025 16:53:28.378 INFORMATION [main] org.apache.catalina.core.ApplicationContext.log ContextListener: attributeAdded('StockTicker', 'async.Stockticker@6b4c5203')
01-Jan-2025 17:05:35.702 INFORMATION [main] org.apache.catalina.core.ApplicationContext.log SessionListener: contextDestroyed()
01-Jan-2025 17:05:35.702 INFORMATION [main] org.apache.catalina.core.ApplicationContext.log ContextListener: contextDestroyed()
01-Jan-2025 17:06:17.487 INFORMATION [main] org.apache.catalina.core.ApplicationContext.log ContextListener: contextInitialized()
01-Jan-2025 17:06:17.487 INFORMATION [main] org.apache.catalina.core.ApplicationContext.log SessionListener: contextInitialized()
01-Jan-2025 17:06:17.488 INFORMATION [main] org.apache.catalina.core.ApplicationContext.log ContextListener: attributeAdded('StockTicker', 'async.Stockticker@55d4e64a')
01-Jan-2025 17:11:17.542 INFORMATION [main] org.apache.catalina.core.ApplicationContext.log SessionListener: contextDestroyed()
01-Jan-2025 17:11:17.542 INFORMATION [main] org.apache.catalina.core.ApplicationContext.log ContextListener: contextDestroyed()
01-Jan-2025 17:11:39.090 INFORMATION [main] org.apache.catalina.core.ApplicationContext.log ContextListener: contextInitialized()
01-Jan-2025 17:11:39.090 INFORMATION [main] org.apache.catalina.core.ApplicationContext.log SessionListener: contextInitialized()
01-Jan-2025 17:11:39.090 INFORMATION [main] org.apache.catalina.core.ApplicationContext.log ContextListener: attributeAdded('StockTicker', 'async.Stockticker@3e33fc59')
01-Jan-2025 17:16:51.822 INFORMATION [main] org.apache.catalina.core.ApplicationContext.log SessionListener: contextDestroyed()
01-Jan-2025 17:16:51.822 INFORMATION [main] org.apache.catalina.core.ApplicationContext.log ContextListener: contextDestroyed()
01-Jan-2025 17:17:39.925 INFORMATION [main] org.apache.catalina.core.ApplicationContext.log ContextListener: contextInitialized()
01-Jan-2025 17:17:39.925 INFORMATION [main] org.apache.catalina.core.ApplicationContext.log SessionListener: contextInitialized()
01-Jan-2025 17:17:39.926 INFORMATION [main] org.apache.catalina.core.ApplicationContext.log ContextListener: attributeAdded('StockTicker', 'async.Stockticker@5db0068b')
01-Jan-2025 17:19:41.817 INFORMATION [main] org.apache.catalina.core.ApplicationContext.log SessionListener: contextDestroyed()
01-Jan-2025 17:19:41.817 INFORMATION [main] org.apache.catalina.core.ApplicationContext.log ContextListener: contextDestroyed()
01-Jan-2025 17:20:34.877 INFORMATION [main] org.apache.catalina.core.ApplicationContext.log ContextListener: contextInitialized()
01-Jan-2025 17:20:34.877 INFORMATION [main] org.apache.catalina.core.ApplicationContext.log SessionListener: contextInitialized()
01-Jan-2025 17:20:34.878 INFORMATION [main] org.apache.catalina.core.ApplicationContext.log ContextListener: attributeAdded('StockTicker', 'async.Stockticker@5db0068b')
01-Jan-2025 17:23:42.095 INFORMATION [main] org.apache.catalina.core.ApplicationContext.log SessionListener: contextDestroyed()
01-Jan-2025 17:23:42.095 INFORMATION [main] org.apache.catalina.core.ApplicationContext.log ContextListener: contextDestroyed()
01-Jan-2025 17:24:13.159 INFORMATION [main] org.apache.catalina.core.ApplicationContext.log ContextListener: contextInitialized()
01-Jan-2025 17:24:13.159 INFORMATION [main] org.apache.catalina.core.ApplicationContext.log SessionListener: contextInitialized()
01-Jan-2025 17:24:13.159 INFORMATION [main] org.apache.catalina.core.ApplicationContext.log ContextListener: attributeAdded('StockTicker', 'async.Stockticker@4800e774')
01-Jan-2025 17:28:44.300 INFORMATION [main] org.apache.catalina.core.ApplicationContext.log SessionListener: contextDestroyed()
01-Jan-2025 17:28:44.300 INFORMATION [main] org.apache.catalina.core.ApplicationContext.log ContextListener: contextDestroyed()
01-Jan-2025 17:29:43.390 INFORMATION [main] org.apache.catalina.core.ApplicationContext.log ContextListener: contextInitialized()
01-Jan-2025 17:29:43.390 INFORMATION [main] org.apache.catalina.core.ApplicationContext.log SessionListener: contextInitialized()
01-Jan-2025 17:29:43.391 INFORMATION [main] org.apache.catalina.core.ApplicationContext.log ContextListener: attributeAdded('StockTicker', 'async.Stockticker@6b5621d')
01-Jan-2025 17:32:15.185 INFORMATION [main] org.apache.catalina.core.ApplicationContext.log SessionListener: contextDestroyed()
01-Jan-2025 17:32:15.185 INFORMATION [main] org.apache.catalina.core.ApplicationContext.log ContextListener: contextDestroyed()
01-Jan-2025 17:32:36.730 INFORMATION [main] org.apache.catalina.core.ApplicationContext.log ContextListener: contextInitialized()
01-Jan-2025 17:32:36.730 INFORMATION [main] org.apache.catalina.core.ApplicationContext.log SessionListener: contextInitialized()
01-Jan-2025 17:32:36.731 INFORMATION [main] org.apache.catalina.core.ApplicationContext.log ContextListener: attributeAdded('StockTicker', 'async.Stockticker@35809185')
01-Jan-2025 17:39:28.704 INFORMATION [main] org.apache.catalina.core.ApplicationContext.log SessionListener: contextDestroyed()
01-Jan-2025 17:39:28.704 INFORMATION [main] org.apache.catalina.core.ApplicationContext.log ContextListener: contextDestroyed()
01-Jan-2025 17:40:09.882 INFORMATION [main] org.apache.catalina.core.ApplicationContext.log ContextListener: contextInitialized()
01-Jan-2025 17:40:09.882 INFORMATION [main] org.apache.catalina.core.ApplicationContext.log SessionListener: contextInitialized()
01-Jan-2025 17:40:09.882 INFORMATION [main] org.apache.catalina.core.ApplicationContext.log ContextListener: attributeAdded('StockTicker', 'async.Stockticker@18ded953')
01-Jan-2025 17:42:51.899 INFORMATION [main] org.apache.catalina.core.ApplicationContext.log SessionListener: contextDestroyed()
01-Jan-2025 17:42:51.899 INFORMATION [main] org.apache.catalina.core.ApplicationContext.log ContextListener: contextDestroyed()
01-Jan-2025 17:43:26.243 INFORMATION [main] org.apache.catalina.core.ApplicationContext.log ContextListener: contextInitialized()
01-Jan-2025 17:43:26.243 INFORMATION [main] org.apache.catalina.core.ApplicationContext.log SessionListener: contextInitialized()
01-Jan-2025 17:43:26.244 INFORMATION [main] org.apache.catalina.core.ApplicationContext.log ContextListener: attributeAdded('StockTicker', 'async.Stockticker@5fbe8cef')
01-Jan-2025 17:48:03.813 INFORMATION [main] org.apache.catalina.core.ApplicationContext.log SessionListener: contextDestroyed()
01-Jan-2025 17:48:03.813 INFORMATION [main] org.apache.catalina.core.ApplicationContext.log ContextListener: contextDestroyed()
01-Jan-2025 17:49:04.410 INFORMATION [main] org.apache.catalina.core.ApplicationContext.log ContextListener: contextInitialized()
01-Jan-2025 17:49:04.410 INFORMATION [main] org.apache.catalina.core.ApplicationContext.log SessionListener: contextInitialized()
01-Jan-2025 17:49:04.411 INFORMATION [main] org.apache.catalina.core.ApplicationContext.log ContextListener: attributeAdded('StockTicker', 'async.Stockticker@47dd4c2f')
01-Jan-2025 17:56:25.770 INFORMATION [main] org.apache.catalina.core.ApplicationContext.log SessionListener: contextDestroyed()
01-Jan-2025 17:56:25.770 INFORMATION [main] org.apache.catalina.core.ApplicationContext.log ContextListener: contextDestroyed()
01-Jan-2025 17:57:12.732 INFORMATION [main] org.apache.catalina.core.ApplicationContext.log ContextListener: contextInitialized()
01-Jan-2025 17:57:12.732 INFORMATION [main] org.apache.catalina.core.ApplicationContext.log SessionListener: contextInitialized()
01-Jan-2025 17:57:12.732 INFORMATION [main] org.apache.catalina.core.ApplicationContext.log ContextListener: attributeAdded('StockTicker', 'async.Stockticker@542071d0')
01-Jan-2025 17:59:13.072 INFORMATION [main] org.apache.catalina.core.ApplicationContext.log SessionListener: contextDestroyed()
01-Jan-2025 17:59:13.072 INFORMATION [main] org.apache.catalina.core.ApplicationContext.log ContextListener: contextDestroyed()
01-Jan-2025 18:00:04.405 INFORMATION [main] org.apache.catalina.core.ApplicationContext.log ContextListener: contextInitialized()
01-Jan-2025 18:00:04.405 INFORMATION [main] org.apache.catalina.core.ApplicationContext.log SessionListener: contextInitialized()
01-Jan-2025 18:00:04.406 INFORMATION [main] org.apache.catalina.core.ApplicationContext.log ContextListener: attributeAdded('StockTicker', 'async.Stockticker@3e2941a9')
01-Jan-2025 18:02:44.952 INFORMATION [main] org.apache.catalina.core.ApplicationContext.log SessionListener: contextDestroyed()
01-Jan-2025 18:02:44.952 INFORMATION [main] org.apache.catalina.core.ApplicationContext.log ContextListener: contextDestroyed()
