13-Dec-2024 00:00:22.886 INFORMATION [main] org.apache.catalina.core.ApplicationContext.log SessionListener: contextDestroyed()
13-Dec-2024 00:00:22.886 INFORMATION [main] org.apache.catalina.core.ApplicationContext.log ContextListener: contextDestroyed()
13-Dec-2024 00:01:28.044 INFORMATION [main] org.apache.catalina.core.ApplicationContext.log ContextListener: contextInitialized()
13-Dec-2024 00:01:28.044 INFORMATION [main] org.apache.catalina.core.ApplicationContext.log SessionListener: contextInitialized()
13-Dec-2024 00:01:28.044 INFORMATION [main] org.apache.catalina.core.ApplicationContext.log ContextListener: attributeAdded('StockTicker', 'async.Stockticker@53332f8e')
13-Dec-2024 00:04:43.998 INFORMATION [main] org.apache.catalina.core.ApplicationContext.log SessionListener: contextDestroyed()
13-Dec-2024 00:04:43.998 INFORMATION [main] org.apache.catalina.core.ApplicationContext.log ContextListener: contextDestroyed()
13-Dec-2024 00:06:45.643 INFORMATION [main] org.apache.catalina.core.ApplicationContext.log ContextListener: contextInitialized()
13-Dec-2024 00:06:45.643 INFORMATION [main] org.apache.catalina.core.ApplicationContext.log SessionListener: contextInitialized()
13-Dec-2024 00:06:45.644 INFORMATION [main] org.apache.catalina.core.ApplicationContext.log ContextListener: attributeAdded('StockTicker', 'async.Stockticker@1de5ccd6')
13-Dec-2024 00:07:35.483 INFORMATION [main] org.apache.catalina.core.ApplicationContext.log SessionListener: contextDestroyed()
13-Dec-2024 00:07:35.483 INFORMATION [main] org.apache.catalina.core.ApplicationContext.log ContextListener: contextDestroyed()
13-Dec-2024 00:08:31.390 INFORMATION [main] org.apache.catalina.core.ApplicationContext.log ContextListener: contextInitialized()
13-Dec-2024 00:08:31.390 INFORMATION [main] org.apache.catalina.core.ApplicationContext.log SessionListener: contextInitialized()
13-Dec-2024 00:08:31.391 INFORMATION [main] org.apache.catalina.core.ApplicationContext.log ContextListener: attributeAdded('StockTicker', 'async.Stockticker@5565aca3')
13-Dec-2024 00:10:00.309 INFORMATION [main] org.apache.catalina.core.ApplicationContext.log SessionListener: contextDestroyed()
13-Dec-2024 00:10:00.309 INFORMATION [main] org.apache.catalina.core.ApplicationContext.log ContextListener: contextDestroyed()
13-Dec-2024 00:10:33.148 INFORMATION [main] org.apache.catalina.core.ApplicationContext.log ContextListener: contextInitialized()
13-Dec-2024 00:10:33.148 INFORMATION [main] org.apache.catalina.core.ApplicationContext.log SessionListener: contextInitialized()
13-Dec-2024 00:10:33.149 INFORMATION [main] org.apache.catalina.core.ApplicationContext.log ContextListener: attributeAdded('StockTicker', 'async.Stockticker@62c57797')
13-Dec-2024 00:13:14.634 INFORMATION [main] org.apache.catalina.core.ApplicationContext.log SessionListener: contextDestroyed()
13-Dec-2024 00:13:14.634 INFORMATION [main] org.apache.catalina.core.ApplicationContext.log ContextListener: contextDestroyed()
13-Dec-2024 00:14:00.616 INFORMATION [main] org.apache.catalina.core.ApplicationContext.log ContextListener: contextInitialized()
13-Dec-2024 00:14:00.616 INFORMATION [main] org.apache.catalina.core.ApplicationContext.log SessionListener: contextInitialized()
13-Dec-2024 00:14:00.617 INFORMATION [main] org.apache.catalina.core.ApplicationContext.log ContextListener: attributeAdded('StockTicker', 'async.Stockticker@52675436')
13-Dec-2024 00:17:19.008 INFORMATION [main] org.apache.catalina.core.ApplicationContext.log SessionListener: contextDestroyed()
13-Dec-2024 00:17:19.008 INFORMATION [main] org.apache.catalina.core.ApplicationContext.log ContextListener: contextDestroyed()
13-Dec-2024 00:18:52.506 INFORMATION [main] org.apache.catalina.core.ApplicationContext.log ContextListener: contextInitialized()
13-Dec-2024 00:18:52.506 INFORMATION [main] org.apache.catalina.core.ApplicationContext.log SessionListener: contextInitialized()
13-Dec-2024 00:18:52.507 INFORMATION [main] org.apache.catalina.core.ApplicationContext.log ContextListener: attributeAdded('StockTicker', 'async.Stockticker@f17bc8e')
13-Dec-2024 00:22:03.532 INFORMATION [main] org.apache.catalina.core.ApplicationContext.log SessionListener: contextDestroyed()
13-Dec-2024 00:22:03.532 INFORMATION [main] org.apache.catalina.core.ApplicationContext.log ContextListener: contextDestroyed()
13-Dec-2024 00:23:15.039 INFORMATION [main] org.apache.catalina.core.ApplicationContext.log ContextListener: contextInitialized()
13-Dec-2024 00:23:15.039 INFORMATION [main] org.apache.catalina.core.ApplicationContext.log SessionListener: contextInitialized()
13-Dec-2024 00:23:15.040 INFORMATION [main] org.apache.catalina.core.ApplicationContext.log ContextListener: attributeAdded('StockTicker', 'async.Stockticker@25c157')
13-Dec-2024 00:27:19.941 INFORMATION [main] org.apache.catalina.core.ApplicationContext.log SessionListener: contextDestroyed()
13-Dec-2024 00:27:19.941 INFORMATION [main] org.apache.catalina.core.ApplicationContext.log ContextListener: contextDestroyed()
13-Dec-2024 00:27:46.680 INFORMATION [main] org.apache.catalina.core.ApplicationContext.log ContextListener: contextInitialized()
13-Dec-2024 00:27:46.680 INFORMATION [main] org.apache.catalina.core.ApplicationContext.log SessionListener: contextInitialized()
13-Dec-2024 00:27:46.680 INFORMATION [main] org.apache.catalina.core.ApplicationContext.log ContextListener: attributeAdded('StockTicker', 'async.Stockticker@3edb1a08')
13-Dec-2024 00:33:04.820 INFORMATION [main] org.apache.catalina.core.ApplicationContext.log SessionListener: contextDestroyed()
13-Dec-2024 00:33:04.821 INFORMATION [main] org.apache.catalina.core.ApplicationContext.log ContextListener: contextDestroyed()
13-Dec-2024 00:33:47.137 INFORMATION [main] org.apache.catalina.core.ApplicationContext.log ContextListener: contextInitialized()
13-Dec-2024 00:33:47.137 INFORMATION [main] org.apache.catalina.core.ApplicationContext.log SessionListener: contextInitialized()
13-Dec-2024 00:33:47.138 INFORMATION [main] org.apache.catalina.core.ApplicationContext.log ContextListener: attributeAdded('StockTicker', 'async.Stockticker@3e33fc59')
13-Dec-2024 00:35:38.907 INFORMATION [main] org.apache.catalina.core.ApplicationContext.log SessionListener: contextDestroyed()
13-Dec-2024 00:35:38.907 INFORMATION [main] org.apache.catalina.core.ApplicationContext.log ContextListener: contextDestroyed()
13-Dec-2024 00:36:07.099 INFORMATION [main] org.apache.catalina.core.ApplicationContext.log ContextListener: contextInitialized()
13-Dec-2024 00:36:07.099 INFORMATION [main] org.apache.catalina.core.ApplicationContext.log SessionListener: contextInitialized()
13-Dec-2024 00:36:07.099 INFORMATION [main] org.apache.catalina.core.ApplicationContext.log ContextListener: attributeAdded('StockTicker', 'async.Stockticker@1bb53909')
13-Dec-2024 00:36:46.508 INFORMATION [main] org.apache.catalina.core.ApplicationContext.log SessionListener: contextDestroyed()
13-Dec-2024 00:36:46.508 INFORMATION [main] org.apache.catalina.core.ApplicationContext.log ContextListener: contextDestroyed()
