09-Dec-2024 21:54:38.710 INFORMATION [main] org.apache.catalina.core.ApplicationContext.log ContextListener: contextInitialized()
09-Dec-2024 21:54:38.710 INFORMATION [main] org.apache.catalina.core.ApplicationContext.log SessionListener: contextInitialized()
09-Dec-2024 21:54:38.710 INFORMATION [main] org.apache.catalina.core.ApplicationContext.log ContextListener: attributeAdded('StockTicker', 'async.Stockticker@52675436')
09-Dec-2024 21:55:51.584 INFORMATION [main] org.apache.catalina.core.ApplicationContext.log SessionListener: contextDestroyed()
09-Dec-2024 21:55:51.584 INFORMATION [main] org.apache.catalina.core.ApplicationContext.log ContextListener: contextDestroyed()
09-Dec-2024 22:27:42.031 INFORMATION [main] org.apache.catalina.core.ApplicationContext.log ContextListener: contextInitialized()
09-Dec-2024 22:27:42.031 INFORMATION [main] org.apache.catalina.core.ApplicationContext.log SessionListener: contextInitialized()
09-Dec-2024 22:27:42.032 INFORMATION [main] org.apache.catalina.core.ApplicationContext.log ContextListener: attributeAdded('StockTicker', 'async.Stockticker@3e10ddb9')
09-Dec-2024 22:27:44.737 INFORMATION [main] org.apache.catalina.core.ApplicationContext.log SessionListener: contextDestroyed()
09-Dec-2024 22:27:44.737 INFORMATION [main] org.apache.catalina.core.ApplicationContext.log ContextListener: contextDestroyed()
09-Dec-2024 23:39:28.493 INFORMATION [main] org.apache.catalina.core.ApplicationContext.log ContextListener: contextInitialized()
09-Dec-2024 23:39:28.493 INFORMATION [main] org.apache.catalina.core.ApplicationContext.log SessionListener: contextInitialized()
09-Dec-2024 23:39:28.494 INFORMATION [main] org.apache.catalina.core.ApplicationContext.log ContextListener: attributeAdded('StockTicker', 'async.Stockticker@7a8a8e51')
09-Dec-2024 23:40:55.794 INFORMATION [main] org.apache.catalina.core.ApplicationContext.log SessionListener: contextDestroyed()
09-Dec-2024 23:40:55.794 INFORMATION [main] org.apache.catalina.core.ApplicationContext.log ContextListener: contextDestroyed()
09-Dec-2024 23:47:33.032 INFORMATION [main] org.apache.catalina.core.ApplicationContext.log ContextListener: contextInitialized()
09-Dec-2024 23:47:33.032 INFORMATION [main] org.apache.catalina.core.ApplicationContext.log SessionListener: contextInitialized()
09-Dec-2024 23:47:33.032 INFORMATION [main] org.apache.catalina.core.ApplicationContext.log ContextListener: attributeAdded('StockTicker', 'async.Stockticker@1de5ccd6')
09-Dec-2024 23:52:13.241 INFORMATION [main] org.apache.catalina.core.ApplicationContext.log SessionListener: contextDestroyed()
09-Dec-2024 23:52:13.241 INFORMATION [main] org.apache.catalina.core.ApplicationContext.log ContextListener: contextDestroyed()
