04-Feb-2025 22:34:02.207 INFORMATION [main] org.apache.catalina.core.ApplicationContext.log ContextListener: contextInitialized()
04-Feb-2025 22:34:02.207 INFORMATION [main] org.apache.catalina.core.ApplicationContext.log SessionListener: contextInitialized()
04-Feb-2025 22:34:02.207 INFORMATION [main] org.apache.catalina.core.ApplicationContext.log ContextListener: attributeAdded('StockTicker', 'async.Stockticker@10b53daf')
04-Feb-2025 22:38:25.650 INFORMATION [main] org.apache.catalina.core.ApplicationContext.log SessionListener: contextDestroyed()
04-Feb-2025 22:38:25.650 INFORMATION [main] org.apache.catalina.core.ApplicationContext.log ContextListener: contextDestroyed()
04-Feb-2025 22:39:06.070 INFORMATION [main] org.apache.catalina.core.ApplicationContext.log ContextListener: contextInitialized()
04-Feb-2025 22:39:06.070 INFORMATION [main] org.apache.catalina.core.ApplicationContext.log SessionListener: contextInitialized()
04-Feb-2025 22:39:06.070 INFORMATION [main] org.apache.catalina.core.ApplicationContext.log ContextListener: attributeAdded('StockTicker', 'async.Stockticker@25c157')
04-Feb-2025 22:40:28.492 INFORMATION [main] org.apache.catalina.core.ApplicationContext.log SessionListener: contextDestroyed()
04-Feb-2025 22:40:28.492 INFORMATION [main] org.apache.catalina.core.ApplicationContext.log ContextListener: contextDestroyed()
04-Feb-2025 22:40:54.009 INFORMATION [main] org.apache.catalina.core.ApplicationContext.log ContextListener: contextInitialized()
04-Feb-2025 22:40:54.009 INFORMATION [main] org.apache.catalina.core.ApplicationContext.log SessionListener: contextInitialized()
04-Feb-2025 22:40:54.010 INFORMATION [main] org.apache.catalina.core.ApplicationContext.log ContextListener: attributeAdded('StockTicker', 'async.Stockticker@3e33fc59')
04-Feb-2025 22:42:19.394 INFORMATION [main] org.apache.catalina.core.ApplicationContext.log SessionListener: contextDestroyed()
04-Feb-2025 22:42:19.394 INFORMATION [main] org.apache.catalina.core.ApplicationContext.log ContextListener: contextDestroyed()
04-Feb-2025 22:42:58.568 INFORMATION [main] org.apache.catalina.core.ApplicationContext.log ContextListener: contextInitialized()
04-Feb-2025 22:42:58.568 INFORMATION [main] org.apache.catalina.core.ApplicationContext.log SessionListener: contextInitialized()
04-Feb-2025 22:42:58.568 INFORMATION [main] org.apache.catalina.core.ApplicationContext.log ContextListener: attributeAdded('StockTicker', 'async.Stockticker@3edb1a08')
04-Feb-2025 22:49:38.533 INFORMATION [main] org.apache.catalina.core.ApplicationContext.log SessionListener: contextDestroyed()
04-Feb-2025 22:49:38.534 INFORMATION [main] org.apache.catalina.core.ApplicationContext.log ContextListener: contextDestroyed()
04-Feb-2025 22:50:03.866 INFORMATION [main] org.apache.catalina.core.ApplicationContext.log ContextListener: contextInitialized()
04-Feb-2025 22:50:03.866 INFORMATION [main] org.apache.catalina.core.ApplicationContext.log SessionListener: contextInitialized()
04-Feb-2025 22:50:03.867 INFORMATION [main] org.apache.catalina.core.ApplicationContext.log ContextListener: attributeAdded('StockTicker', 'async.Stockticker@11b6733a')
04-Feb-2025 22:53:15.882 INFORMATION [main] org.apache.catalina.core.ApplicationContext.log SessionListener: contextDestroyed()
04-Feb-2025 22:53:15.882 INFORMATION [main] org.apache.catalina.core.ApplicationContext.log ContextListener: contextDestroyed()
04-Feb-2025 22:53:29.854 INFORMATION [main] org.apache.catalina.core.ApplicationContext.log ContextListener: contextInitialized()
04-Feb-2025 22:53:29.854 INFORMATION [main] org.apache.catalina.core.ApplicationContext.log SessionListener: contextInitialized()
04-Feb-2025 22:53:29.854 INFORMATION [main] org.apache.catalina.core.ApplicationContext.log ContextListener: attributeAdded('StockTicker', 'async.Stockticker@3ce29724')
04-Feb-2025 22:58:18.133 INFORMATION [main] org.apache.catalina.core.ApplicationContext.log SessionListener: contextDestroyed()
04-Feb-2025 22:58:18.133 INFORMATION [main] org.apache.catalina.core.ApplicationContext.log ContextListener: contextDestroyed()
04-Feb-2025 22:58:59.602 INFORMATION [main] org.apache.catalina.core.ApplicationContext.log ContextListener: contextInitialized()
04-Feb-2025 22:58:59.602 INFORMATION [main] org.apache.catalina.core.ApplicationContext.log SessionListener: contextInitialized()
04-Feb-2025 22:58:59.602 INFORMATION [main] org.apache.catalina.core.ApplicationContext.log ContextListener: attributeAdded('StockTicker', 'async.Stockticker@6b5621d')
04-Feb-2025 23:05:04.744 INFORMATION [main] org.apache.catalina.core.ApplicationContext.log SessionListener: contextDestroyed()
04-Feb-2025 23:05:04.744 INFORMATION [main] org.apache.catalina.core.ApplicationContext.log ContextListener: contextDestroyed()
04-Feb-2025 23:06:17.122 INFORMATION [main] org.apache.catalina.core.ApplicationContext.log ContextListener: contextInitialized()
04-Feb-2025 23:06:17.122 INFORMATION [main] org.apache.catalina.core.ApplicationContext.log SessionListener: contextInitialized()
04-Feb-2025 23:06:17.122 INFORMATION [main] org.apache.catalina.core.ApplicationContext.log ContextListener: attributeAdded('StockTicker', 'async.Stockticker@59d2806a')
04-Feb-2025 23:17:53.824 INFORMATION [main] org.apache.catalina.core.ApplicationContext.log SessionListener: contextDestroyed()
04-Feb-2025 23:17:53.824 INFORMATION [main] org.apache.catalina.core.ApplicationContext.log ContextListener: contextDestroyed()
04-Feb-2025 23:18:25.263 INFORMATION [main] org.apache.catalina.core.ApplicationContext.log ContextListener: contextInitialized()
04-Feb-2025 23:18:25.263 INFORMATION [main] org.apache.catalina.core.ApplicationContext.log SessionListener: contextInitialized()
04-Feb-2025 23:18:25.263 INFORMATION [main] org.apache.catalina.core.ApplicationContext.log ContextListener: attributeAdded('StockTicker', 'async.Stockticker@5fbe8cef')
04-Feb-2025 23:30:44.275 INFORMATION [main] org.apache.catalina.core.ApplicationContext.log SessionListener: contextDestroyed()
04-Feb-2025 23:30:44.275 INFORMATION [main] org.apache.catalina.core.ApplicationContext.log ContextListener: contextDestroyed()
04-Feb-2025 23:31:21.001 INFORMATION [main] org.apache.catalina.core.ApplicationContext.log ContextListener: contextInitialized()
04-Feb-2025 23:31:21.001 INFORMATION [main] org.apache.catalina.core.ApplicationContext.log SessionListener: contextInitialized()
04-Feb-2025 23:31:21.001 INFORMATION [main] org.apache.catalina.core.ApplicationContext.log ContextListener: attributeAdded('StockTicker', 'async.Stockticker@35809185')
04-Feb-2025 23:33:18.305 INFORMATION [main] org.apache.catalina.core.ApplicationContext.log SessionListener: contextDestroyed()
04-Feb-2025 23:33:18.305 INFORMATION [main] org.apache.catalina.core.ApplicationContext.log ContextListener: contextDestroyed()
04-Feb-2025 23:34:39.490 INFORMATION [main] org.apache.catalina.core.ApplicationContext.log ContextListener: contextInitialized()
04-Feb-2025 23:34:39.490 INFORMATION [main] org.apache.catalina.core.ApplicationContext.log SessionListener: contextInitialized()
04-Feb-2025 23:34:39.490 INFORMATION [main] org.apache.catalina.core.ApplicationContext.log ContextListener: attributeAdded('StockTicker', 'async.Stockticker@448f49f')
04-Feb-2025 23:39:20.640 INFORMATION [main] org.apache.catalina.core.ApplicationContext.log SessionListener: contextDestroyed()
04-Feb-2025 23:39:20.640 INFORMATION [main] org.apache.catalina.core.ApplicationContext.log ContextListener: contextDestroyed()
04-Feb-2025 23:39:43.687 INFORMATION [main] org.apache.catalina.core.ApplicationContext.log ContextListener: contextInitialized()
04-Feb-2025 23:39:43.687 INFORMATION [main] org.apache.catalina.core.ApplicationContext.log SessionListener: contextInitialized()
04-Feb-2025 23:39:43.687 INFORMATION [main] org.apache.catalina.core.ApplicationContext.log ContextListener: attributeAdded('StockTicker', 'async.Stockticker@3edb1a08')
04-Feb-2025 23:40:20.854 INFORMATION [main] org.apache.catalina.core.ApplicationContext.log SessionListener: contextDestroyed()
04-Feb-2025 23:40:20.854 INFORMATION [main] org.apache.catalina.core.ApplicationContext.log ContextListener: contextDestroyed()
04-Feb-2025 23:41:00.251 INFORMATION [main] org.apache.catalina.core.ApplicationContext.log ContextListener: contextInitialized()
04-Feb-2025 23:41:00.251 INFORMATION [main] org.apache.catalina.core.ApplicationContext.log SessionListener: contextInitialized()
04-Feb-2025 23:41:00.251 INFORMATION [main] org.apache.catalina.core.ApplicationContext.log ContextListener: attributeAdded('StockTicker', 'async.Stockticker@59d2806a')
